[0.568s] DEBUG:colcon:Command line arguments: ['/usr/bin/colcon', 'build']
[0.568s] DEBUG:colcon:Parsed command line arguments: Namespace(allow_overriding=[], ament_cmake_args=None, base_paths=['.'], build_base='build', catkin_cmake_args=None, catkin_skip_building_tests=False, cmake_args=None, cmake_clean_cache=False, cmake_clean_first=False, cmake_force_configure=False, cmake_target=None, cmake_target_skip_unavailable=False, continue_on_error=False, event_handlers=None, executor='parallel', ignore_user_meta=False, install_base='install', log_base=None, log_level=None, main=<bound method BuildVerb.main of <colcon_core.verb.build.BuildVerb object at 0x7fa9a4a09520>>, merge_install=False, metas=['./colcon.meta'], packages_above=None, packages_above_and_dependencies=None, packages_above_depth=None, packages_end=None, packages_ignore=None, packages_ignore_regex=None, packages_select=None, packages_select_build_failed=False, packages_select_by_dep=None, packages_select_regex=None, packages_select_test_failures=False, packages_skip=None, packages_skip_build_finished=False, packages_skip_by_dep=None, packages_skip_regex=None, packages_skip_test_passed=False, packages_skip_up_to=None, packages_start=None, packages_up_to=None, packages_up_to_regex=None, parallel_workers=2, paths=None, symlink_install=False, test_result_base=None, verb_extension=<colcon_core.verb.build.BuildVerb object at 0x7fa9a4a09520>, verb_name='build', verb_parser=<colcon_defaults.argument_parser.defaults.DefaultArgumentsDecorator object at 0x7fa9a4a09a60>)
[0.644s] Level 1:colcon.colcon_core.package_discovery:discover_packages(colcon_meta) check parameters
[0.644s] Level 1:colcon.colcon_core.package_discovery:discover_packages(recursive) check parameters
[0.644s] Level 1:colcon.colcon_core.package_discovery:discover_packages(ignore) check parameters
[0.644s] Level 1:colcon.colcon_core.package_discovery:discover_packages(path) check parameters
[0.644s] Level 1:colcon.colcon_core.package_discovery:discover_packages(colcon_meta) discover
[0.644s] Level 1:colcon.colcon_core.package_discovery:discover_packages(recursive) discover
[0.644s] INFO:colcon.colcon_core.package_discovery:Crawling recursively for packages in '/home/ros-vm/github/auton_sys-23/utils'
[0.644s] Level 1:colcon.colcon_core.package_identification:_identify(.) by extensions ['ignore', 'ignore_ament_install']
[0.644s] Level 1:colcon.colcon_core.package_identification:_identify(.) by extension 'ignore'
[0.644s] Level 1:colcon.colcon_core.package_identification:_identify(.) by extension 'ignore_ament_install'
[0.645s] Level 1:colcon.colcon_core.package_identification:_identify(.) by extensions ['colcon_pkg']
[0.645s] Level 1:colcon.colcon_core.package_identification:_identify(.) by extension 'colcon_pkg'
[0.645s] Level 1:colcon.colcon_core.package_identification:_identify(.) by extensions ['colcon_meta']
[0.645s] Level 1:colcon.colcon_core.package_identification:_identify(.) by extension 'colcon_meta'
[0.645s] Level 1:colcon.colcon_core.package_identification:_identify(.) by extensions ['ros']
[0.645s] Level 1:colcon.colcon_core.package_identification:_identify(.) by extension 'ros'
[0.665s] Level 1:colcon.colcon_core.package_identification:_identify(.) by extensions ['cmake', 'python']
[0.665s] Level 1:colcon.colcon_core.package_identification:_identify(.) by extension 'cmake'
[0.665s] Level 1:colcon.colcon_core.package_identification:_identify(.) by extension 'python'
[0.665s] Level 1:colcon.colcon_core.package_identification:_identify(.) by extensions ['python_setup_py']
[0.665s] Level 1:colcon.colcon_core.package_identification:_identify(.) by extension 'python_setup_py'
[0.665s] Level 1:colcon.colcon_core.package_identification:_identify(build) by extensions ['ignore', 'ignore_ament_install']
[0.665s] Level 1:colcon.colcon_core.package_identification:_identify(build) by extension 'ignore'
[0.666s] Level 1:colcon.colcon_core.package_identification:_identify(build) ignored
[0.666s] Level 1:colcon.colcon_core.package_identification:_identify(install) by extensions ['ignore', 'ignore_ament_install']
[0.666s] Level 1:colcon.colcon_core.package_identification:_identify(install) by extension 'ignore'
[0.666s] Level 1:colcon.colcon_core.package_identification:_identify(install) ignored
[0.666s] Level 1:colcon.colcon_core.package_identification:_identify(log) by extensions ['ignore', 'ignore_ament_install']
[0.666s] Level 1:colcon.colcon_core.package_identification:_identify(log) by extension 'ignore'
[0.666s] Level 1:colcon.colcon_core.package_identification:_identify(log) ignored
[0.666s] Level 1:colcon.colcon_core.package_identification:_identify(src) by extensions ['ignore', 'ignore_ament_install']
[0.666s] Level 1:colcon.colcon_core.package_identification:_identify(src) by extension 'ignore'
[0.666s] Level 1:colcon.colcon_core.package_identification:_identify(src) by extension 'ignore_ament_install'
[0.666s] Level 1:colcon.colcon_core.package_identification:_identify(src) by extensions ['colcon_pkg']
[0.666s] Level 1:colcon.colcon_core.package_identification:_identify(src) by extension 'colcon_pkg'
[0.667s] Level 1:colcon.colcon_core.package_identification:_identify(src) by extensions ['colcon_meta']
[0.667s] Level 1:colcon.colcon_core.package_identification:_identify(src) by extension 'colcon_meta'
[0.667s] Level 1:colcon.colcon_core.package_identification:_identify(src) by extensions ['ros']
[0.667s] Level 1:colcon.colcon_core.package_identification:_identify(src) by extension 'ros'
[0.667s] Level 1:colcon.colcon_core.package_identification:_identify(src) by extensions ['cmake', 'python']
[0.667s] Level 1:colcon.colcon_core.package_identification:_identify(src) by extension 'cmake'
[0.667s] Level 1:colcon.colcon_core.package_identification:_identify(src) by extension 'python'
[0.667s] Level 1:colcon.colcon_core.package_identification:_identify(src) by extensions ['python_setup_py']
[0.667s] Level 1:colcon.colcon_core.package_identification:_identify(src) by extension 'python_setup_py'
[0.667s] Level 1:colcon.colcon_core.package_identification:_identify(src/rover_utils) by extensions ['ignore', 'ignore_ament_install']
[0.667s] Level 1:colcon.colcon_core.package_identification:_identify(src/rover_utils) by extension 'ignore'
[0.667s] Level 1:colcon.colcon_core.package_identification:_identify(src/rover_utils) by extension 'ignore_ament_install'
[0.667s] Level 1:colcon.colcon_core.package_identification:_identify(src/rover_utils) by extensions ['colcon_pkg']
[0.667s] Level 1:colcon.colcon_core.package_identification:_identify(src/rover_utils) by extension 'colcon_pkg'
[0.667s] Level 1:colcon.colcon_core.package_identification:_identify(src/rover_utils) by extensions ['colcon_meta']
[0.667s] Level 1:colcon.colcon_core.package_identification:_identify(src/rover_utils) by extension 'colcon_meta'
[0.667s] Level 1:colcon.colcon_core.package_identification:_identify(src/rover_utils) by extensions ['ros']
[0.667s] Level 1:colcon.colcon_core.package_identification:_identify(src/rover_utils) by extension 'ros'
[0.680s] DEBUG:colcon.colcon_core.package_identification:Package 'src/rover_utils' with type 'ros.ament_cmake' and name 'rover_utils'
[0.680s] Level 1:colcon.colcon_core.package_discovery:discover_packages(recursive) using defaults
[0.681s] Level 1:colcon.colcon_core.package_discovery:discover_packages(ignore) discover
[0.681s] Level 1:colcon.colcon_core.package_discovery:discover_packages(ignore) using defaults
[0.681s] Level 1:colcon.colcon_core.package_discovery:discover_packages(path) discover
[0.681s] Level 1:colcon.colcon_core.package_discovery:discover_packages(path) using defaults
[0.762s] Level 1:colcon.colcon_core.package_discovery:discover_packages(prefix_path) check parameters
[0.763s] Level 1:colcon.colcon_core.package_discovery:discover_packages(prefix_path) discover
[0.778s] DEBUG:colcon.colcon_installed_package_information.package_discovery:Found 311 installed packages in /home/ros-vm/ros2_foxy/ros2-linux
[0.780s] Level 1:colcon.colcon_core.package_discovery:discover_packages(prefix_path) using defaults
[0.911s] Level 5:colcon.colcon_core.verb:set package 'rover_utils' build argument 'cmake_args' from command line to 'None'
[0.911s] Level 5:colcon.colcon_core.verb:set package 'rover_utils' build argument 'cmake_target' from command line to 'None'
[0.911s] Level 5:colcon.colcon_core.verb:set package 'rover_utils' build argument 'cmake_target_skip_unavailable' from command line to 'False'
[0.911s] Level 5:colcon.colcon_core.verb:set package 'rover_utils' build argument 'cmake_clean_cache' from command line to 'False'
[0.911s] Level 5:colcon.colcon_core.verb:set package 'rover_utils' build argument 'cmake_clean_first' from command line to 'False'
[0.911s] Level 5:colcon.colcon_core.verb:set package 'rover_utils' build argument 'cmake_force_configure' from command line to 'False'
[0.912s] Level 5:colcon.colcon_core.verb:set package 'rover_utils' build argument 'ament_cmake_args' from command line to 'None'
[0.912s] Level 5:colcon.colcon_core.verb:set package 'rover_utils' build argument 'catkin_cmake_args' from command line to 'None'
[0.912s] Level 5:colcon.colcon_core.verb:set package 'rover_utils' build argument 'catkin_skip_building_tests' from command line to 'False'
[0.912s] DEBUG:colcon.colcon_core.verb:Building package 'rover_utils' with the following arguments: {'ament_cmake_args': None, 'build_base': '/home/ros-vm/github/auton_sys-23/utils/build/rover_utils', 'catkin_cmake_args': None, 'catkin_skip_building_tests': False, 'cmake_args': None, 'cmake_clean_cache': False, 'cmake_clean_first': False, 'cmake_force_configure': False, 'cmake_target': None, 'cmake_target_skip_unavailable': False, 'install_base': '/home/ros-vm/github/auton_sys-23/utils/install/rover_utils', 'merge_install': False, 'path': '/home/ros-vm/github/auton_sys-23/utils/src/rover_utils', 'symlink_install': False, 'test_result_base': None}
[0.912s] INFO:colcon.colcon_core.executor:Executing jobs using 'parallel' executor
[0.920s] DEBUG:colcon.colcon_parallel_executor.executor.parallel:run_until_complete
[0.920s] INFO:colcon.colcon_ros.task.ament_cmake.build:Building ROS package in '/home/ros-vm/github/auton_sys-23/utils/src/rover_utils' with build type 'ament_cmake'
[0.921s] INFO:colcon.colcon_cmake.task.cmake.build:Building CMake package in '/home/ros-vm/github/auton_sys-23/utils/src/rover_utils'
[0.935s] INFO:colcon.colcon_core.plugin_system:Skipping extension 'colcon_core.shell.bat': Not used on non-Windows systems
[0.935s] INFO:colcon.colcon_core.shell:Skip shell extension 'powershell' for command environment: Not usable outside of PowerShell
[0.935s] DEBUG:colcon.colcon_core.shell:Skip shell extension 'dsv' for command environment
[0.980s] DEBUG:colcon.colcon_core.event_handler.log_command:Invoking command in '/home/ros-vm/github/auton_sys-23/utils/build/rover_utils': /usr/bin/cmake --build /home/ros-vm/github/auton_sys-23/utils/build/rover_utils -- -j2 -l2
[15.092s] DEBUG:colcon.colcon_core.event_handler.log_command:Invoked command in '/home/ros-vm/github/auton_sys-23/utils/build/rover_utils' returned '0': /usr/bin/cmake --build /home/ros-vm/github/auton_sys-23/utils/build/rover_utils -- -j2 -l2
[15.221s] DEBUG:colcon.colcon_core.event_handler.log_command:Invoking command in '/home/ros-vm/github/auton_sys-23/utils/build/rover_utils': /usr/bin/cmake --install /home/ros-vm/github/auton_sys-23/utils/build/rover_utils
[15.353s] Level 1:colcon.colcon_core.environment:create_environment_scripts_only(rover_utils)
[15.354s] DEBUG:colcon.colcon_core.event_handler.log_command:Invoked command in '/home/ros-vm/github/auton_sys-23/utils/build/rover_utils' returned '0': /usr/bin/cmake --install /home/ros-vm/github/auton_sys-23/utils/build/rover_utils
[15.365s] Level 1:colcon.colcon_core.environment:checking '/home/ros-vm/github/auton_sys-23/utils/install/rover_utils' for CMake module files
[15.366s] Level 1:colcon.colcon_core.environment:checking '/home/ros-vm/github/auton_sys-23/utils/install/rover_utils' for CMake config files
[15.367s] Level 1:colcon.colcon_core.shell:create_environment_hook('rover_utils', 'cmake_prefix_path')
[15.368s] INFO:colcon.colcon_core.shell:Creating environment hook '/home/ros-vm/github/auton_sys-23/utils/install/rover_utils/share/rover_utils/hook/cmake_prefix_path.ps1'
[15.371s] INFO:colcon.colcon_core.shell:Creating environment descriptor '/home/ros-vm/github/auton_sys-23/utils/install/rover_utils/share/rover_utils/hook/cmake_prefix_path.dsv'
[15.373s] INFO:colcon.colcon_core.shell:Creating environment hook '/home/ros-vm/github/auton_sys-23/utils/install/rover_utils/share/rover_utils/hook/cmake_prefix_path.sh'
[15.376s] Level 1:colcon.colcon_core.environment:checking '/home/ros-vm/github/auton_sys-23/utils/install/rover_utils/lib'
[15.376s] Level 1:colcon.colcon_core.shell:create_environment_hook('rover_utils', 'ld_library_path_lib')
[15.378s] INFO:colcon.colcon_core.shell:Creating environment hook '/home/ros-vm/github/auton_sys-23/utils/install/rover_utils/share/rover_utils/hook/ld_library_path_lib.ps1'
[15.379s] INFO:colcon.colcon_core.shell:Creating environment descriptor '/home/ros-vm/github/auton_sys-23/utils/install/rover_utils/share/rover_utils/hook/ld_library_path_lib.dsv'
[15.379s] INFO:colcon.colcon_core.shell:Creating environment hook '/home/ros-vm/github/auton_sys-23/utils/install/rover_utils/share/rover_utils/hook/ld_library_path_lib.sh'
[15.380s] Level 1:colcon.colcon_core.environment:checking '/home/ros-vm/github/auton_sys-23/utils/install/rover_utils/bin'
[15.380s] Level 1:colcon.colcon_core.environment:checking '/home/ros-vm/github/auton_sys-23/utils/install/rover_utils/lib/pkgconfig/rover_utils.pc'
[15.381s] Level 1:colcon.colcon_core.environment:checking '/home/ros-vm/github/auton_sys-23/utils/install/rover_utils/lib/python3.8/site-packages'
[15.381s] Level 1:colcon.colcon_core.shell:create_environment_hook('rover_utils', 'pythonpath')
[15.382s] INFO:colcon.colcon_core.shell:Creating environment hook '/home/ros-vm/github/auton_sys-23/utils/install/rover_utils/share/rover_utils/hook/pythonpath.ps1'
[15.383s] INFO:colcon.colcon_core.shell:Creating environment descriptor '/home/ros-vm/github/auton_sys-23/utils/install/rover_utils/share/rover_utils/hook/pythonpath.dsv'
[15.384s] INFO:colcon.colcon_core.shell:Creating environment hook '/home/ros-vm/github/auton_sys-23/utils/install/rover_utils/share/rover_utils/hook/pythonpath.sh'
[15.385s] Level 1:colcon.colcon_core.environment:checking '/home/ros-vm/github/auton_sys-23/utils/install/rover_utils/bin'
[15.386s] INFO:colcon.colcon_core.shell:Creating package script '/home/ros-vm/github/auton_sys-23/utils/install/rover_utils/share/rover_utils/package.ps1'
[15.388s] INFO:colcon.colcon_core.shell:Creating package descriptor '/home/ros-vm/github/auton_sys-23/utils/install/rover_utils/share/rover_utils/package.dsv'
[15.389s] INFO:colcon.colcon_core.shell:Creating package script '/home/ros-vm/github/auton_sys-23/utils/install/rover_utils/share/rover_utils/package.sh'
[15.390s] INFO:colcon.colcon_core.shell:Creating package script '/home/ros-vm/github/auton_sys-23/utils/install/rover_utils/share/rover_utils/package.bash'
[15.391s] INFO:colcon.colcon_core.shell:Creating package script '/home/ros-vm/github/auton_sys-23/utils/install/rover_utils/share/rover_utils/package.zsh'
[15.392s] Level 1:colcon.colcon_core.environment:create_file_with_runtime_dependencies(/home/ros-vm/github/auton_sys-23/utils/install/rover_utils/share/colcon-core/packages/rover_utils)
[15.522s] Level 1:colcon.colcon_core.environment:create_environment_scripts_only(rover_utils)
[15.524s] Level 1:colcon.colcon_core.environment:checking '/home/ros-vm/github/auton_sys-23/utils/install/rover_utils' for CMake module files
[15.524s] Level 1:colcon.colcon_core.environment:checking '/home/ros-vm/github/auton_sys-23/utils/install/rover_utils' for CMake config files
[15.525s] Level 1:colcon.colcon_core.shell:create_environment_hook('rover_utils', 'cmake_prefix_path')
[15.527s] INFO:colcon.colcon_core.shell:Creating environment hook '/home/ros-vm/github/auton_sys-23/utils/install/rover_utils/share/rover_utils/hook/cmake_prefix_path.ps1'
[15.528s] INFO:colcon.colcon_core.shell:Creating environment descriptor '/home/ros-vm/github/auton_sys-23/utils/install/rover_utils/share/rover_utils/hook/cmake_prefix_path.dsv'
[15.528s] INFO:colcon.colcon_core.shell:Creating environment hook '/home/ros-vm/github/auton_sys-23/utils/install/rover_utils/share/rover_utils/hook/cmake_prefix_path.sh'
[15.529s] Level 1:colcon.colcon_core.environment:checking '/home/ros-vm/github/auton_sys-23/utils/install/rover_utils/lib'
[15.529s] Level 1:colcon.colcon_core.shell:create_environment_hook('rover_utils', 'ld_library_path_lib')
[15.531s] INFO:colcon.colcon_core.shell:Creating environment hook '/home/ros-vm/github/auton_sys-23/utils/install/rover_utils/share/rover_utils/hook/ld_library_path_lib.ps1'
[15.531s] INFO:colcon.colcon_core.shell:Creating environment descriptor '/home/ros-vm/github/auton_sys-23/utils/install/rover_utils/share/rover_utils/hook/ld_library_path_lib.dsv'
[15.532s] INFO:colcon.colcon_core.shell:Creating environment hook '/home/ros-vm/github/auton_sys-23/utils/install/rover_utils/share/rover_utils/hook/ld_library_path_lib.sh'
[15.532s] Level 1:colcon.colcon_core.environment:checking '/home/ros-vm/github/auton_sys-23/utils/install/rover_utils/bin'
[15.533s] Level 1:colcon.colcon_core.environment:checking '/home/ros-vm/github/auton_sys-23/utils/install/rover_utils/lib/pkgconfig/rover_utils.pc'
[15.533s] Level 1:colcon.colcon_core.environment:checking '/home/ros-vm/github/auton_sys-23/utils/install/rover_utils/lib/python3.8/site-packages'
[15.533s] Level 1:colcon.colcon_core.shell:create_environment_hook('rover_utils', 'pythonpath')
[15.534s] INFO:colcon.colcon_core.shell:Creating environment hook '/home/ros-vm/github/auton_sys-23/utils/install/rover_utils/share/rover_utils/hook/pythonpath.ps1'
[15.536s] INFO:colcon.colcon_core.shell:Creating environment descriptor '/home/ros-vm/github/auton_sys-23/utils/install/rover_utils/share/rover_utils/hook/pythonpath.dsv'
[15.537s] INFO:colcon.colcon_core.shell:Creating environment hook '/home/ros-vm/github/auton_sys-23/utils/install/rover_utils/share/rover_utils/hook/pythonpath.sh'
[15.538s] Level 1:colcon.colcon_core.environment:checking '/home/ros-vm/github/auton_sys-23/utils/install/rover_utils/bin'
[15.539s] INFO:colcon.colcon_core.shell:Creating package script '/home/ros-vm/github/auton_sys-23/utils/install/rover_utils/share/rover_utils/package.ps1'
[15.540s] INFO:colcon.colcon_core.shell:Creating package descriptor '/home/ros-vm/github/auton_sys-23/utils/install/rover_utils/share/rover_utils/package.dsv'
[15.541s] INFO:colcon.colcon_core.shell:Creating package script '/home/ros-vm/github/auton_sys-23/utils/install/rover_utils/share/rover_utils/package.sh'
[15.542s] INFO:colcon.colcon_core.shell:Creating package script '/home/ros-vm/github/auton_sys-23/utils/install/rover_utils/share/rover_utils/package.bash'
[15.542s] INFO:colcon.colcon_core.shell:Creating package script '/home/ros-vm/github/auton_sys-23/utils/install/rover_utils/share/rover_utils/package.zsh'
[15.543s] Level 1:colcon.colcon_core.environment:create_file_with_runtime_dependencies(/home/ros-vm/github/auton_sys-23/utils/install/rover_utils/share/colcon-core/packages/rover_utils)
[15.546s] DEBUG:colcon.colcon_parallel_executor.executor.parallel:closing loop
[15.547s] DEBUG:colcon.colcon_parallel_executor.executor.parallel:loop closed
[15.547s] DEBUG:colcon.colcon_parallel_executor.executor.parallel:run_until_complete finished with '0'
[15.548s] DEBUG:colcon.colcon_core.event_reactor:joining thread
[15.564s] INFO:colcon.colcon_core.plugin_system:Skipping extension 'colcon_notification.desktop_notification.terminal_notifier': Not used on non-Darwin systems
[15.565s] INFO:colcon.colcon_core.plugin_system:Skipping extension 'colcon_notification.desktop_notification.win32': Not used on non-Windows systems
[15.565s] INFO:colcon.colcon_notification.desktop_notification:Sending desktop notification using 'notify2'
[15.590s] DEBUG:colcon.colcon_core.event_reactor:joined thread
[15.592s] INFO:colcon.colcon_core.shell:Creating prefix script '/home/ros-vm/github/auton_sys-23/utils/install/local_setup.ps1'
[15.594s] INFO:colcon.colcon_core.shell:Creating prefix util module '/home/ros-vm/github/auton_sys-23/utils/install/_local_setup_util_ps1.py'
[15.600s] INFO:colcon.colcon_core.shell:Creating prefix chain script '/home/ros-vm/github/auton_sys-23/utils/install/setup.ps1'
[15.603s] INFO:colcon.colcon_core.shell:Creating prefix script '/home/ros-vm/github/auton_sys-23/utils/install/local_setup.sh'
[15.605s] INFO:colcon.colcon_core.shell:Creating prefix util module '/home/ros-vm/github/auton_sys-23/utils/install/_local_setup_util_sh.py'
[15.606s] INFO:colcon.colcon_core.shell:Creating prefix chain script '/home/ros-vm/github/auton_sys-23/utils/install/setup.sh'
[15.609s] INFO:colcon.colcon_core.shell:Creating prefix script '/home/ros-vm/github/auton_sys-23/utils/install/local_setup.bash'
[15.611s] INFO:colcon.colcon_core.shell:Creating prefix chain script '/home/ros-vm/github/auton_sys-23/utils/install/setup.bash'
[15.613s] INFO:colcon.colcon_core.shell:Creating prefix script '/home/ros-vm/github/auton_sys-23/utils/install/local_setup.zsh'
[15.614s] INFO:colcon.colcon_core.shell:Creating prefix chain script '/home/ros-vm/github/auton_sys-23/utils/install/setup.zsh'
