[0.154s] DEBUG:colcon:Command line arguments: ['/usr/bin/colcon', 'build']
[0.154s] DEBUG:colcon:Parsed command line arguments: Namespace(allow_overriding=[], ament_cmake_args=None, base_paths=['.'], build_base='build', catkin_cmake_args=None, catkin_skip_building_tests=False, cmake_args=None, cmake_clean_cache=False, cmake_clean_first=False, cmake_force_configure=False, cmake_target=None, cmake_target_skip_unavailable=False, continue_on_error=False, event_handlers=None, executor='parallel', ignore_user_meta=False, install_base='install', log_base=None, log_level=None, main=<bound method BuildVerb.main of <colcon_core.verb.build.BuildVerb object at 0x7fdb8ce23340>>, merge_install=False, metas=['./colcon.meta'], packages_above=None, packages_above_and_dependencies=None, packages_above_depth=None, packages_end=None, packages_ignore=None, packages_ignore_regex=None, packages_select=None, packages_select_build_failed=False, packages_select_by_dep=None, packages_select_regex=None, packages_select_test_failures=False, packages_skip=None, packages_skip_build_finished=False, packages_skip_by_dep=None, packages_skip_regex=None, packages_skip_test_passed=False, packages_skip_up_to=None, packages_start=None, packages_up_to=None, packages_up_to_regex=None, parallel_workers=2, paths=None, symlink_install=False, test_result_base=None, verb_extension=<colcon_core.verb.build.BuildVerb object at 0x7fdb8ce23340>, verb_name='build', verb_parser=<colcon_defaults.argument_parser.defaults.DefaultArgumentsDecorator object at 0x7fdb8ce23880>)
[0.180s] Level 1:colcon.colcon_core.package_discovery:discover_packages(colcon_meta) check parameters
[0.180s] Level 1:colcon.colcon_core.package_discovery:discover_packages(recursive) check parameters
[0.180s] Level 1:colcon.colcon_core.package_discovery:discover_packages(ignore) check parameters
[0.180s] Level 1:colcon.colcon_core.package_discovery:discover_packages(path) check parameters
[0.180s] Level 1:colcon.colcon_core.package_discovery:discover_packages(colcon_meta) discover
[0.180s] Level 1:colcon.colcon_core.package_discovery:discover_packages(recursive) discover
[0.180s] INFO:colcon.colcon_core.package_discovery:Crawling recursively for packages in '/home/ros-vm/github/auton_sys-23/utils'
[0.180s] Level 1:colcon.colcon_core.package_identification:_identify(.) by extensions ['ignore', 'ignore_ament_install']
[0.181s] Level 1:colcon.colcon_core.package_identification:_identify(.) by extension 'ignore'
[0.181s] Level 1:colcon.colcon_core.package_identification:_identify(.) by extension 'ignore_ament_install'
[0.181s] Level 1:colcon.colcon_core.package_identification:_identify(.) by extensions ['colcon_pkg']
[0.181s] Level 1:colcon.colcon_core.package_identification:_identify(.) by extension 'colcon_pkg'
[0.181s] Level 1:colcon.colcon_core.package_identification:_identify(.) by extensions ['colcon_meta']
[0.181s] Level 1:colcon.colcon_core.package_identification:_identify(.) by extension 'colcon_meta'
[0.181s] Level 1:colcon.colcon_core.package_identification:_identify(.) by extensions ['ros']
[0.181s] Level 1:colcon.colcon_core.package_identification:_identify(.) by extension 'ros'
[0.192s] Level 1:colcon.colcon_core.package_identification:_identify(.) by extensions ['cmake', 'python']
[0.192s] Level 1:colcon.colcon_core.package_identification:_identify(.) by extension 'cmake'
[0.192s] Level 1:colcon.colcon_core.package_identification:_identify(.) by extension 'python'
[0.192s] Level 1:colcon.colcon_core.package_identification:_identify(.) by extensions ['python_setup_py']
[0.192s] Level 1:colcon.colcon_core.package_identification:_identify(.) by extension 'python_setup_py'
[0.193s] Level 1:colcon.colcon_core.package_identification:_identify(build) by extensions ['ignore', 'ignore_ament_install']
[0.193s] Level 1:colcon.colcon_core.package_identification:_identify(build) by extension 'ignore'
[0.193s] Level 1:colcon.colcon_core.package_identification:_identify(build) ignored
[0.193s] Level 1:colcon.colcon_core.package_identification:_identify(install) by extensions ['ignore', 'ignore_ament_install']
[0.193s] Level 1:colcon.colcon_core.package_identification:_identify(install) by extension 'ignore'
[0.193s] Level 1:colcon.colcon_core.package_identification:_identify(install) ignored
[0.193s] Level 1:colcon.colcon_core.package_identification:_identify(log) by extensions ['ignore', 'ignore_ament_install']
[0.193s] Level 1:colcon.colcon_core.package_identification:_identify(log) by extension 'ignore'
[0.194s] Level 1:colcon.colcon_core.package_identification:_identify(log) ignored
[0.194s] Level 1:colcon.colcon_core.package_identification:_identify(src) by extensions ['ignore', 'ignore_ament_install']
[0.194s] Level 1:colcon.colcon_core.package_identification:_identify(src) by extension 'ignore'
[0.194s] Level 1:colcon.colcon_core.package_identification:_identify(src) by extension 'ignore_ament_install'
[0.194s] Level 1:colcon.colcon_core.package_identification:_identify(src) by extensions ['colcon_pkg']
[0.194s] Level 1:colcon.colcon_core.package_identification:_identify(src) by extension 'colcon_pkg'
[0.194s] Level 1:colcon.colcon_core.package_identification:_identify(src) by extensions ['colcon_meta']
[0.194s] Level 1:colcon.colcon_core.package_identification:_identify(src) by extension 'colcon_meta'
[0.194s] Level 1:colcon.colcon_core.package_identification:_identify(src) by extensions ['ros']
[0.194s] Level 1:colcon.colcon_core.package_identification:_identify(src) by extension 'ros'
[0.194s] Level 1:colcon.colcon_core.package_identification:_identify(src) by extensions ['cmake', 'python']
[0.194s] Level 1:colcon.colcon_core.package_identification:_identify(src) by extension 'cmake'
[0.194s] Level 1:colcon.colcon_core.package_identification:_identify(src) by extension 'python'
[0.195s] Level 1:colcon.colcon_core.package_identification:_identify(src) by extensions ['python_setup_py']
[0.195s] Level 1:colcon.colcon_core.package_identification:_identify(src) by extension 'python_setup_py'
[0.195s] Level 1:colcon.colcon_core.package_identification:_identify(src/rover_utils) by extensions ['ignore', 'ignore_ament_install']
[0.195s] Level 1:colcon.colcon_core.package_identification:_identify(src/rover_utils) by extension 'ignore'
[0.195s] Level 1:colcon.colcon_core.package_identification:_identify(src/rover_utils) by extension 'ignore_ament_install'
[0.195s] Level 1:colcon.colcon_core.package_identification:_identify(src/rover_utils) by extensions ['colcon_pkg']
[0.195s] Level 1:colcon.colcon_core.package_identification:_identify(src/rover_utils) by extension 'colcon_pkg'
[0.195s] Level 1:colcon.colcon_core.package_identification:_identify(src/rover_utils) by extensions ['colcon_meta']
[0.195s] Level 1:colcon.colcon_core.package_identification:_identify(src/rover_utils) by extension 'colcon_meta'
[0.195s] Level 1:colcon.colcon_core.package_identification:_identify(src/rover_utils) by extensions ['ros']
[0.195s] Level 1:colcon.colcon_core.package_identification:_identify(src/rover_utils) by extension 'ros'
[0.198s] DEBUG:colcon.colcon_core.package_identification:Package 'src/rover_utils' with type 'ros.ament_cmake' and name 'rover_utils'
[0.198s] Level 1:colcon.colcon_core.package_discovery:discover_packages(recursive) using defaults
[0.198s] Level 1:colcon.colcon_core.package_discovery:discover_packages(ignore) discover
[0.198s] Level 1:colcon.colcon_core.package_discovery:discover_packages(ignore) using defaults
[0.198s] Level 1:colcon.colcon_core.package_discovery:discover_packages(path) discover
[0.198s] Level 1:colcon.colcon_core.package_discovery:discover_packages(path) using defaults
[0.229s] Level 1:colcon.colcon_core.package_discovery:discover_packages(prefix_path) check parameters
[0.230s] Level 1:colcon.colcon_core.package_discovery:discover_packages(prefix_path) discover
[0.232s] DEBUG:colcon.colcon_installed_package_information.package_discovery:Found 1 installed packages in /home/ros-vm/github/auton_sys-23/utils/install
[0.239s] DEBUG:colcon.colcon_installed_package_information.package_discovery:Found 311 installed packages in /home/ros-vm/ros2_foxy/ros2-linux
[0.241s] Level 1:colcon.colcon_core.package_discovery:discover_packages(prefix_path) using defaults
[0.267s] Level 5:colcon.colcon_core.verb:set package 'rover_utils' build argument 'cmake_args' from command line to 'None'
[0.267s] Level 5:colcon.colcon_core.verb:set package 'rover_utils' build argument 'cmake_target' from command line to 'None'
[0.267s] Level 5:colcon.colcon_core.verb:set package 'rover_utils' build argument 'cmake_target_skip_unavailable' from command line to 'False'
[0.267s] Level 5:colcon.colcon_core.verb:set package 'rover_utils' build argument 'cmake_clean_cache' from command line to 'False'
[0.267s] Level 5:colcon.colcon_core.verb:set package 'rover_utils' build argument 'cmake_clean_first' from command line to 'False'
[0.267s] Level 5:colcon.colcon_core.verb:set package 'rover_utils' build argument 'cmake_force_configure' from command line to 'False'
[0.267s] Level 5:colcon.colcon_core.verb:set package 'rover_utils' build argument 'ament_cmake_args' from command line to 'None'
[0.267s] Level 5:colcon.colcon_core.verb:set package 'rover_utils' build argument 'catkin_cmake_args' from command line to 'None'
[0.267s] Level 5:colcon.colcon_core.verb:set package 'rover_utils' build argument 'catkin_skip_building_tests' from command line to 'False'
[0.267s] DEBUG:colcon.colcon_core.verb:Building package 'rover_utils' with the following arguments: {'ament_cmake_args': None, 'build_base': '/home/ros-vm/github/auton_sys-23/utils/build/rover_utils', 'catkin_cmake_args': None, 'catkin_skip_building_tests': False, 'cmake_args': None, 'cmake_clean_cache': False, 'cmake_clean_first': False, 'cmake_force_configure': False, 'cmake_target': None, 'cmake_target_skip_unavailable': False, 'install_base': '/home/ros-vm/github/auton_sys-23/utils/install/rover_utils', 'merge_install': False, 'path': '/home/ros-vm/github/auton_sys-23/utils/src/rover_utils', 'symlink_install': False, 'test_result_base': None}
[0.268s] INFO:colcon.colcon_core.executor:Executing jobs using 'parallel' executor
[0.272s] DEBUG:colcon.colcon_parallel_executor.executor.parallel:run_until_complete
[0.273s] INFO:colcon.colcon_ros.task.ament_cmake.build:Building ROS package in '/home/ros-vm/github/auton_sys-23/utils/src/rover_utils' with build type 'ament_cmake'
[0.274s] INFO:colcon.colcon_cmake.task.cmake.build:Building CMake package in '/home/ros-vm/github/auton_sys-23/utils/src/rover_utils'
[0.279s] INFO:colcon.colcon_core.plugin_system:Skipping extension 'colcon_core.shell.bat': Not used on non-Windows systems
[0.279s] INFO:colcon.colcon_core.shell:Skip shell extension 'powershell' for command environment: Not usable outside of PowerShell
[0.279s] DEBUG:colcon.colcon_core.shell:Skip shell extension 'dsv' for command environment
[0.315s] DEBUG:colcon.colcon_core.event_handler.log_command:Invoking command in '/home/ros-vm/github/auton_sys-23/utils/build/rover_utils': /usr/bin/cmake --build /home/ros-vm/github/auton_sys-23/utils/build/rover_utils -- -j2 -l2
[10.607s] DEBUG:colcon.colcon_core.event_handler.log_command:Invoked command in '/home/ros-vm/github/auton_sys-23/utils/build/rover_utils' returned '0': /usr/bin/cmake --build /home/ros-vm/github/auton_sys-23/utils/build/rover_utils -- -j2 -l2
[10.777s] DEBUG:colcon.colcon_core.event_handler.log_command:Invoking command in '/home/ros-vm/github/auton_sys-23/utils/build/rover_utils': /usr/bin/cmake --install /home/ros-vm/github/auton_sys-23/utils/build/rover_utils
[10.871s] Level 1:colcon.colcon_core.environment:create_environment_scripts_only(rover_utils)
[10.881s] Level 1:colcon.colcon_core.environment:checking '/home/ros-vm/github/auton_sys-23/utils/install/rover_utils' for CMake module files
[10.884s] Level 1:colcon.colcon_core.environment:checking '/home/ros-vm/github/auton_sys-23/utils/install/rover_utils' for CMake config files
[10.885s] Level 1:colcon.colcon_core.shell:create_environment_hook('rover_utils', 'cmake_prefix_path')
[10.887s] INFO:colcon.colcon_core.shell:Creating environment hook '/home/ros-vm/github/auton_sys-23/utils/install/rover_utils/share/rover_utils/hook/cmake_prefix_path.ps1'
[10.890s] INFO:colcon.colcon_core.shell:Creating environment descriptor '/home/ros-vm/github/auton_sys-23/utils/install/rover_utils/share/rover_utils/hook/cmake_prefix_path.dsv'
[10.892s] INFO:colcon.colcon_core.shell:Creating environment hook '/home/ros-vm/github/auton_sys-23/utils/install/rover_utils/share/rover_utils/hook/cmake_prefix_path.sh'
[10.895s] Level 1:colcon.colcon_core.environment:checking '/home/ros-vm/github/auton_sys-23/utils/install/rover_utils/lib'
[10.895s] Level 1:colcon.colcon_core.shell:create_environment_hook('rover_utils', 'ld_library_path_lib')
[10.898s] INFO:colcon.colcon_core.shell:Creating environment hook '/home/ros-vm/github/auton_sys-23/utils/install/rover_utils/share/rover_utils/hook/ld_library_path_lib.ps1'
[10.900s] INFO:colcon.colcon_core.shell:Creating environment descriptor '/home/ros-vm/github/auton_sys-23/utils/install/rover_utils/share/rover_utils/hook/ld_library_path_lib.dsv'
[10.900s] INFO:colcon.colcon_core.shell:Creating environment hook '/home/ros-vm/github/auton_sys-23/utils/install/rover_utils/share/rover_utils/hook/ld_library_path_lib.sh'
[10.903s] Level 1:colcon.colcon_core.environment:checking '/home/ros-vm/github/auton_sys-23/utils/install/rover_utils/bin'
[10.903s] Level 1:colcon.colcon_core.environment:checking '/home/ros-vm/github/auton_sys-23/utils/install/rover_utils/lib/pkgconfig/rover_utils.pc'
[10.904s] Level 1:colcon.colcon_core.environment:checking '/home/ros-vm/github/auton_sys-23/utils/install/rover_utils/lib/python3.8/site-packages'
[10.904s] Level 1:colcon.colcon_core.shell:create_environment_hook('rover_utils', 'pythonpath')
[10.905s] INFO:colcon.colcon_core.shell:Creating environment hook '/home/ros-vm/github/auton_sys-23/utils/install/rover_utils/share/rover_utils/hook/pythonpath.ps1'
[10.906s] DEBUG:colcon.colcon_core.event_handler.log_command:Invoked command in '/home/ros-vm/github/auton_sys-23/utils/build/rover_utils' returned '0': /usr/bin/cmake --install /home/ros-vm/github/auton_sys-23/utils/build/rover_utils
[10.907s] INFO:colcon.colcon_core.shell:Creating environment descriptor '/home/ros-vm/github/auton_sys-23/utils/install/rover_utils/share/rover_utils/hook/pythonpath.dsv'
[10.907s] INFO:colcon.colcon_core.shell:Creating environment hook '/home/ros-vm/github/auton_sys-23/utils/install/rover_utils/share/rover_utils/hook/pythonpath.sh'
[10.908s] Level 1:colcon.colcon_core.environment:checking '/home/ros-vm/github/auton_sys-23/utils/install/rover_utils/bin'
[10.910s] INFO:colcon.colcon_core.shell:Creating package script '/home/ros-vm/github/auton_sys-23/utils/install/rover_utils/share/rover_utils/package.ps1'
[10.913s] INFO:colcon.colcon_core.shell:Creating package descriptor '/home/ros-vm/github/auton_sys-23/utils/install/rover_utils/share/rover_utils/package.dsv'
[10.916s] INFO:colcon.colcon_core.shell:Creating package script '/home/ros-vm/github/auton_sys-23/utils/install/rover_utils/share/rover_utils/package.sh'
[10.918s] INFO:colcon.colcon_core.shell:Creating package script '/home/ros-vm/github/auton_sys-23/utils/install/rover_utils/share/rover_utils/package.bash'
[10.919s] INFO:colcon.colcon_core.shell:Creating package script '/home/ros-vm/github/auton_sys-23/utils/install/rover_utils/share/rover_utils/package.zsh'
[10.920s] Level 1:colcon.colcon_core.environment:create_file_with_runtime_dependencies(/home/ros-vm/github/auton_sys-23/utils/install/rover_utils/share/colcon-core/packages/rover_utils)
[11.084s] Level 1:colcon.colcon_core.environment:create_environment_scripts_only(rover_utils)
[11.086s] Level 1:colcon.colcon_core.environment:checking '/home/ros-vm/github/auton_sys-23/utils/install/rover_utils' for CMake module files
[11.087s] Level 1:colcon.colcon_core.environment:checking '/home/ros-vm/github/auton_sys-23/utils/install/rover_utils' for CMake config files
[11.087s] Level 1:colcon.colcon_core.shell:create_environment_hook('rover_utils', 'cmake_prefix_path')
[11.088s] INFO:colcon.colcon_core.shell:Creating environment hook '/home/ros-vm/github/auton_sys-23/utils/install/rover_utils/share/rover_utils/hook/cmake_prefix_path.ps1'
[11.090s] INFO:colcon.colcon_core.shell:Creating environment descriptor '/home/ros-vm/github/auton_sys-23/utils/install/rover_utils/share/rover_utils/hook/cmake_prefix_path.dsv'
[11.092s] INFO:colcon.colcon_core.shell:Creating environment hook '/home/ros-vm/github/auton_sys-23/utils/install/rover_utils/share/rover_utils/hook/cmake_prefix_path.sh'
[11.093s] Level 1:colcon.colcon_core.environment:checking '/home/ros-vm/github/auton_sys-23/utils/install/rover_utils/lib'
[11.093s] Level 1:colcon.colcon_core.shell:create_environment_hook('rover_utils', 'ld_library_path_lib')
[11.095s] INFO:colcon.colcon_core.shell:Creating environment hook '/home/ros-vm/github/auton_sys-23/utils/install/rover_utils/share/rover_utils/hook/ld_library_path_lib.ps1'
[11.096s] INFO:colcon.colcon_core.shell:Creating environment descriptor '/home/ros-vm/github/auton_sys-23/utils/install/rover_utils/share/rover_utils/hook/ld_library_path_lib.dsv'
[11.097s] INFO:colcon.colcon_core.shell:Creating environment hook '/home/ros-vm/github/auton_sys-23/utils/install/rover_utils/share/rover_utils/hook/ld_library_path_lib.sh'
[11.098s] Level 1:colcon.colcon_core.environment:checking '/home/ros-vm/github/auton_sys-23/utils/install/rover_utils/bin'
[11.098s] Level 1:colcon.colcon_core.environment:checking '/home/ros-vm/github/auton_sys-23/utils/install/rover_utils/lib/pkgconfig/rover_utils.pc'
[11.098s] Level 1:colcon.colcon_core.environment:checking '/home/ros-vm/github/auton_sys-23/utils/install/rover_utils/lib/python3.8/site-packages'
[11.099s] Level 1:colcon.colcon_core.shell:create_environment_hook('rover_utils', 'pythonpath')
[11.101s] INFO:colcon.colcon_core.shell:Creating environment hook '/home/ros-vm/github/auton_sys-23/utils/install/rover_utils/share/rover_utils/hook/pythonpath.ps1'
[11.105s] INFO:colcon.colcon_core.shell:Creating environment descriptor '/home/ros-vm/github/auton_sys-23/utils/install/rover_utils/share/rover_utils/hook/pythonpath.dsv'
[11.106s] INFO:colcon.colcon_core.shell:Creating environment hook '/home/ros-vm/github/auton_sys-23/utils/install/rover_utils/share/rover_utils/hook/pythonpath.sh'
[11.107s] Level 1:colcon.colcon_core.environment:checking '/home/ros-vm/github/auton_sys-23/utils/install/rover_utils/bin'
[11.109s] INFO:colcon.colcon_core.shell:Creating package script '/home/ros-vm/github/auton_sys-23/utils/install/rover_utils/share/rover_utils/package.ps1'
[11.110s] INFO:colcon.colcon_core.shell:Creating package descriptor '/home/ros-vm/github/auton_sys-23/utils/install/rover_utils/share/rover_utils/package.dsv'
[11.111s] INFO:colcon.colcon_core.shell:Creating package script '/home/ros-vm/github/auton_sys-23/utils/install/rover_utils/share/rover_utils/package.sh'
[11.112s] INFO:colcon.colcon_core.shell:Creating package script '/home/ros-vm/github/auton_sys-23/utils/install/rover_utils/share/rover_utils/package.bash'
[11.112s] INFO:colcon.colcon_core.shell:Creating package script '/home/ros-vm/github/auton_sys-23/utils/install/rover_utils/share/rover_utils/package.zsh'
[11.113s] Level 1:colcon.colcon_core.environment:create_file_with_runtime_dependencies(/home/ros-vm/github/auton_sys-23/utils/install/rover_utils/share/colcon-core/packages/rover_utils)
[11.115s] DEBUG:colcon.colcon_parallel_executor.executor.parallel:closing loop
[11.116s] DEBUG:colcon.colcon_parallel_executor.executor.parallel:loop closed
[11.116s] DEBUG:colcon.colcon_parallel_executor.executor.parallel:run_until_complete finished with '0'
[11.116s] DEBUG:colcon.colcon_core.event_reactor:joining thread
[11.125s] INFO:colcon.colcon_core.plugin_system:Skipping extension 'colcon_notification.desktop_notification.terminal_notifier': Not used on non-Darwin systems
[11.125s] INFO:colcon.colcon_core.plugin_system:Skipping extension 'colcon_notification.desktop_notification.win32': Not used on non-Windows systems
[11.125s] INFO:colcon.colcon_notification.desktop_notification:Sending desktop notification using 'notify2'
[11.151s] DEBUG:colcon.colcon_core.event_reactor:joined thread
[11.153s] INFO:colcon.colcon_core.shell:Creating prefix script '/home/ros-vm/github/auton_sys-23/utils/install/local_setup.ps1'
[11.159s] INFO:colcon.colcon_core.shell:Creating prefix util module '/home/ros-vm/github/auton_sys-23/utils/install/_local_setup_util_ps1.py'
[11.162s] INFO:colcon.colcon_core.shell:Creating prefix chain script '/home/ros-vm/github/auton_sys-23/utils/install/setup.ps1'
[11.165s] INFO:colcon.colcon_core.shell:Creating prefix script '/home/ros-vm/github/auton_sys-23/utils/install/local_setup.sh'
[11.168s] INFO:colcon.colcon_core.shell:Creating prefix util module '/home/ros-vm/github/auton_sys-23/utils/install/_local_setup_util_sh.py'
[11.169s] INFO:colcon.colcon_core.shell:Creating prefix chain script '/home/ros-vm/github/auton_sys-23/utils/install/setup.sh'
[11.171s] INFO:colcon.colcon_core.shell:Creating prefix script '/home/ros-vm/github/auton_sys-23/utils/install/local_setup.bash'
[11.197s] INFO:colcon.colcon_core.shell:Creating prefix chain script '/home/ros-vm/github/auton_sys-23/utils/install/setup.bash'
[11.201s] INFO:colcon.colcon_core.shell:Creating prefix script '/home/ros-vm/github/auton_sys-23/utils/install/local_setup.zsh'
[11.202s] INFO:colcon.colcon_core.shell:Creating prefix chain script '/home/ros-vm/github/auton_sys-23/utils/install/setup.zsh'
