[0.035s] Invoking command in '/home/ros-vm/github/auton_sys-23/utils/build/rover_actions': /usr/bin/cmake /home/ros-vm/github/auton_sys-23/utils/src/rover_actions -DCMAKE_INSTALL_PREFIX=/home/ros-vm/github/auton_sys-23/utils/install/rover_actions
[0.063s] -- Found ament_cmake: 0.9.9 (/home/ros-vm/ros2_foxy/ros2-linux/share/ament_cmake/cmake)
[0.087s] -- Found PythonInterp: /usr/bin/python3 (found suitable version "3.8.10", minimum required is "3") 
[0.087s] -- Using PYTHON_EXECUTABLE: /usr/bin/python3
[0.295s] -- Found ament_lint_auto: 0.9.6 (/home/ros-vm/ros2_foxy/ros2-linux/share/ament_lint_auto/cmake)
[0.372s] -- Found rosidl_default_generators: 1.0.1 (/home/ros-vm/ros2_foxy/ros2-linux/share/rosidl_default_generators/cmake)
[0.374s] -- Using all available rosidl_typesupport_c: rosidl_typesupport_connext_c;rosidl_typesupport_fastrtps_c;rosidl_typesupport_introspection_c
[0.378s] -- Found rosidl_adapter: 1.2.1 (/home/ros-vm/ros2_foxy/ros2-linux/share/rosidl_adapter/cmake)
[0.396s] -- Could not find RTI Connext - skipping rosidl_typesupport_connext_c
[0.425s] -- Could not find RTI Connext - skipping rosidl_typesupport_connext_cpp
[0.551s] -- Using all available rosidl_typesupport_cpp: rosidl_typesupport_connext_cpp;rosidl_typesupport_fastrtps_cpp;rosidl_typesupport_introspection_cpp
[0.608s] -- Found PythonInterp: /usr/bin/python3 (found version "3.8.10") 
[0.793s] CMake Error at /home/ros-vm/ros2_foxy/ros2-linux/share/rosidl_adapter/cmake/rosidl_adapt_interfaces.cmake:60 (message):
[0.794s]   execute_process(/usr/bin/python3 -m rosidl_adapter --package-name
[0.794s]   rover_actions --arguments-file
[0.794s]   /home/ros-vm/github/auton_sys-23/utils/build/rover_actions/rosidl_adapter__arguments__rover_actions.json
[0.794s]   --output-dir
[0.794s]   /home/ros-vm/github/auton_sys-23/utils/build/rover_actions/rosidl_adapter/rover_actions
[0.794s]   --output-file
[0.795s]   /home/ros-vm/github/auton_sys-23/utils/build/rover_actions/rosidl_adapter/rover_actions.idls)
[0.795s]   returned error code 1:
[0.795s] 
[0.795s]   Error processing 'bool useGuidance' of 'rover_actions/minimal_walk_Goal':
[0.796s]   ''useGuidance' is an invalid field name.  It should have the pattern
[0.796s]   '^(?!.*__)(?!.*_$)[a-z][a-z0-9_]*$''
[0.796s] 
[0.796s]   Traceback (most recent call last):
[0.797s] 
[0.797s]     File "/usr/lib/python3.8/runpy.py", line 194, in _run_module_as_main
[0.797s]       return _run_code(code, main_globals, None,
[0.797s]     File "/usr/lib/python3.8/runpy.py", line 87, in _run_code
[0.797s]       exec(code, run_globals)
[0.798s]     File "/home/ros-vm/ros2_foxy/ros2-linux/lib/python3.8/site-packages/rosidl_adapter/__main__.py", line 19, in <module>
[0.798s]       sys.exit(main())
[0.798s]     File "/home/ros-vm/ros2_foxy/ros2-linux/lib/python3.8/site-packages/rosidl_adapter/main.py", line 53, in main
[0.798s]       abs_idl_file = convert_to_idl(
[0.798s]     File "/home/ros-vm/ros2_foxy/ros2-linux/lib/python3.8/site-packages/rosidl_adapter/__init__.py", line 29, in convert_to_idl
[0.798s]       return convert_action_to_idl(
[0.799s]     File "/home/ros-vm/ros2_foxy/ros2-linux/lib/python3.8/site-packages/rosidl_adapter/action/__init__.py", line 28, in convert_action_to_idl
[0.799s]       action = parse_action_string(package_name, input_file.stem, content)
[0.799s]     File "/home/ros-vm/ros2_foxy/ros2-linux/lib/python3.8/site-packages/rosidl_adapter/parser.py", line 892, in parse_action_string
[0.800s]       goal_message = parse_message_string(
[0.804s]     File "/home/ros-vm/ros2_foxy/ros2-linux/lib/python3.8/site-packages/rosidl_adapter/parser.py", line 515, in parse_message_string
[0.804s]       fields.append(Field(
[0.804s]     File "/home/ros-vm/ros2_foxy/ros2-linux/lib/python3.8/site-packages/rosidl_adapter/parser.py", line 353, in __init__
[0.805s]       raise NameError(
[0.805s] 
[0.806s]   NameError: 'useGuidance' is an invalid field name.  It should have the
[0.806s]   pattern '^(?!.*__)(?!.*_$)[a-z][a-z0-9_]*$'
[0.806s] 
[0.806s] Call Stack (most recent call first):
[0.806s]   /home/ros-vm/ros2_foxy/ros2-linux/share/rosidl_cmake/cmake/rosidl_generate_interfaces.cmake:130 (rosidl_adapt_interfaces)
[0.806s]   CMakeLists.txt:37 (rosidl_generate_interfaces)
[0.806s] 
[0.806s] 
[0.806s] -- Configuring incomplete, errors occurred!
[0.806s] See also "/home/ros-vm/github/auton_sys-23/utils/build/rover_actions/CMakeFiles/CMakeOutput.log".
[0.807s] Invoked command in '/home/ros-vm/github/auton_sys-23/utils/build/rover_actions' returned '1': /usr/bin/cmake /home/ros-vm/github/auton_sys-23/utils/src/rover_actions -DCMAKE_INSTALL_PREFIX=/home/ros-vm/github/auton_sys-23/utils/install/rover_actions
