[0.043s] Invoking command in '/home/ros-vm/github/auton_sys-23/utils/build/rover_utils': /usr/bin/cmake --build /home/ros-vm/github/auton_sys-23/utils/build/rover_utils -- -j2 -l2
[0.080s] -- Found ament_cmake: 0.9.9 (/home/ros-vm/ros2_foxy/ros2-linux/share/ament_cmake/cmake)
[0.105s] -- Found PythonInterp: /usr/bin/python3 (found suitable version "3.8.10", minimum required is "3") 
[0.105s] -- Using PYTHON_EXECUTABLE: /usr/bin/python3
[0.310s] -- Found ament_lint_auto: 0.9.6 (/home/ros-vm/ros2_foxy/ros2-linux/share/ament_lint_auto/cmake)
[0.379s] -- Found rosidl_default_generators: 1.0.1 (/home/ros-vm/ros2_foxy/ros2-linux/share/rosidl_default_generators/cmake)
[0.381s] -- Using all available rosidl_typesupport_c: rosidl_typesupport_connext_c;rosidl_typesupport_fastrtps_c;rosidl_typesupport_introspection_c
[0.385s] -- Found rosidl_adapter: 1.2.1 (/home/ros-vm/ros2_foxy/ros2-linux/share/rosidl_adapter/cmake)
[0.405s] -- Could not find RTI Connext - skipping rosidl_typesupport_connext_c
[0.429s] -- Could not find RTI Connext - skipping rosidl_typesupport_connext_cpp
[0.551s] -- Using all available rosidl_typesupport_cpp: rosidl_typesupport_connext_cpp;rosidl_typesupport_fastrtps_cpp;rosidl_typesupport_introspection_cpp
[0.600s] -- Found PythonInterp: /usr/bin/python3 (found version "3.8.10") 
[0.738s] -- Found ament_cmake_ros: 0.9.2 (/home/ros-vm/ros2_foxy/ros2-linux/share/ament_cmake_ros/cmake)
[0.859s] -- Using all available rosidl_typesupport_c: rosidl_typesupport_connext_c;rosidl_typesupport_fastrtps_c;rosidl_typesupport_introspection_c
[0.883s] -- Using all available rosidl_typesupport_cpp: rosidl_typesupport_connext_cpp;rosidl_typesupport_fastrtps_cpp;rosidl_typesupport_introspection_cpp
[0.913s] -- Found PythonInterp: /usr/bin/python3 (found suitable version "3.8.10", minimum required is "3.5") 
[0.914s] -- Found python_cmake_module: 0.8.1 (/home/ros-vm/ros2_foxy/ros2-linux/share/python_cmake_module/cmake)
[0.941s] -- Using PYTHON_EXECUTABLE: /usr/bin/python3
[0.941s] -- Using PYTHON_INCLUDE_DIRS: /usr/include/python3.8
[0.941s] -- Using PYTHON_LIBRARIES: /usr/lib/x86_64-linux-gnu/libpython3.8.so
[0.970s] -- Added test 'copyright' to check source files copyright and LICENSE
[0.972s] -- Added test 'lint_cmake' to check CMake code style
[0.973s] -- Added test 'xmllint' to check XML markup files
[0.980s] -- Configuring done
[1.042s] -- Generating done
[1.048s] -- Build files have been written to: /home/ros-vm/github/auton_sys-23/utils/build/rover_utils
[1.079s] [  3%] [34m[1mGenerating C code for ROS interfaces[0m
[1.093s] [  6%] [34m[1mGenerating C++ code for ROS interfaces[0m
[1.531s] [35m[1mScanning dependencies of target rover_utils__rosidl_generator_c[0m
[1.549s] [  9%] [32mBuilding C object CMakeFiles/rover_utils__rosidl_generator_c.dir/rosidl_generator_c/rover_utils/action/detail/minimal_walk__functions.c.o[0m
[1.616s] [  9%] Built target rover_utils__cpp
[1.635s] [ 12%] [34m[1mGenerating C++ type support dispatch for ROS interfaces[0m
[1.650s] [ 16%] [32m[1mLinking C shared library librover_utils__rosidl_generator_c.so[0m
[1.704s] [ 16%] Built target rover_utils__rosidl_generator_c
[1.718s] [ 19%] [34m[1mGenerating C++ type support for eProsima Fast-RTPS[0m
[1.895s] [35m[1mScanning dependencies of target rover_utils__rosidl_typesupport_cpp[0m
[1.912s] [ 22%] [32mBuilding CXX object CMakeFiles/rover_utils__rosidl_typesupport_cpp.dir/rosidl_typesupport_cpp/rover_utils/action/minimal_walk__type_support.cpp.o[0m
[2.074s] [35m[1mScanning dependencies of target rover_utils__rosidl_typesupport_fastrtps_cpp[0m
[2.098s] [ 25%] [32mBuilding CXX object CMakeFiles/rover_utils__rosidl_typesupport_fastrtps_cpp.dir/rosidl_typesupport_fastrtps_cpp/rover_utils/action/detail/dds_fastrtps/minimal_walk__type_support.cpp.o[0m
[2.277s] [ 29%] [32m[1mLinking CXX shared library librover_utils__rosidl_typesupport_cpp.so[0m
[2.338s] [ 29%] Built target rover_utils__rosidl_typesupport_cpp
[2.353s] [ 32%] [34m[1mGenerating C++ introspection for ROS interfaces[0m
[2.662s] [ 35%] [32m[1mLinking CXX shared library librover_utils__rosidl_typesupport_fastrtps_cpp.so[0m
[2.673s] [35m[1mScanning dependencies of target rover_utils__rosidl_typesupport_introspection_cpp[0m
[2.691s] [ 38%] [32mBuilding CXX object CMakeFiles/rover_utils__rosidl_typesupport_introspection_cpp.dir/rosidl_typesupport_introspection_cpp/rover_utils/action/detail/minimal_walk__type_support.cpp.o[0m
[2.790s] [ 38%] Built target rover_utils__rosidl_typesupport_fastrtps_cpp
[2.803s] [ 41%] [34m[1mGenerating C type support dispatch for ROS interfaces[0m
[3.057s] [35m[1mScanning dependencies of target rover_utils__rosidl_typesupport_c[0m
[3.076s] [ 45%] [32mBuilding CXX object CMakeFiles/rover_utils__rosidl_typesupport_c.dir/rosidl_typesupport_c/rover_utils/action/minimal_walk__type_support.cpp.o[0m
[3.084s] [ 48%] [32m[1mLinking CXX shared library librover_utils__rosidl_typesupport_introspection_cpp.so[0m
[3.136s] [ 51%] [32m[1mLinking CXX shared library librover_utils__rosidl_typesupport_c.so[0m
[3.186s] [ 51%] Built target rover_utils__rosidl_typesupport_introspection_cpp
[3.193s] [ 51%] Built target rover_utils__rosidl_typesupport_c
[3.201s] [ 54%] [34m[1mGenerating C introspection for ROS interfaces[0m
[3.208s] [ 58%] [34m[1mGenerating C type support for eProsima Fast-RTPS[0m
[3.564s] [35m[1mScanning dependencies of target rover_utils__rosidl_typesupport_introspection_c[0m
[3.581s] [ 61%] [32mBuilding C object CMakeFiles/rover_utils__rosidl_typesupport_introspection_c.dir/rosidl_typesupport_introspection_c/rover_utils/action/detail/minimal_walk__type_support.c.o[0m
[3.583s] [35m[1mScanning dependencies of target rover_utils__rosidl_typesupport_fastrtps_c[0m
[3.606s] [ 64%] [32mBuilding CXX object CMakeFiles/rover_utils__rosidl_typesupport_fastrtps_c.dir/rosidl_typesupport_fastrtps_c/rover_utils/action/detail/minimal_walk__type_support_c.cpp.o[0m
[3.643s] [ 67%] [32m[1mLinking C shared library librover_utils__rosidl_typesupport_introspection_c.so[0m
[3.687s] [ 67%] Built target rover_utils__rosidl_typesupport_introspection_c
[4.026s] [ 70%] [32m[1mLinking CXX shared library librover_utils__rosidl_typesupport_fastrtps_c.so[0m
[4.143s] [ 70%] Built target rover_utils__rosidl_typesupport_fastrtps_c
[4.171s] [ 70%] Built target rover_utils
[4.200s] [ 74%] [34m[1mGenerating Python code for ROS interfaces[0m
[5.008s] [ 74%] Built target rover_utils__py
[5.022s] [35m[1mScanning dependencies of target rover_utils__python[0m
[5.049s] [ 77%] [32mBuilding C object CMakeFiles/rover_utils__python.dir/rosidl_generator_py/rover_utils/action/_minimal_walk_s.c.o[0m
[5.189s] [ 80%] [32m[1mLinking C shared library rosidl_generator_py/rover_utils/librover_utils__python.so[0m
[5.248s] [ 80%] Built target rover_utils__python
[5.264s] [35m[1mScanning dependencies of target rover_utils__rosidl_typesupport_c__pyext[0m
[5.265s] [35m[1mScanning dependencies of target rover_utils__rosidl_typesupport_fastrtps_c__pyext[0m
[5.285s] [ 83%] [32mBuilding C object CMakeFiles/rover_utils__rosidl_typesupport_c__pyext.dir/rosidl_generator_py/rover_utils/_rover_utils_s.ep.rosidl_typesupport_c.c.o[0m
[5.289s] [ 87%] [32mBuilding C object CMakeFiles/rover_utils__rosidl_typesupport_fastrtps_c__pyext.dir/rosidl_generator_py/rover_utils/_rover_utils_s.ep.rosidl_typesupport_fastrtps_c.c.o[0m
[5.402s] [ 90%] [32m[1mLinking C shared library rosidl_generator_py/rover_utils/rover_utils_s__rosidl_typesupport_c.cpython-38-x86_64-linux-gnu.so[0m
[5.410s] [ 93%] [32m[1mLinking CXX shared library rosidl_generator_py/rover_utils/rover_utils_s__rosidl_typesupport_fastrtps_c.cpython-38-x86_64-linux-gnu.so[0m
[5.460s] [ 93%] Built target rover_utils__rosidl_typesupport_c__pyext
[5.478s] [35m[1mScanning dependencies of target rover_utils__rosidl_typesupport_introspection_c__pyext[0m
[5.499s] [ 96%] [32mBuilding C object CMakeFiles/rover_utils__rosidl_typesupport_introspection_c__pyext.dir/rosidl_generator_py/rover_utils/_rover_utils_s.ep.rosidl_typesupport_introspection_c.c.o[0m
[5.502s] [ 96%] Built target rover_utils__rosidl_typesupport_fastrtps_c__pyext
[5.612s] [100%] [32m[1mLinking C shared library rosidl_generator_py/rover_utils/rover_utils_s__rosidl_typesupport_introspection_c.cpython-38-x86_64-linux-gnu.so[0m
[5.670s] [100%] Built target rover_utils__rosidl_typesupport_introspection_c__pyext
[5.684s] Invoked command in '/home/ros-vm/github/auton_sys-23/utils/build/rover_utils' returned '0': /usr/bin/cmake --build /home/ros-vm/github/auton_sys-23/utils/build/rover_utils -- -j2 -l2
[5.801s] Invoking command in '/home/ros-vm/github/auton_sys-23/utils/build/rover_utils': /usr/bin/cmake --install /home/ros-vm/github/auton_sys-23/utils/build/rover_utils
[5.813s] -- Install configuration: ""
[5.813s] -- Up-to-date: /home/ros-vm/github/auton_sys-23/utils/install/rover_utils/share/ament_index/resource_index/rosidl_interfaces/rover_utils
[5.814s] -- Up-to-date: /home/ros-vm/github/auton_sys-23/utils/install/rover_utils/include/rover_utils
[5.814s] -- Up-to-date: /home/ros-vm/github/auton_sys-23/utils/install/rover_utils/include/rover_utils/action
[5.814s] -- Up-to-date: /home/ros-vm/github/auton_sys-23/utils/install/rover_utils/include/rover_utils/action/detail
[5.814s] -- Installing: /home/ros-vm/github/auton_sys-23/utils/install/rover_utils/include/rover_utils/action/detail/minimal_walk__struct.h
[5.815s] -- Installing: /home/ros-vm/github/auton_sys-23/utils/install/rover_utils/include/rover_utils/action/detail/minimal_walk__functions.c
[5.815s] -- Installing: /home/ros-vm/github/auton_sys-23/utils/install/rover_utils/include/rover_utils/action/detail/minimal_walk__functions.h
[5.815s] -- Installing: /home/ros-vm/github/auton_sys-23/utils/install/rover_utils/include/rover_utils/action/detail/minimal_walk__type_support.h
[5.816s] -- Installing: /home/ros-vm/github/auton_sys-23/utils/install/rover_utils/include/rover_utils/action/minimal_walk.h
[5.816s] -- Up-to-date: /home/ros-vm/github/auton_sys-23/utils/install/rover_utils/include/rover_utils/msg
[5.816s] -- Up-to-date: /home/ros-vm/github/auton_sys-23/utils/install/rover_utils/include/rover_utils/msg/rosidl_generator_c__visibility_control.h
[5.817s] -- Up-to-date: /home/ros-vm/github/auton_sys-23/utils/install/rover_utils/share/rover_utils/environment/library_path.sh
[5.817s] -- Installing: /home/ros-vm/github/auton_sys-23/utils/install/rover_utils/share/rover_utils/environment/library_path.dsv
[5.817s] -- Installing: /home/ros-vm/github/auton_sys-23/utils/install/rover_utils/lib/librover_utils__rosidl_generator_c.so
[5.818s] -- Set runtime path of "/home/ros-vm/github/auton_sys-23/utils/install/rover_utils/lib/librover_utils__rosidl_generator_c.so" to ""
[5.818s] -- Up-to-date: /home/ros-vm/github/auton_sys-23/utils/install/rover_utils/include/rover_utils
[5.818s] -- Up-to-date: /home/ros-vm/github/auton_sys-23/utils/install/rover_utils/include/rover_utils/action
[5.818s] -- Up-to-date: /home/ros-vm/github/auton_sys-23/utils/install/rover_utils/include/rover_utils/action/detail
[5.819s] -- Installing: /home/ros-vm/github/auton_sys-23/utils/install/rover_utils/include/rover_utils/action/detail/minimal_walk__rosidl_typesupport_fastrtps_c.h
[5.819s] -- Up-to-date: /home/ros-vm/github/auton_sys-23/utils/install/rover_utils/include/rover_utils/msg
[5.819s] -- Up-to-date: /home/ros-vm/github/auton_sys-23/utils/install/rover_utils/include/rover_utils/msg/rosidl_typesupport_fastrtps_c__visibility_control.h
[5.819s] -- Installing: /home/ros-vm/github/auton_sys-23/utils/install/rover_utils/lib/librover_utils__rosidl_typesupport_fastrtps_c.so
[5.820s] -- Set runtime path of "/home/ros-vm/github/auton_sys-23/utils/install/rover_utils/lib/librover_utils__rosidl_typesupport_fastrtps_c.so" to ""
[5.820s] -- Up-to-date: /home/ros-vm/github/auton_sys-23/utils/install/rover_utils/include/rover_utils
[5.820s] -- Up-to-date: /home/ros-vm/github/auton_sys-23/utils/install/rover_utils/include/rover_utils/action
[5.820s] -- Up-to-date: /home/ros-vm/github/auton_sys-23/utils/install/rover_utils/include/rover_utils/action/detail
[5.820s] -- Installing: /home/ros-vm/github/auton_sys-23/utils/install/rover_utils/include/rover_utils/action/detail/minimal_walk__rosidl_typesupport_fastrtps_cpp.hpp
[5.820s] -- Up-to-date: /home/ros-vm/github/auton_sys-23/utils/install/rover_utils/include/rover_utils/action/detail/dds_fastrtps
[5.821s] -- Up-to-date: /home/ros-vm/github/auton_sys-23/utils/install/rover_utils/include/rover_utils/msg
[5.821s] -- Up-to-date: /home/ros-vm/github/auton_sys-23/utils/install/rover_utils/include/rover_utils/msg/rosidl_typesupport_fastrtps_cpp__visibility_control.h
[5.821s] -- Installing: /home/ros-vm/github/auton_sys-23/utils/install/rover_utils/lib/librover_utils__rosidl_typesupport_fastrtps_cpp.so
[5.821s] -- Set runtime path of "/home/ros-vm/github/auton_sys-23/utils/install/rover_utils/lib/librover_utils__rosidl_typesupport_fastrtps_cpp.so" to ""
[5.821s] -- Up-to-date: /home/ros-vm/github/auton_sys-23/utils/install/rover_utils/include/rover_utils
[5.822s] -- Up-to-date: /home/ros-vm/github/auton_sys-23/utils/install/rover_utils/include/rover_utils/action
[5.822s] -- Up-to-date: /home/ros-vm/github/auton_sys-23/utils/install/rover_utils/include/rover_utils/action/detail
[5.822s] -- Installing: /home/ros-vm/github/auton_sys-23/utils/install/rover_utils/include/rover_utils/action/detail/minimal_walk__type_support.c
[5.822s] -- Installing: /home/ros-vm/github/auton_sys-23/utils/install/rover_utils/include/rover_utils/action/detail/minimal_walk__rosidl_typesupport_introspection_c.h
[5.822s] -- Up-to-date: /home/ros-vm/github/auton_sys-23/utils/install/rover_utils/include/rover_utils/msg
[5.822s] -- Up-to-date: /home/ros-vm/github/auton_sys-23/utils/install/rover_utils/include/rover_utils/msg/rosidl_typesupport_introspection_c__visibility_control.h
[5.823s] -- Installing: /home/ros-vm/github/auton_sys-23/utils/install/rover_utils/lib/librover_utils__rosidl_typesupport_introspection_c.so
[5.823s] -- Set runtime path of "/home/ros-vm/github/auton_sys-23/utils/install/rover_utils/lib/librover_utils__rosidl_typesupport_introspection_c.so" to ""
[5.824s] -- Installing: /home/ros-vm/github/auton_sys-23/utils/install/rover_utils/lib/librover_utils__rosidl_typesupport_c.so
[5.824s] -- Set runtime path of "/home/ros-vm/github/auton_sys-23/utils/install/rover_utils/lib/librover_utils__rosidl_typesupport_c.so" to ""
[5.825s] -- Up-to-date: /home/ros-vm/github/auton_sys-23/utils/install/rover_utils/include/rover_utils
[5.825s] -- Up-to-date: /home/ros-vm/github/auton_sys-23/utils/install/rover_utils/include/rover_utils/action
[5.825s] -- Installing: /home/ros-vm/github/auton_sys-23/utils/install/rover_utils/include/rover_utils/action/minimal_walk.hpp
[5.825s] -- Up-to-date: /home/ros-vm/github/auton_sys-23/utils/install/rover_utils/include/rover_utils/action/detail
[5.826s] -- Installing: /home/ros-vm/github/auton_sys-23/utils/install/rover_utils/include/rover_utils/action/detail/minimal_walk__struct.hpp
[5.826s] -- Installing: /home/ros-vm/github/auton_sys-23/utils/install/rover_utils/include/rover_utils/action/detail/minimal_walk__builder.hpp
[5.826s] -- Installing: /home/ros-vm/github/auton_sys-23/utils/install/rover_utils/include/rover_utils/action/detail/minimal_walk__traits.hpp
[5.827s] -- Up-to-date: /home/ros-vm/github/auton_sys-23/utils/install/rover_utils/include/rover_utils
[5.827s] -- Up-to-date: /home/ros-vm/github/auton_sys-23/utils/install/rover_utils/include/rover_utils/action
[5.827s] -- Up-to-date: /home/ros-vm/github/auton_sys-23/utils/install/rover_utils/include/rover_utils/action/detail
[5.827s] -- Installing: /home/ros-vm/github/auton_sys-23/utils/install/rover_utils/include/rover_utils/action/detail/minimal_walk__type_support.cpp
[5.827s] -- Installing: /home/ros-vm/github/auton_sys-23/utils/install/rover_utils/include/rover_utils/action/detail/minimal_walk__rosidl_typesupport_introspection_cpp.hpp
[5.827s] -- Installing: /home/ros-vm/github/auton_sys-23/utils/install/rover_utils/lib/librover_utils__rosidl_typesupport_introspection_cpp.so
[5.827s] -- Set runtime path of "/home/ros-vm/github/auton_sys-23/utils/install/rover_utils/lib/librover_utils__rosidl_typesupport_introspection_cpp.so" to ""
[5.828s] -- Installing: /home/ros-vm/github/auton_sys-23/utils/install/rover_utils/lib/librover_utils__rosidl_typesupport_cpp.so
[5.828s] -- Set runtime path of "/home/ros-vm/github/auton_sys-23/utils/install/rover_utils/lib/librover_utils__rosidl_typesupport_cpp.so" to ""
[5.828s] -- Up-to-date: /home/ros-vm/github/auton_sys-23/utils/install/rover_utils/share/rover_utils/environment/pythonpath.sh
[5.828s] -- Installing: /home/ros-vm/github/auton_sys-23/utils/install/rover_utils/share/rover_utils/environment/pythonpath.dsv
[5.828s] -- Installing: /home/ros-vm/github/auton_sys-23/utils/install/rover_utils/lib/python3.8/site-packages/rover_utils/__init__.py
[5.867s] Compiling '/home/ros-vm/github/auton_sys-23/utils/install/rover_utils/lib/python3.8/site-packages/rover_utils/__init__.py'...
[5.871s] -- Up-to-date: /home/ros-vm/github/auton_sys-23/utils/install/rover_utils/lib/python3.8/site-packages/rover_utils/action
[5.871s] -- Installing: /home/ros-vm/github/auton_sys-23/utils/install/rover_utils/lib/python3.8/site-packages/rover_utils/action/_minimal_walk_s.c
[5.871s] -- Installing: /home/ros-vm/github/auton_sys-23/utils/install/rover_utils/lib/python3.8/site-packages/rover_utils/action/_minimal_walk.py
[5.872s] -- Installing: /home/ros-vm/github/auton_sys-23/utils/install/rover_utils/lib/python3.8/site-packages/rover_utils/action/__init__.py
[5.872s] -- Installing: /home/ros-vm/github/auton_sys-23/utils/install/rover_utils/lib/python3.8/site-packages/rover_utils/rover_utils_s__rosidl_typesupport_fastrtps_c.cpython-38-x86_64-linux-gnu.so
[5.873s] -- Set runtime path of "/home/ros-vm/github/auton_sys-23/utils/install/rover_utils/lib/python3.8/site-packages/rover_utils/rover_utils_s__rosidl_typesupport_fastrtps_c.cpython-38-x86_64-linux-gnu.so" to ""
[5.874s] -- Installing: /home/ros-vm/github/auton_sys-23/utils/install/rover_utils/lib/python3.8/site-packages/rover_utils/rover_utils_s__rosidl_typesupport_introspection_c.cpython-38-x86_64-linux-gnu.so
[5.874s] -- Set runtime path of "/home/ros-vm/github/auton_sys-23/utils/install/rover_utils/lib/python3.8/site-packages/rover_utils/rover_utils_s__rosidl_typesupport_introspection_c.cpython-38-x86_64-linux-gnu.so" to ""
[5.875s] -- Installing: /home/ros-vm/github/auton_sys-23/utils/install/rover_utils/lib/python3.8/site-packages/rover_utils/rover_utils_s__rosidl_typesupport_c.cpython-38-x86_64-linux-gnu.so
[5.876s] -- Set runtime path of "/home/ros-vm/github/auton_sys-23/utils/install/rover_utils/lib/python3.8/site-packages/rover_utils/rover_utils_s__rosidl_typesupport_c.cpython-38-x86_64-linux-gnu.so" to ""
[5.876s] -- Installing: /home/ros-vm/github/auton_sys-23/utils/install/rover_utils/lib/librover_utils__python.so
[5.877s] -- Set runtime path of "/home/ros-vm/github/auton_sys-23/utils/install/rover_utils/lib/librover_utils__python.so" to ""
[5.877s] -- Installing: /home/ros-vm/github/auton_sys-23/utils/install/rover_utils/share/rover_utils/action/MinimalWalk.idl
[5.877s] -- Installing: /home/ros-vm/github/auton_sys-23/utils/install/rover_utils/share/rover_utils/action/MinimalWalk.action
[5.878s] -- Up-to-date: /home/ros-vm/github/auton_sys-23/utils/install/rover_utils/share/ament_index/resource_index/package_run_dependencies/rover_utils
[5.878s] -- Up-to-date: /home/ros-vm/github/auton_sys-23/utils/install/rover_utils/share/ament_index/resource_index/parent_prefix_path/rover_utils
[5.878s] -- Up-to-date: /home/ros-vm/github/auton_sys-23/utils/install/rover_utils/share/rover_utils/environment/ament_prefix_path.sh
[5.878s] -- Installing: /home/ros-vm/github/auton_sys-23/utils/install/rover_utils/share/rover_utils/environment/ament_prefix_path.dsv
[5.879s] -- Up-to-date: /home/ros-vm/github/auton_sys-23/utils/install/rover_utils/share/rover_utils/environment/path.sh
[5.879s] -- Installing: /home/ros-vm/github/auton_sys-23/utils/install/rover_utils/share/rover_utils/environment/path.dsv
[5.879s] -- Up-to-date: /home/ros-vm/github/auton_sys-23/utils/install/rover_utils/share/rover_utils/local_setup.bash
[5.880s] -- Up-to-date: /home/ros-vm/github/auton_sys-23/utils/install/rover_utils/share/rover_utils/local_setup.sh
[5.880s] -- Up-to-date: /home/ros-vm/github/auton_sys-23/utils/install/rover_utils/share/rover_utils/local_setup.zsh
[5.880s] -- Installing: /home/ros-vm/github/auton_sys-23/utils/install/rover_utils/share/rover_utils/local_setup.dsv
[5.880s] -- Installing: /home/ros-vm/github/auton_sys-23/utils/install/rover_utils/share/rover_utils/package.dsv
[5.881s] -- Up-to-date: /home/ros-vm/github/auton_sys-23/utils/install/rover_utils/share/ament_index/resource_index/packages/rover_utils
[5.881s] -- Up-to-date: /home/ros-vm/github/auton_sys-23/utils/install/rover_utils/share/rover_utils/cmake/rover_utils__rosidl_generator_cExport.cmake
[5.881s] -- Installing: /home/ros-vm/github/auton_sys-23/utils/install/rover_utils/share/rover_utils/cmake/rover_utils__rosidl_generator_cExport-noconfig.cmake
[5.882s] -- Up-to-date: /home/ros-vm/github/auton_sys-23/utils/install/rover_utils/share/rover_utils/cmake/rover_utils__rosidl_typesupport_introspection_cExport.cmake
[5.882s] -- Installing: /home/ros-vm/github/auton_sys-23/utils/install/rover_utils/share/rover_utils/cmake/rover_utils__rosidl_typesupport_introspection_cExport-noconfig.cmake
[5.882s] -- Up-to-date: /home/ros-vm/github/auton_sys-23/utils/install/rover_utils/share/rover_utils/cmake/rover_utils__rosidl_typesupport_cExport.cmake
[5.883s] -- Installing: /home/ros-vm/github/auton_sys-23/utils/install/rover_utils/share/rover_utils/cmake/rover_utils__rosidl_typesupport_cExport-noconfig.cmake
[5.883s] -- Up-to-date: /home/ros-vm/github/auton_sys-23/utils/install/rover_utils/share/rover_utils/cmake/rover_utils__rosidl_generator_cppExport.cmake
[5.884s] -- Up-to-date: /home/ros-vm/github/auton_sys-23/utils/install/rover_utils/share/rover_utils/cmake/rover_utils__rosidl_typesupport_introspection_cppExport.cmake
[5.884s] -- Installing: /home/ros-vm/github/auton_sys-23/utils/install/rover_utils/share/rover_utils/cmake/rover_utils__rosidl_typesupport_introspection_cppExport-noconfig.cmake
[5.884s] -- Up-to-date: /home/ros-vm/github/auton_sys-23/utils/install/rover_utils/share/rover_utils/cmake/rover_utils__rosidl_typesupport_cppExport.cmake
[5.885s] -- Installing: /home/ros-vm/github/auton_sys-23/utils/install/rover_utils/share/rover_utils/cmake/rover_utils__rosidl_typesupport_cppExport-noconfig.cmake
[5.885s] -- Up-to-date: /home/ros-vm/github/auton_sys-23/utils/install/rover_utils/share/rover_utils/cmake/rosidl_cmake-extras.cmake
[5.885s] -- Up-to-date: /home/ros-vm/github/auton_sys-23/utils/install/rover_utils/share/rover_utils/cmake/ament_cmake_export_dependencies-extras.cmake
[5.885s] -- Up-to-date: /home/ros-vm/github/auton_sys-23/utils/install/rover_utils/share/rover_utils/cmake/ament_cmake_export_libraries-extras.cmake
[5.886s] -- Up-to-date: /home/ros-vm/github/auton_sys-23/utils/install/rover_utils/share/rover_utils/cmake/ament_cmake_export_targets-extras.cmake
[5.886s] -- Up-to-date: /home/ros-vm/github/auton_sys-23/utils/install/rover_utils/share/rover_utils/cmake/ament_cmake_export_include_directories-extras.cmake
[5.886s] -- Up-to-date: /home/ros-vm/github/auton_sys-23/utils/install/rover_utils/share/rover_utils/cmake/rosidl_cmake_export_typesupport_libraries-extras.cmake
[5.886s] -- Up-to-date: /home/ros-vm/github/auton_sys-23/utils/install/rover_utils/share/rover_utils/cmake/rosidl_cmake_export_typesupport_targets-extras.cmake
[5.886s] -- Up-to-date: /home/ros-vm/github/auton_sys-23/utils/install/rover_utils/share/rover_utils/cmake/rover_utilsConfig.cmake
[5.887s] -- Up-to-date: /home/ros-vm/github/auton_sys-23/utils/install/rover_utils/share/rover_utils/cmake/rover_utilsConfig-version.cmake
[5.887s] -- Up-to-date: /home/ros-vm/github/auton_sys-23/utils/install/rover_utils/share/rover_utils/package.xml
[5.891s] Invoked command in '/home/ros-vm/github/auton_sys-23/utils/build/rover_utils' returned '0': /usr/bin/cmake --install /home/ros-vm/github/auton_sys-23/utils/build/rover_utils
