[0.042s] Invoking command in '/home/ros-vm/github/auton_sys-23/utils/build/rover_utils': /usr/bin/cmake --build /home/ros-vm/github/auton_sys-23/utils/build/rover_utils -- -j2 -l2
[0.125s] -- Found ament_cmake: 0.9.9 (/home/ros-vm/ros2_foxy/ros2-linux/share/ament_cmake/cmake)
[0.151s] -- Found PythonInterp: /usr/bin/python3 (found suitable version "3.8.10", minimum required is "3") 
[0.151s] -- Using PYTHON_EXECUTABLE: /usr/bin/python3
[0.383s] -- Found ament_lint_auto: 0.9.6 (/home/ros-vm/ros2_foxy/ros2-linux/share/ament_lint_auto/cmake)
[0.467s] -- Found rosidl_default_generators: 1.0.1 (/home/ros-vm/ros2_foxy/ros2-linux/share/rosidl_default_generators/cmake)
[0.470s] -- Using all available rosidl_typesupport_c: rosidl_typesupport_connext_c;rosidl_typesupport_fastrtps_c;rosidl_typesupport_introspection_c
[0.480s] -- Found rosidl_adapter: 1.2.1 (/home/ros-vm/ros2_foxy/ros2-linux/share/rosidl_adapter/cmake)
[0.496s] -- Could not find RTI Connext - skipping rosidl_typesupport_connext_c
[0.522s] -- Could not find RTI Connext - skipping rosidl_typesupport_connext_cpp
[0.673s] -- Using all available rosidl_typesupport_cpp: rosidl_typesupport_connext_cpp;rosidl_typesupport_fastrtps_cpp;rosidl_typesupport_introspection_cpp
[0.705s] -- Found geometry_msgs: 2.0.5 (/home/ros-vm/ros2_foxy/ros2-linux/share/geometry_msgs/cmake)
[0.843s] -- Found PythonInterp: /usr/bin/python3 (found version "3.8.10") 
[1.050s] -- Found ament_cmake_ros: 0.9.2 (/home/ros-vm/ros2_foxy/ros2-linux/share/ament_cmake_ros/cmake)
[1.371s] -- Using all available rosidl_typesupport_c: rosidl_typesupport_connext_c;rosidl_typesupport_fastrtps_c;rosidl_typesupport_introspection_c
[1.537s] -- Using all available rosidl_typesupport_cpp: rosidl_typesupport_connext_cpp;rosidl_typesupport_fastrtps_cpp;rosidl_typesupport_introspection_cpp
[1.565s] -- Found PythonInterp: /usr/bin/python3 (found suitable version "3.8.10", minimum required is "3.5") 
[1.566s] -- Found python_cmake_module: 0.8.1 (/home/ros-vm/ros2_foxy/ros2-linux/share/python_cmake_module/cmake)
[1.591s] -- Using PYTHON_EXECUTABLE: /usr/bin/python3
[1.591s] -- Using PYTHON_INCLUDE_DIRS: /usr/include/python3.8
[1.591s] -- Using PYTHON_LIBRARIES: /usr/lib/x86_64-linux-gnu/libpython3.8.so
[1.702s] -- Added test 'copyright' to check source files copyright and LICENSE
[1.705s] -- Added test 'lint_cmake' to check CMake code style
[1.706s] -- Added test 'xmllint' to check XML markup files
[1.721s] -- Configuring done
[1.841s] -- Generating done
[1.852s] -- Build files have been written to: /home/ros-vm/github/auton_sys-23/utils/build/rover_utils
[1.937s] [  2%] [34m[1mGenerating C code for ROS interfaces[0m
[1.953s] [  5%] [34m[1mGenerating C++ code for ROS interfaces[0m
[2.953s] [  5%] Built target rover_utils__cpp
[2.965s] [35m[1mScanning dependencies of target rover_utils__rosidl_generator_c[0m
[2.990s] [  7%] [34m[1mGenerating C++ type support dispatch for ROS interfaces[0m
[3.016s] [ 10%] [32mBuilding C object CMakeFiles/rover_utils__rosidl_generator_c.dir/rosidl_generator_c/rover_utils/action/detail/minimal_walk__functions.c.o[0m
[3.315s] [ 12%] [32mBuilding C object CMakeFiles/rover_utils__rosidl_generator_c.dir/rosidl_generator_c/rover_utils/msg/detail/test_msg__functions.c.o[0m
[3.484s] [ 15%] [32m[1mLinking C shared library librover_utils__rosidl_generator_c.so[0m
[3.596s] [35m[1mScanning dependencies of target rover_utils__rosidl_typesupport_cpp[0m
[3.611s] [ 15%] Built target rover_utils__rosidl_generator_c
[3.623s] [ 17%] [32mBuilding CXX object CMakeFiles/rover_utils__rosidl_typesupport_cpp.dir/rosidl_typesupport_cpp/rover_utils/action/minimal_walk__type_support.cpp.o[0m
[3.643s] [ 20%] [34m[1mGenerating C++ type support for eProsima Fast-RTPS[0m
[4.019s] [ 23%] [32mBuilding CXX object CMakeFiles/rover_utils__rosidl_typesupport_cpp.dir/rosidl_typesupport_cpp/rover_utils/msg/test_msg__type_support.cpp.o[0m
[4.165s] [35m[1mScanning dependencies of target rover_utils__rosidl_typesupport_fastrtps_cpp[0m
[4.197s] [ 25%] [32mBuilding CXX object CMakeFiles/rover_utils__rosidl_typesupport_fastrtps_cpp.dir/rosidl_typesupport_fastrtps_cpp/rover_utils/action/detail/dds_fastrtps/minimal_walk__type_support.cpp.o[0m
[4.385s] [ 28%] [32m[1mLinking CXX shared library librover_utils__rosidl_typesupport_cpp.so[0m
[4.458s] [ 28%] Built target rover_utils__rosidl_typesupport_cpp
[4.480s] [ 30%] [34m[1mGenerating C++ introspection for ROS interfaces[0m
[4.879s] [35m[1mScanning dependencies of target rover_utils__rosidl_typesupport_introspection_cpp[0m
[4.901s] [ 33%] [32mBuilding CXX object CMakeFiles/rover_utils__rosidl_typesupport_fastrtps_cpp.dir/rosidl_typesupport_fastrtps_cpp/rover_utils/msg/detail/dds_fastrtps/test_msg__type_support.cpp.o[0m
[4.906s] [ 35%] [32mBuilding CXX object CMakeFiles/rover_utils__rosidl_typesupport_introspection_cpp.dir/rosidl_typesupport_introspection_cpp/rover_utils/action/detail/minimal_walk__type_support.cpp.o[0m
[5.359s] [ 38%] [32mBuilding CXX object CMakeFiles/rover_utils__rosidl_typesupport_introspection_cpp.dir/rosidl_typesupport_introspection_cpp/rover_utils/msg/detail/test_msg__type_support.cpp.o[0m
[5.491s] [ 41%] [32m[1mLinking CXX shared library librover_utils__rosidl_typesupport_fastrtps_cpp.so[0m
[5.648s] [ 41%] Built target rover_utils__rosidl_typesupport_fastrtps_cpp
[5.673s] [ 43%] [34m[1mGenerating C type support dispatch for ROS interfaces[0m
[5.722s] [ 46%] [32m[1mLinking CXX shared library librover_utils__rosidl_typesupport_introspection_cpp.so[0m
[5.834s] [ 46%] Built target rover_utils__rosidl_typesupport_introspection_cpp
[5.850s] [ 48%] [34m[1mGenerating C introspection for ROS interfaces[0m
[6.137s] [35m[1mScanning dependencies of target rover_utils__rosidl_typesupport_c[0m
[6.208s] [ 51%] [32mBuilding CXX object CMakeFiles/rover_utils__rosidl_typesupport_c.dir/rosidl_typesupport_c/rover_utils/action/minimal_walk__type_support.cpp.o[0m
[6.400s] [ 53%] [32mBuilding CXX object CMakeFiles/rover_utils__rosidl_typesupport_c.dir/rosidl_typesupport_c/rover_utils/msg/test_msg__type_support.cpp.o[0m
[6.448s] [35m[1mScanning dependencies of target rover_utils__rosidl_typesupport_introspection_c[0m
[6.463s] [ 56%] [32m[1mLinking CXX shared library librover_utils__rosidl_typesupport_c.so[0m
[6.475s] [ 58%] [32mBuilding C object CMakeFiles/rover_utils__rosidl_typesupport_introspection_c.dir/rosidl_typesupport_introspection_c/rover_utils/action/detail/minimal_walk__type_support.c.o[0m
[6.539s] [ 58%] Built target rover_utils__rosidl_typesupport_c
[6.541s] [ 61%] [32mBuilding C object CMakeFiles/rover_utils__rosidl_typesupport_introspection_c.dir/rosidl_typesupport_introspection_c/rover_utils/msg/detail/test_msg__type_support.c.o[0m
[6.563s] [ 64%] [34m[1mGenerating C type support for eProsima Fast-RTPS[0m
[6.585s] [ 66%] [32m[1mLinking C shared library librover_utils__rosidl_typesupport_introspection_c.so[0m
[6.643s] [ 66%] Built target rover_utils__rosidl_typesupport_introspection_c
[6.992s] [35m[1mScanning dependencies of target rover_utils__rosidl_typesupport_fastrtps_c[0m
[7.026s] [ 69%] [32mBuilding CXX object CMakeFiles/rover_utils__rosidl_typesupport_fastrtps_c.dir/rosidl_typesupport_fastrtps_c/rover_utils/action/detail/minimal_walk__type_support_c.cpp.o[0m
[7.030s] [ 71%] [32mBuilding CXX object CMakeFiles/rover_utils__rosidl_typesupport_fastrtps_c.dir/rosidl_typesupport_fastrtps_c/rover_utils/msg/detail/test_msg__type_support_c.cpp.o[0m
[7.901s] [ 74%] [32m[1mLinking CXX shared library librover_utils__rosidl_typesupport_fastrtps_c.so[0m
[8.048s] [ 74%] Built target rover_utils__rosidl_typesupport_fastrtps_c
[8.077s] [ 74%] Built target rover_utils
[8.092s] [35m[1mScanning dependencies of target rover_utils__py[0m
[8.118s] [ 76%] [34m[1mGenerating Python code for ROS interfaces[0m
[9.186s] [ 76%] Built target rover_utils__py
[9.203s] [35m[1mScanning dependencies of target rover_utils__python[0m
[9.236s] [ 79%] [32mBuilding C object CMakeFiles/rover_utils__python.dir/rosidl_generator_py/rover_utils/action/_minimal_walk_s.c.o[0m
[9.277s] [ 82%] [32mBuilding C object CMakeFiles/rover_utils__python.dir/rosidl_generator_py/rover_utils/msg/_test_msg_s.c.o[0m
[9.517s] [ 84%] [32m[1mLinking C shared library rosidl_generator_py/rover_utils/librover_utils__python.so[0m
[9.586s] [ 84%] Built target rover_utils__python
[9.621s] [35m[1mScanning dependencies of target rover_utils__rosidl_typesupport_c__pyext[0m
[9.623s] [35m[1mScanning dependencies of target rover_utils__rosidl_typesupport_fastrtps_c__pyext[0m
[9.673s] [ 87%] [32mBuilding C object CMakeFiles/rover_utils__rosidl_typesupport_c__pyext.dir/rosidl_generator_py/rover_utils/_rover_utils_s.ep.rosidl_typesupport_c.c.o[0m
[9.675s] [ 89%] [32mBuilding C object CMakeFiles/rover_utils__rosidl_typesupport_fastrtps_c__pyext.dir/rosidl_generator_py/rover_utils/_rover_utils_s.ep.rosidl_typesupport_fastrtps_c.c.o[0m
[9.947s] [ 92%] [32m[1mLinking CXX shared library rosidl_generator_py/rover_utils/rover_utils_s__rosidl_typesupport_fastrtps_c.cpython-38-x86_64-linux-gnu.so[0m
[9.964s] [ 94%] [32m[1mLinking C shared library rosidl_generator_py/rover_utils/rover_utils_s__rosidl_typesupport_c.cpython-38-x86_64-linux-gnu.so[0m
[10.074s] [ 94%] Built target rover_utils__rosidl_typesupport_c__pyext
[10.093s] [35m[1mScanning dependencies of target rover_utils__rosidl_typesupport_introspection_c__pyext[0m
[10.127s] [ 97%] [32mBuilding C object CMakeFiles/rover_utils__rosidl_typesupport_introspection_c__pyext.dir/rosidl_generator_py/rover_utils/_rover_utils_s.ep.rosidl_typesupport_introspection_c.c.o[0m
[10.136s] [ 97%] Built target rover_utils__rosidl_typesupport_fastrtps_c__pyext
[10.253s] [100%] [32m[1mLinking C shared library rosidl_generator_py/rover_utils/rover_utils_s__rosidl_typesupport_introspection_c.cpython-38-x86_64-linux-gnu.so[0m
[10.311s] [100%] Built target rover_utils__rosidl_typesupport_introspection_c__pyext
[10.333s] Invoked command in '/home/ros-vm/github/auton_sys-23/utils/build/rover_utils' returned '0': /usr/bin/cmake --build /home/ros-vm/github/auton_sys-23/utils/build/rover_utils -- -j2 -l2
[10.503s] Invoking command in '/home/ros-vm/github/auton_sys-23/utils/build/rover_utils': /usr/bin/cmake --install /home/ros-vm/github/auton_sys-23/utils/build/rover_utils
[10.522s] -- Install configuration: ""
[10.528s] -- Installing: /home/ros-vm/github/auton_sys-23/utils/install/rover_utils/share/ament_index/resource_index/rosidl_interfaces/rover_utils
[10.529s] -- Up-to-date: /home/ros-vm/github/auton_sys-23/utils/install/rover_utils/include/rover_utils
[10.530s] -- Up-to-date: /home/ros-vm/github/auton_sys-23/utils/install/rover_utils/include/rover_utils/action
[10.530s] -- Up-to-date: /home/ros-vm/github/auton_sys-23/utils/install/rover_utils/include/rover_utils/action/detail
[10.531s] -- Installing: /home/ros-vm/github/auton_sys-23/utils/install/rover_utils/include/rover_utils/action/detail/minimal_walk__struct.h
[10.531s] -- Installing: /home/ros-vm/github/auton_sys-23/utils/install/rover_utils/include/rover_utils/action/detail/minimal_walk__functions.c
[10.532s] -- Installing: /home/ros-vm/github/auton_sys-23/utils/install/rover_utils/include/rover_utils/action/detail/minimal_walk__functions.h
[10.533s] -- Installing: /home/ros-vm/github/auton_sys-23/utils/install/rover_utils/include/rover_utils/action/detail/minimal_walk__type_support.h
[10.534s] -- Installing: /home/ros-vm/github/auton_sys-23/utils/install/rover_utils/include/rover_utils/action/minimal_walk.h
[10.535s] -- Up-to-date: /home/ros-vm/github/auton_sys-23/utils/install/rover_utils/include/rover_utils/msg
[10.535s] -- Installing: /home/ros-vm/github/auton_sys-23/utils/install/rover_utils/include/rover_utils/msg/test_msg.h
[10.536s] -- Installing: /home/ros-vm/github/auton_sys-23/utils/install/rover_utils/include/rover_utils/msg/detail
[10.537s] -- Installing: /home/ros-vm/github/auton_sys-23/utils/install/rover_utils/include/rover_utils/msg/detail/test_msg__type_support.h
[10.537s] -- Installing: /home/ros-vm/github/auton_sys-23/utils/install/rover_utils/include/rover_utils/msg/detail/test_msg__struct.h
[10.538s] -- Installing: /home/ros-vm/github/auton_sys-23/utils/install/rover_utils/include/rover_utils/msg/detail/test_msg__functions.h
[10.538s] -- Installing: /home/ros-vm/github/auton_sys-23/utils/install/rover_utils/include/rover_utils/msg/detail/test_msg__functions.c
[10.538s] -- Up-to-date: /home/ros-vm/github/auton_sys-23/utils/install/rover_utils/include/rover_utils/msg/rosidl_generator_c__visibility_control.h
[10.539s] -- Up-to-date: /home/ros-vm/github/auton_sys-23/utils/install/rover_utils/share/rover_utils/environment/library_path.sh
[10.539s] -- Installing: /home/ros-vm/github/auton_sys-23/utils/install/rover_utils/share/rover_utils/environment/library_path.dsv
[10.539s] -- Installing: /home/ros-vm/github/auton_sys-23/utils/install/rover_utils/lib/librover_utils__rosidl_generator_c.so
[10.540s] -- Set runtime path of "/home/ros-vm/github/auton_sys-23/utils/install/rover_utils/lib/librover_utils__rosidl_generator_c.so" to ""
[10.540s] -- Up-to-date: /home/ros-vm/github/auton_sys-23/utils/install/rover_utils/include/rover_utils
[10.541s] -- Up-to-date: /home/ros-vm/github/auton_sys-23/utils/install/rover_utils/include/rover_utils/action
[10.541s] -- Up-to-date: /home/ros-vm/github/auton_sys-23/utils/install/rover_utils/include/rover_utils/action/detail
[10.542s] -- Installing: /home/ros-vm/github/auton_sys-23/utils/install/rover_utils/include/rover_utils/action/detail/minimal_walk__rosidl_typesupport_fastrtps_c.h
[10.542s] -- Up-to-date: /home/ros-vm/github/auton_sys-23/utils/install/rover_utils/include/rover_utils/msg
[10.543s] -- Up-to-date: /home/ros-vm/github/auton_sys-23/utils/install/rover_utils/include/rover_utils/msg/rosidl_typesupport_fastrtps_c__visibility_control.h
[10.543s] -- Up-to-date: /home/ros-vm/github/auton_sys-23/utils/install/rover_utils/include/rover_utils/msg/detail
[10.543s] -- Installing: /home/ros-vm/github/auton_sys-23/utils/install/rover_utils/include/rover_utils/msg/detail/test_msg__rosidl_typesupport_fastrtps_c.h
[10.544s] -- Installing: /home/ros-vm/github/auton_sys-23/utils/install/rover_utils/lib/librover_utils__rosidl_typesupport_fastrtps_c.so
[10.544s] -- Set runtime path of "/home/ros-vm/github/auton_sys-23/utils/install/rover_utils/lib/librover_utils__rosidl_typesupport_fastrtps_c.so" to ""
[10.544s] -- Up-to-date: /home/ros-vm/github/auton_sys-23/utils/install/rover_utils/include/rover_utils
[10.545s] -- Up-to-date: /home/ros-vm/github/auton_sys-23/utils/install/rover_utils/include/rover_utils/action
[10.545s] -- Up-to-date: /home/ros-vm/github/auton_sys-23/utils/install/rover_utils/include/rover_utils/action/detail
[10.545s] -- Installing: /home/ros-vm/github/auton_sys-23/utils/install/rover_utils/include/rover_utils/action/detail/minimal_walk__rosidl_typesupport_fastrtps_cpp.hpp
[10.546s] -- Up-to-date: /home/ros-vm/github/auton_sys-23/utils/install/rover_utils/include/rover_utils/action/detail/dds_fastrtps
[10.546s] -- Up-to-date: /home/ros-vm/github/auton_sys-23/utils/install/rover_utils/include/rover_utils/msg
[10.546s] -- Up-to-date: /home/ros-vm/github/auton_sys-23/utils/install/rover_utils/include/rover_utils/msg/rosidl_typesupport_fastrtps_cpp__visibility_control.h
[10.546s] -- Up-to-date: /home/ros-vm/github/auton_sys-23/utils/install/rover_utils/include/rover_utils/msg/detail
[10.546s] -- Installing: /home/ros-vm/github/auton_sys-23/utils/install/rover_utils/include/rover_utils/msg/detail/test_msg__rosidl_typesupport_fastrtps_cpp.hpp
[10.547s] -- Installing: /home/ros-vm/github/auton_sys-23/utils/install/rover_utils/include/rover_utils/msg/detail/dds_fastrtps
[10.547s] -- Installing: /home/ros-vm/github/auton_sys-23/utils/install/rover_utils/lib/librover_utils__rosidl_typesupport_fastrtps_cpp.so
[10.547s] -- Set runtime path of "/home/ros-vm/github/auton_sys-23/utils/install/rover_utils/lib/librover_utils__rosidl_typesupport_fastrtps_cpp.so" to ""
[10.548s] -- Up-to-date: /home/ros-vm/github/auton_sys-23/utils/install/rover_utils/include/rover_utils
[10.548s] -- Up-to-date: /home/ros-vm/github/auton_sys-23/utils/install/rover_utils/include/rover_utils/action
[10.548s] -- Up-to-date: /home/ros-vm/github/auton_sys-23/utils/install/rover_utils/include/rover_utils/action/detail
[10.549s] -- Installing: /home/ros-vm/github/auton_sys-23/utils/install/rover_utils/include/rover_utils/action/detail/minimal_walk__type_support.c
[10.549s] -- Installing: /home/ros-vm/github/auton_sys-23/utils/install/rover_utils/include/rover_utils/action/detail/minimal_walk__rosidl_typesupport_introspection_c.h
[10.549s] -- Up-to-date: /home/ros-vm/github/auton_sys-23/utils/install/rover_utils/include/rover_utils/msg
[10.550s] -- Up-to-date: /home/ros-vm/github/auton_sys-23/utils/install/rover_utils/include/rover_utils/msg/detail
[10.550s] -- Installing: /home/ros-vm/github/auton_sys-23/utils/install/rover_utils/include/rover_utils/msg/detail/test_msg__rosidl_typesupport_introspection_c.h
[10.550s] -- Installing: /home/ros-vm/github/auton_sys-23/utils/install/rover_utils/include/rover_utils/msg/detail/test_msg__type_support.c
[10.551s] -- Up-to-date: /home/ros-vm/github/auton_sys-23/utils/install/rover_utils/include/rover_utils/msg/rosidl_typesupport_introspection_c__visibility_control.h
[10.551s] -- Installing: /home/ros-vm/github/auton_sys-23/utils/install/rover_utils/lib/librover_utils__rosidl_typesupport_introspection_c.so
[10.551s] -- Set runtime path of "/home/ros-vm/github/auton_sys-23/utils/install/rover_utils/lib/librover_utils__rosidl_typesupport_introspection_c.so" to ""
[10.551s] -- Installing: /home/ros-vm/github/auton_sys-23/utils/install/rover_utils/lib/librover_utils__rosidl_typesupport_c.so
[10.552s] -- Set runtime path of "/home/ros-vm/github/auton_sys-23/utils/install/rover_utils/lib/librover_utils__rosidl_typesupport_c.so" to ""
[10.552s] -- Up-to-date: /home/ros-vm/github/auton_sys-23/utils/install/rover_utils/include/rover_utils
[10.552s] -- Up-to-date: /home/ros-vm/github/auton_sys-23/utils/install/rover_utils/include/rover_utils/action
[10.553s] -- Installing: /home/ros-vm/github/auton_sys-23/utils/install/rover_utils/include/rover_utils/action/minimal_walk.hpp
[10.553s] -- Up-to-date: /home/ros-vm/github/auton_sys-23/utils/install/rover_utils/include/rover_utils/action/detail
[10.553s] -- Installing: /home/ros-vm/github/auton_sys-23/utils/install/rover_utils/include/rover_utils/action/detail/minimal_walk__struct.hpp
[10.553s] -- Installing: /home/ros-vm/github/auton_sys-23/utils/install/rover_utils/include/rover_utils/action/detail/minimal_walk__builder.hpp
[10.553s] -- Installing: /home/ros-vm/github/auton_sys-23/utils/install/rover_utils/include/rover_utils/action/detail/minimal_walk__traits.hpp
[10.554s] -- Up-to-date: /home/ros-vm/github/auton_sys-23/utils/install/rover_utils/include/rover_utils/msg
[10.554s] -- Up-to-date: /home/ros-vm/github/auton_sys-23/utils/install/rover_utils/include/rover_utils/msg/detail
[10.554s] -- Installing: /home/ros-vm/github/auton_sys-23/utils/install/rover_utils/include/rover_utils/msg/detail/test_msg__traits.hpp
[10.554s] -- Installing: /home/ros-vm/github/auton_sys-23/utils/install/rover_utils/include/rover_utils/msg/detail/test_msg__struct.hpp
[10.554s] -- Installing: /home/ros-vm/github/auton_sys-23/utils/install/rover_utils/include/rover_utils/msg/detail/test_msg__builder.hpp
[10.555s] -- Installing: /home/ros-vm/github/auton_sys-23/utils/install/rover_utils/include/rover_utils/msg/test_msg.hpp
[10.555s] -- Up-to-date: /home/ros-vm/github/auton_sys-23/utils/install/rover_utils/include/rover_utils
[10.555s] -- Up-to-date: /home/ros-vm/github/auton_sys-23/utils/install/rover_utils/include/rover_utils/action
[10.555s] -- Up-to-date: /home/ros-vm/github/auton_sys-23/utils/install/rover_utils/include/rover_utils/action/detail
[10.555s] -- Installing: /home/ros-vm/github/auton_sys-23/utils/install/rover_utils/include/rover_utils/action/detail/minimal_walk__type_support.cpp
[10.556s] -- Installing: /home/ros-vm/github/auton_sys-23/utils/install/rover_utils/include/rover_utils/action/detail/minimal_walk__rosidl_typesupport_introspection_cpp.hpp
[10.556s] -- Up-to-date: /home/ros-vm/github/auton_sys-23/utils/install/rover_utils/include/rover_utils/msg
[10.556s] -- Up-to-date: /home/ros-vm/github/auton_sys-23/utils/install/rover_utils/include/rover_utils/msg/detail
[10.556s] -- Installing: /home/ros-vm/github/auton_sys-23/utils/install/rover_utils/include/rover_utils/msg/detail/test_msg__rosidl_typesupport_introspection_cpp.hpp
[10.556s] -- Installing: /home/ros-vm/github/auton_sys-23/utils/install/rover_utils/include/rover_utils/msg/detail/test_msg__type_support.cpp
[10.557s] -- Installing: /home/ros-vm/github/auton_sys-23/utils/install/rover_utils/lib/librover_utils__rosidl_typesupport_introspection_cpp.so
[10.557s] -- Set runtime path of "/home/ros-vm/github/auton_sys-23/utils/install/rover_utils/lib/librover_utils__rosidl_typesupport_introspection_cpp.so" to ""
[10.557s] -- Installing: /home/ros-vm/github/auton_sys-23/utils/install/rover_utils/lib/librover_utils__rosidl_typesupport_cpp.so
[10.557s] -- Set runtime path of "/home/ros-vm/github/auton_sys-23/utils/install/rover_utils/lib/librover_utils__rosidl_typesupport_cpp.so" to ""
[10.557s] -- Up-to-date: /home/ros-vm/github/auton_sys-23/utils/install/rover_utils/share/rover_utils/environment/pythonpath.sh
[10.558s] -- Installing: /home/ros-vm/github/auton_sys-23/utils/install/rover_utils/share/rover_utils/environment/pythonpath.dsv
[10.558s] -- Installing: /home/ros-vm/github/auton_sys-23/utils/install/rover_utils/lib/python3.8/site-packages/rover_utils/__init__.py
[10.580s] Compiling '/home/ros-vm/github/auton_sys-23/utils/install/rover_utils/lib/python3.8/site-packages/rover_utils/__init__.py'...
[10.584s] -- Up-to-date: /home/ros-vm/github/auton_sys-23/utils/install/rover_utils/lib/python3.8/site-packages/rover_utils/action
[10.585s] -- Installing: /home/ros-vm/github/auton_sys-23/utils/install/rover_utils/lib/python3.8/site-packages/rover_utils/action/_minimal_walk_s.c
[10.585s] -- Installing: /home/ros-vm/github/auton_sys-23/utils/install/rover_utils/lib/python3.8/site-packages/rover_utils/action/_minimal_walk.py
[10.585s] -- Installing: /home/ros-vm/github/auton_sys-23/utils/install/rover_utils/lib/python3.8/site-packages/rover_utils/action/__init__.py
[10.586s] -- Installing: /home/ros-vm/github/auton_sys-23/utils/install/rover_utils/lib/python3.8/site-packages/rover_utils/msg
[10.586s] -- Installing: /home/ros-vm/github/auton_sys-23/utils/install/rover_utils/lib/python3.8/site-packages/rover_utils/msg/_test_msg.py
[10.586s] -- Installing: /home/ros-vm/github/auton_sys-23/utils/install/rover_utils/lib/python3.8/site-packages/rover_utils/msg/_test_msg_s.c
[10.586s] -- Installing: /home/ros-vm/github/auton_sys-23/utils/install/rover_utils/lib/python3.8/site-packages/rover_utils/msg/__init__.py
[10.587s] -- Installing: /home/ros-vm/github/auton_sys-23/utils/install/rover_utils/lib/python3.8/site-packages/rover_utils/rover_utils_s__rosidl_typesupport_fastrtps_c.cpython-38-x86_64-linux-gnu.so
[10.587s] -- Set runtime path of "/home/ros-vm/github/auton_sys-23/utils/install/rover_utils/lib/python3.8/site-packages/rover_utils/rover_utils_s__rosidl_typesupport_fastrtps_c.cpython-38-x86_64-linux-gnu.so" to ""
[10.587s] -- Installing: /home/ros-vm/github/auton_sys-23/utils/install/rover_utils/lib/python3.8/site-packages/rover_utils/rover_utils_s__rosidl_typesupport_introspection_c.cpython-38-x86_64-linux-gnu.so
[10.588s] -- Set runtime path of "/home/ros-vm/github/auton_sys-23/utils/install/rover_utils/lib/python3.8/site-packages/rover_utils/rover_utils_s__rosidl_typesupport_introspection_c.cpython-38-x86_64-linux-gnu.so" to ""
[10.588s] -- Installing: /home/ros-vm/github/auton_sys-23/utils/install/rover_utils/lib/python3.8/site-packages/rover_utils/rover_utils_s__rosidl_typesupport_c.cpython-38-x86_64-linux-gnu.so
[10.589s] -- Set runtime path of "/home/ros-vm/github/auton_sys-23/utils/install/rover_utils/lib/python3.8/site-packages/rover_utils/rover_utils_s__rosidl_typesupport_c.cpython-38-x86_64-linux-gnu.so" to ""
[10.590s] -- Installing: /home/ros-vm/github/auton_sys-23/utils/install/rover_utils/lib/librover_utils__python.so
[10.591s] -- Set runtime path of "/home/ros-vm/github/auton_sys-23/utils/install/rover_utils/lib/librover_utils__python.so" to ""
[10.591s] -- Up-to-date: /home/ros-vm/github/auton_sys-23/utils/install/rover_utils/share/rover_utils/action/MinimalWalk.idl
[10.591s] -- Installing: /home/ros-vm/github/auton_sys-23/utils/install/rover_utils/share/rover_utils/msg/TestMsg.idl
[10.592s] -- Installing: /home/ros-vm/github/auton_sys-23/utils/install/rover_utils/share/rover_utils/action/MinimalWalk.action
[10.592s] -- Installing: /home/ros-vm/github/auton_sys-23/utils/install/rover_utils/share/rover_utils/msg/TestMsg.msg
[10.593s] -- Up-to-date: /home/ros-vm/github/auton_sys-23/utils/install/rover_utils/share/ament_index/resource_index/package_run_dependencies/rover_utils
[10.593s] -- Installing: /home/ros-vm/github/auton_sys-23/utils/install/rover_utils/share/ament_index/resource_index/parent_prefix_path/rover_utils
[10.594s] -- Up-to-date: /home/ros-vm/github/auton_sys-23/utils/install/rover_utils/share/rover_utils/environment/ament_prefix_path.sh
[10.594s] -- Installing: /home/ros-vm/github/auton_sys-23/utils/install/rover_utils/share/rover_utils/environment/ament_prefix_path.dsv
[10.595s] -- Up-to-date: /home/ros-vm/github/auton_sys-23/utils/install/rover_utils/share/rover_utils/environment/path.sh
[10.595s] -- Installing: /home/ros-vm/github/auton_sys-23/utils/install/rover_utils/share/rover_utils/environment/path.dsv
[10.595s] -- Up-to-date: /home/ros-vm/github/auton_sys-23/utils/install/rover_utils/share/rover_utils/local_setup.bash
[10.595s] -- Up-to-date: /home/ros-vm/github/auton_sys-23/utils/install/rover_utils/share/rover_utils/local_setup.sh
[10.599s] -- Up-to-date: /home/ros-vm/github/auton_sys-23/utils/install/rover_utils/share/rover_utils/local_setup.zsh
[10.600s] -- Installing: /home/ros-vm/github/auton_sys-23/utils/install/rover_utils/share/rover_utils/local_setup.dsv
[10.601s] -- Installing: /home/ros-vm/github/auton_sys-23/utils/install/rover_utils/share/rover_utils/package.dsv
[10.601s] -- Up-to-date: /home/ros-vm/github/auton_sys-23/utils/install/rover_utils/share/ament_index/resource_index/packages/rover_utils
[10.601s] -- Up-to-date: /home/ros-vm/github/auton_sys-23/utils/install/rover_utils/share/rover_utils/cmake/rover_utils__rosidl_generator_cExport.cmake
[10.602s] -- Installing: /home/ros-vm/github/auton_sys-23/utils/install/rover_utils/share/rover_utils/cmake/rover_utils__rosidl_generator_cExport-noconfig.cmake
[10.603s] -- Up-to-date: /home/ros-vm/github/auton_sys-23/utils/install/rover_utils/share/rover_utils/cmake/rover_utils__rosidl_typesupport_introspection_cExport.cmake
[10.603s] -- Installing: /home/ros-vm/github/auton_sys-23/utils/install/rover_utils/share/rover_utils/cmake/rover_utils__rosidl_typesupport_introspection_cExport-noconfig.cmake
[10.604s] -- Up-to-date: /home/ros-vm/github/auton_sys-23/utils/install/rover_utils/share/rover_utils/cmake/rover_utils__rosidl_typesupport_cExport.cmake
[10.604s] -- Installing: /home/ros-vm/github/auton_sys-23/utils/install/rover_utils/share/rover_utils/cmake/rover_utils__rosidl_typesupport_cExport-noconfig.cmake
[10.605s] -- Up-to-date: /home/ros-vm/github/auton_sys-23/utils/install/rover_utils/share/rover_utils/cmake/rover_utils__rosidl_generator_cppExport.cmake
[10.607s] -- Up-to-date: /home/ros-vm/github/auton_sys-23/utils/install/rover_utils/share/rover_utils/cmake/rover_utils__rosidl_typesupport_introspection_cppExport.cmake
[10.608s] -- Installing: /home/ros-vm/github/auton_sys-23/utils/install/rover_utils/share/rover_utils/cmake/rover_utils__rosidl_typesupport_introspection_cppExport-noconfig.cmake
[10.609s] -- Up-to-date: /home/ros-vm/github/auton_sys-23/utils/install/rover_utils/share/rover_utils/cmake/rover_utils__rosidl_typesupport_cppExport.cmake
[10.609s] -- Installing: /home/ros-vm/github/auton_sys-23/utils/install/rover_utils/share/rover_utils/cmake/rover_utils__rosidl_typesupport_cppExport-noconfig.cmake
[10.610s] -- Installing: /home/ros-vm/github/auton_sys-23/utils/install/rover_utils/share/rover_utils/cmake/rosidl_cmake-extras.cmake
[10.611s] -- Up-to-date: /home/ros-vm/github/auton_sys-23/utils/install/rover_utils/share/rover_utils/cmake/ament_cmake_export_dependencies-extras.cmake
[10.615s] -- Up-to-date: /home/ros-vm/github/auton_sys-23/utils/install/rover_utils/share/rover_utils/cmake/ament_cmake_export_libraries-extras.cmake
[10.617s] -- Up-to-date: /home/ros-vm/github/auton_sys-23/utils/install/rover_utils/share/rover_utils/cmake/ament_cmake_export_targets-extras.cmake
[10.618s] -- Up-to-date: /home/ros-vm/github/auton_sys-23/utils/install/rover_utils/share/rover_utils/cmake/ament_cmake_export_include_directories-extras.cmake
[10.619s] -- Up-to-date: /home/ros-vm/github/auton_sys-23/utils/install/rover_utils/share/rover_utils/cmake/rosidl_cmake_export_typesupport_libraries-extras.cmake
[10.622s] -- Up-to-date: /home/ros-vm/github/auton_sys-23/utils/install/rover_utils/share/rover_utils/cmake/rosidl_cmake_export_typesupport_targets-extras.cmake
[10.626s] -- Up-to-date: /home/ros-vm/github/auton_sys-23/utils/install/rover_utils/share/rover_utils/cmake/rover_utilsConfig.cmake
[10.629s] -- Up-to-date: /home/ros-vm/github/auton_sys-23/utils/install/rover_utils/share/rover_utils/cmake/rover_utilsConfig-version.cmake
[10.630s] -- Up-to-date: /home/ros-vm/github/auton_sys-23/utils/install/rover_utils/share/rover_utils/package.xml
[10.633s] Invoked command in '/home/ros-vm/github/auton_sys-23/utils/build/rover_utils' returned '0': /usr/bin/cmake --install /home/ros-vm/github/auton_sys-23/utils/build/rover_utils
