[0.068s] Invoking command in '/home/ros-vm/github/auton_sys-23/utils/build/rover_utils': /usr/bin/cmake --build /home/ros-vm/github/auton_sys-23/utils/build/rover_utils -- -j2 -l2
[0.159s] [  3%] Built target rover_utils__cpp
[0.168s] [ 12%] Built target rover_utils__rosidl_generator_c
[0.195s] [ 22%] Built target rover_utils__rosidl_typesupport_cpp
[0.201s] [ 32%] Built target rover_utils__rosidl_typesupport_fastrtps_cpp
[0.232s] [ 41%] Built target rover_utils__rosidl_typesupport_introspection_cpp
[0.236s] [ 51%] Built target rover_utils__rosidl_typesupport_c
[0.263s] [ 61%] Built target rover_utils__rosidl_typesupport_introspection_c
[0.267s] [ 70%] Built target rover_utils__rosidl_typesupport_fastrtps_c
[0.300s] [ 70%] Built target rover_utils
[0.335s] [ 74%] Built target rover_utils__py
[0.383s] [ 80%] Built target rover_utils__python
[0.423s] [ 87%] Built target rover_utils__rosidl_typesupport_fastrtps_c__pyext
[0.424s] [ 93%] Built target rover_utils__rosidl_typesupport_c__pyext
[0.455s] [100%] Built target rover_utils__rosidl_typesupport_introspection_c__pyext
[0.477s] Invoked command in '/home/ros-vm/github/auton_sys-23/utils/build/rover_utils' returned '0': /usr/bin/cmake --build /home/ros-vm/github/auton_sys-23/utils/build/rover_utils -- -j2 -l2
[0.615s] Invoking command in '/home/ros-vm/github/auton_sys-23/utils/build/rover_utils': /usr/bin/cmake --install /home/ros-vm/github/auton_sys-23/utils/build/rover_utils
[0.640s] -- Install configuration: ""
[0.641s] -- Up-to-date: /home/ros-vm/github/auton_sys-23/utils/install/rover_utils/share/ament_index/resource_index/rosidl_interfaces/rover_utils
[0.641s] -- Up-to-date: /home/ros-vm/github/auton_sys-23/utils/install/rover_utils/include/rover_utils
[0.641s] -- Up-to-date: /home/ros-vm/github/auton_sys-23/utils/install/rover_utils/include/rover_utils/action
[0.642s] -- Up-to-date: /home/ros-vm/github/auton_sys-23/utils/install/rover_utils/include/rover_utils/action/detail
[0.642s] -- Up-to-date: /home/ros-vm/github/auton_sys-23/utils/install/rover_utils/include/rover_utils/action/detail/minimal_walk__struct.h
[0.642s] -- Up-to-date: /home/ros-vm/github/auton_sys-23/utils/install/rover_utils/include/rover_utils/action/detail/minimal_walk__functions.c
[0.642s] -- Up-to-date: /home/ros-vm/github/auton_sys-23/utils/install/rover_utils/include/rover_utils/action/detail/minimal_walk__functions.h
[0.642s] -- Up-to-date: /home/ros-vm/github/auton_sys-23/utils/install/rover_utils/include/rover_utils/action/detail/minimal_walk__type_support.h
[0.642s] -- Up-to-date: /home/ros-vm/github/auton_sys-23/utils/install/rover_utils/include/rover_utils/action/minimal_walk.h
[0.642s] -- Up-to-date: /home/ros-vm/github/auton_sys-23/utils/install/rover_utils/include/rover_utils/msg
[0.643s] -- Up-to-date: /home/ros-vm/github/auton_sys-23/utils/install/rover_utils/include/rover_utils/msg/rosidl_generator_c__visibility_control.h
[0.643s] -- Up-to-date: /home/ros-vm/github/auton_sys-23/utils/install/rover_utils/share/rover_utils/environment/library_path.sh
[0.643s] -- Up-to-date: /home/ros-vm/github/auton_sys-23/utils/install/rover_utils/share/rover_utils/environment/library_path.dsv
[0.643s] -- Up-to-date: /home/ros-vm/github/auton_sys-23/utils/install/rover_utils/lib/librover_utils__rosidl_generator_c.so
[0.644s] -- Up-to-date: /home/ros-vm/github/auton_sys-23/utils/install/rover_utils/include/rover_utils
[0.644s] -- Up-to-date: /home/ros-vm/github/auton_sys-23/utils/install/rover_utils/include/rover_utils/action
[0.644s] -- Up-to-date: /home/ros-vm/github/auton_sys-23/utils/install/rover_utils/include/rover_utils/action/detail
[0.645s] -- Up-to-date: /home/ros-vm/github/auton_sys-23/utils/install/rover_utils/include/rover_utils/action/detail/minimal_walk__rosidl_typesupport_fastrtps_c.h
[0.645s] -- Up-to-date: /home/ros-vm/github/auton_sys-23/utils/install/rover_utils/include/rover_utils/msg
[0.645s] -- Up-to-date: /home/ros-vm/github/auton_sys-23/utils/install/rover_utils/include/rover_utils/msg/rosidl_typesupport_fastrtps_c__visibility_control.h
[0.645s] -- Up-to-date: /home/ros-vm/github/auton_sys-23/utils/install/rover_utils/lib/librover_utils__rosidl_typesupport_fastrtps_c.so
[0.646s] -- Up-to-date: /home/ros-vm/github/auton_sys-23/utils/install/rover_utils/include/rover_utils
[0.646s] -- Up-to-date: /home/ros-vm/github/auton_sys-23/utils/install/rover_utils/include/rover_utils/action
[0.646s] -- Up-to-date: /home/ros-vm/github/auton_sys-23/utils/install/rover_utils/include/rover_utils/action/detail
[0.646s] -- Up-to-date: /home/ros-vm/github/auton_sys-23/utils/install/rover_utils/include/rover_utils/action/detail/minimal_walk__rosidl_typesupport_fastrtps_cpp.hpp
[0.647s] -- Up-to-date: /home/ros-vm/github/auton_sys-23/utils/install/rover_utils/include/rover_utils/action/detail/dds_fastrtps
[0.647s] -- Up-to-date: /home/ros-vm/github/auton_sys-23/utils/install/rover_utils/include/rover_utils/msg
[0.647s] -- Up-to-date: /home/ros-vm/github/auton_sys-23/utils/install/rover_utils/include/rover_utils/msg/rosidl_typesupport_fastrtps_cpp__visibility_control.h
[0.647s] -- Up-to-date: /home/ros-vm/github/auton_sys-23/utils/install/rover_utils/lib/librover_utils__rosidl_typesupport_fastrtps_cpp.so
[0.648s] -- Up-to-date: /home/ros-vm/github/auton_sys-23/utils/install/rover_utils/include/rover_utils
[0.648s] -- Up-to-date: /home/ros-vm/github/auton_sys-23/utils/install/rover_utils/include/rover_utils/action
[0.648s] -- Up-to-date: /home/ros-vm/github/auton_sys-23/utils/install/rover_utils/include/rover_utils/action/detail
[0.648s] -- Up-to-date: /home/ros-vm/github/auton_sys-23/utils/install/rover_utils/include/rover_utils/action/detail/minimal_walk__type_support.c
[0.649s] -- Up-to-date: /home/ros-vm/github/auton_sys-23/utils/install/rover_utils/include/rover_utils/action/detail/minimal_walk__rosidl_typesupport_introspection_c.h
[0.649s] -- Up-to-date: /home/ros-vm/github/auton_sys-23/utils/install/rover_utils/include/rover_utils/msg
[0.649s] -- Up-to-date: /home/ros-vm/github/auton_sys-23/utils/install/rover_utils/include/rover_utils/msg/rosidl_typesupport_introspection_c__visibility_control.h
[0.649s] -- Up-to-date: /home/ros-vm/github/auton_sys-23/utils/install/rover_utils/lib/librover_utils__rosidl_typesupport_introspection_c.so
[0.650s] -- Up-to-date: /home/ros-vm/github/auton_sys-23/utils/install/rover_utils/lib/librover_utils__rosidl_typesupport_c.so
[0.650s] -- Up-to-date: /home/ros-vm/github/auton_sys-23/utils/install/rover_utils/include/rover_utils
[0.651s] -- Up-to-date: /home/ros-vm/github/auton_sys-23/utils/install/rover_utils/include/rover_utils/action
[0.651s] -- Up-to-date: /home/ros-vm/github/auton_sys-23/utils/install/rover_utils/include/rover_utils/action/minimal_walk.hpp
[0.651s] -- Up-to-date: /home/ros-vm/github/auton_sys-23/utils/install/rover_utils/include/rover_utils/action/detail
[0.651s] -- Up-to-date: /home/ros-vm/github/auton_sys-23/utils/install/rover_utils/include/rover_utils/action/detail/minimal_walk__struct.hpp
[0.651s] -- Up-to-date: /home/ros-vm/github/auton_sys-23/utils/install/rover_utils/include/rover_utils/action/detail/minimal_walk__builder.hpp
[0.652s] -- Up-to-date: /home/ros-vm/github/auton_sys-23/utils/install/rover_utils/include/rover_utils/action/detail/minimal_walk__traits.hpp
[0.652s] -- Up-to-date: /home/ros-vm/github/auton_sys-23/utils/install/rover_utils/include/rover_utils
[0.652s] -- Up-to-date: /home/ros-vm/github/auton_sys-23/utils/install/rover_utils/include/rover_utils/action
[0.652s] -- Up-to-date: /home/ros-vm/github/auton_sys-23/utils/install/rover_utils/include/rover_utils/action/detail
[0.652s] -- Up-to-date: /home/ros-vm/github/auton_sys-23/utils/install/rover_utils/include/rover_utils/action/detail/minimal_walk__type_support.cpp
[0.653s] -- Up-to-date: /home/ros-vm/github/auton_sys-23/utils/install/rover_utils/include/rover_utils/action/detail/minimal_walk__rosidl_typesupport_introspection_cpp.hpp
[0.653s] -- Up-to-date: /home/ros-vm/github/auton_sys-23/utils/install/rover_utils/lib/librover_utils__rosidl_typesupport_introspection_cpp.so
[0.654s] -- Up-to-date: /home/ros-vm/github/auton_sys-23/utils/install/rover_utils/lib/librover_utils__rosidl_typesupport_cpp.so
[0.654s] -- Up-to-date: /home/ros-vm/github/auton_sys-23/utils/install/rover_utils/share/rover_utils/environment/pythonpath.sh
[0.654s] -- Up-to-date: /home/ros-vm/github/auton_sys-23/utils/install/rover_utils/share/rover_utils/environment/pythonpath.dsv
[0.655s] -- Up-to-date: /home/ros-vm/github/auton_sys-23/utils/install/rover_utils/lib/python3.8/site-packages/rover_utils/__init__.py
[0.693s] -- Up-to-date: /home/ros-vm/github/auton_sys-23/utils/install/rover_utils/lib/python3.8/site-packages/rover_utils/action
[0.694s] -- Up-to-date: /home/ros-vm/github/auton_sys-23/utils/install/rover_utils/lib/python3.8/site-packages/rover_utils/action/_minimal_walk_s.c
[0.694s] -- Up-to-date: /home/ros-vm/github/auton_sys-23/utils/install/rover_utils/lib/python3.8/site-packages/rover_utils/action/_minimal_walk.py
[0.694s] -- Up-to-date: /home/ros-vm/github/auton_sys-23/utils/install/rover_utils/lib/python3.8/site-packages/rover_utils/action/__init__.py
[0.695s] -- Up-to-date: /home/ros-vm/github/auton_sys-23/utils/install/rover_utils/lib/python3.8/site-packages/rover_utils/rover_utils_s__rosidl_typesupport_fastrtps_c.cpython-38-x86_64-linux-gnu.so
[0.695s] -- Up-to-date: /home/ros-vm/github/auton_sys-23/utils/install/rover_utils/lib/python3.8/site-packages/rover_utils/rover_utils_s__rosidl_typesupport_introspection_c.cpython-38-x86_64-linux-gnu.so
[0.696s] -- Up-to-date: /home/ros-vm/github/auton_sys-23/utils/install/rover_utils/lib/python3.8/site-packages/rover_utils/rover_utils_s__rosidl_typesupport_c.cpython-38-x86_64-linux-gnu.so
[0.697s] -- Up-to-date: /home/ros-vm/github/auton_sys-23/utils/install/rover_utils/lib/librover_utils__python.so
[0.697s] -- Up-to-date: /home/ros-vm/github/auton_sys-23/utils/install/rover_utils/share/rover_utils/action/MinimalWalk.idl
[0.698s] -- Up-to-date: /home/ros-vm/github/auton_sys-23/utils/install/rover_utils/share/rover_utils/action/MinimalWalk.action
[0.698s] -- Up-to-date: /home/ros-vm/github/auton_sys-23/utils/install/rover_utils/share/ament_index/resource_index/package_run_dependencies/rover_utils
[0.698s] -- Up-to-date: /home/ros-vm/github/auton_sys-23/utils/install/rover_utils/share/ament_index/resource_index/parent_prefix_path/rover_utils
[0.698s] -- Up-to-date: /home/ros-vm/github/auton_sys-23/utils/install/rover_utils/share/rover_utils/environment/ament_prefix_path.sh
[0.698s] -- Up-to-date: /home/ros-vm/github/auton_sys-23/utils/install/rover_utils/share/rover_utils/environment/ament_prefix_path.dsv
[0.699s] -- Up-to-date: /home/ros-vm/github/auton_sys-23/utils/install/rover_utils/share/rover_utils/environment/path.sh
[0.699s] -- Up-to-date: /home/ros-vm/github/auton_sys-23/utils/install/rover_utils/share/rover_utils/environment/path.dsv
[0.699s] -- Up-to-date: /home/ros-vm/github/auton_sys-23/utils/install/rover_utils/share/rover_utils/local_setup.bash
[0.699s] -- Up-to-date: /home/ros-vm/github/auton_sys-23/utils/install/rover_utils/share/rover_utils/local_setup.sh
[0.700s] -- Up-to-date: /home/ros-vm/github/auton_sys-23/utils/install/rover_utils/share/rover_utils/local_setup.zsh
[0.700s] -- Up-to-date: /home/ros-vm/github/auton_sys-23/utils/install/rover_utils/share/rover_utils/local_setup.dsv
[0.700s] -- Installing: /home/ros-vm/github/auton_sys-23/utils/install/rover_utils/share/rover_utils/package.dsv
[0.701s] -- Up-to-date: /home/ros-vm/github/auton_sys-23/utils/install/rover_utils/share/ament_index/resource_index/packages/rover_utils
[0.701s] -- Up-to-date: /home/ros-vm/github/auton_sys-23/utils/install/rover_utils/share/rover_utils/cmake/rover_utils__rosidl_generator_cExport.cmake
[0.702s] -- Up-to-date: /home/ros-vm/github/auton_sys-23/utils/install/rover_utils/share/rover_utils/cmake/rover_utils__rosidl_generator_cExport-noconfig.cmake
[0.702s] -- Up-to-date: /home/ros-vm/github/auton_sys-23/utils/install/rover_utils/share/rover_utils/cmake/rover_utils__rosidl_typesupport_introspection_cExport.cmake
[0.703s] -- Up-to-date: /home/ros-vm/github/auton_sys-23/utils/install/rover_utils/share/rover_utils/cmake/rover_utils__rosidl_typesupport_introspection_cExport-noconfig.cmake
[0.703s] -- Up-to-date: /home/ros-vm/github/auton_sys-23/utils/install/rover_utils/share/rover_utils/cmake/rover_utils__rosidl_typesupport_cExport.cmake
[0.704s] -- Up-to-date: /home/ros-vm/github/auton_sys-23/utils/install/rover_utils/share/rover_utils/cmake/rover_utils__rosidl_typesupport_cExport-noconfig.cmake
[0.704s] -- Up-to-date: /home/ros-vm/github/auton_sys-23/utils/install/rover_utils/share/rover_utils/cmake/rover_utils__rosidl_generator_cppExport.cmake
[0.704s] -- Up-to-date: /home/ros-vm/github/auton_sys-23/utils/install/rover_utils/share/rover_utils/cmake/rover_utils__rosidl_typesupport_introspection_cppExport.cmake
[0.704s] -- Up-to-date: /home/ros-vm/github/auton_sys-23/utils/install/rover_utils/share/rover_utils/cmake/rover_utils__rosidl_typesupport_introspection_cppExport-noconfig.cmake
[0.705s] -- Up-to-date: /home/ros-vm/github/auton_sys-23/utils/install/rover_utils/share/rover_utils/cmake/rover_utils__rosidl_typesupport_cppExport.cmake
[0.705s] -- Up-to-date: /home/ros-vm/github/auton_sys-23/utils/install/rover_utils/share/rover_utils/cmake/rover_utils__rosidl_typesupport_cppExport-noconfig.cmake
[0.705s] -- Up-to-date: /home/ros-vm/github/auton_sys-23/utils/install/rover_utils/share/rover_utils/cmake/rosidl_cmake-extras.cmake
[0.706s] -- Up-to-date: /home/ros-vm/github/auton_sys-23/utils/install/rover_utils/share/rover_utils/cmake/ament_cmake_export_dependencies-extras.cmake
[0.706s] -- Up-to-date: /home/ros-vm/github/auton_sys-23/utils/install/rover_utils/share/rover_utils/cmake/ament_cmake_export_libraries-extras.cmake
[0.706s] -- Up-to-date: /home/ros-vm/github/auton_sys-23/utils/install/rover_utils/share/rover_utils/cmake/ament_cmake_export_targets-extras.cmake
[0.706s] -- Up-to-date: /home/ros-vm/github/auton_sys-23/utils/install/rover_utils/share/rover_utils/cmake/ament_cmake_export_include_directories-extras.cmake
[0.706s] -- Up-to-date: /home/ros-vm/github/auton_sys-23/utils/install/rover_utils/share/rover_utils/cmake/rosidl_cmake_export_typesupport_libraries-extras.cmake
[0.707s] -- Up-to-date: /home/ros-vm/github/auton_sys-23/utils/install/rover_utils/share/rover_utils/cmake/rosidl_cmake_export_typesupport_targets-extras.cmake
[0.712s] -- Up-to-date: /home/ros-vm/github/auton_sys-23/utils/install/rover_utils/share/rover_utils/cmake/rover_utilsConfig.cmake
[0.713s] -- Up-to-date: /home/ros-vm/github/auton_sys-23/utils/install/rover_utils/share/rover_utils/cmake/rover_utilsConfig-version.cmake
[0.713s] -- Up-to-date: /home/ros-vm/github/auton_sys-23/utils/install/rover_utils/share/rover_utils/package.xml
[0.720s] Invoked command in '/home/ros-vm/github/auton_sys-23/utils/build/rover_utils' returned '0': /usr/bin/cmake --install /home/ros-vm/github/auton_sys-23/utils/build/rover_utils
