[0.058s] Invoking command in '/home/ros-vm/github/auton_sys-23/utils/build/rover_utils': /usr/bin/cmake --build /home/ros-vm/github/auton_sys-23/utils/build/rover_utils -- -j2 -l2
[0.415s] -- Found ament_cmake: 0.9.9 (/home/ros-vm/ros2_foxy/ros2-linux/share/ament_cmake/cmake)
[0.493s] -- Found PythonInterp: /usr/bin/python3 (found suitable version "3.8.10", minimum required is "3") 
[0.493s] -- Using PYTHON_EXECUTABLE: /usr/bin/python3
[1.023s] -- Found ament_lint_auto: 0.9.6 (/home/ros-vm/ros2_foxy/ros2-linux/share/ament_lint_auto/cmake)
[1.201s] -- Found rosidl_default_generators: 1.0.1 (/home/ros-vm/ros2_foxy/ros2-linux/share/rosidl_default_generators/cmake)
[1.210s] -- Using all available rosidl_typesupport_c: rosidl_typesupport_connext_c;rosidl_typesupport_fastrtps_c;rosidl_typesupport_introspection_c
[1.221s] -- Found rosidl_adapter: 1.2.1 (/home/ros-vm/ros2_foxy/ros2-linux/share/rosidl_adapter/cmake)
[1.292s] -- Could not find RTI Connext - skipping rosidl_typesupport_connext_c
[1.382s] -- Could not find RTI Connext - skipping rosidl_typesupport_connext_cpp
[1.694s] -- Using all available rosidl_typesupport_cpp: rosidl_typesupport_connext_cpp;rosidl_typesupport_fastrtps_cpp;rosidl_typesupport_introspection_cpp
[1.774s] -- Found geometry_msgs: 2.0.5 (/home/ros-vm/ros2_foxy/ros2-linux/share/geometry_msgs/cmake)
[2.209s] -- Found PythonInterp: /usr/bin/python3 (found version "3.8.10") 
[2.705s] -- Found ament_cmake_ros: 0.9.2 (/home/ros-vm/ros2_foxy/ros2-linux/share/ament_cmake_ros/cmake)
[3.339s] -- Using all available rosidl_typesupport_c: rosidl_typesupport_connext_c;rosidl_typesupport_fastrtps_c;rosidl_typesupport_introspection_c
[3.561s] -- Using all available rosidl_typesupport_cpp: rosidl_typesupport_connext_cpp;rosidl_typesupport_fastrtps_cpp;rosidl_typesupport_introspection_cpp
[3.606s] -- Found PythonInterp: /usr/bin/python3 (found suitable version "3.8.10", minimum required is "3.5") 
[3.607s] -- Found python_cmake_module: 0.8.1 (/home/ros-vm/ros2_foxy/ros2-linux/share/python_cmake_module/cmake)
[3.645s] -- Using PYTHON_EXECUTABLE: /usr/bin/python3
[3.645s] -- Using PYTHON_INCLUDE_DIRS: /usr/include/python3.8
[3.645s] -- Using PYTHON_LIBRARIES: /usr/lib/x86_64-linux-gnu/libpython3.8.so
[3.786s] -- Added test 'copyright' to check source files copyright and LICENSE
[3.792s] -- Added test 'lint_cmake' to check CMake code style
[3.796s] -- Added test 'xmllint' to check XML markup files
[3.837s] -- Configuring done
[4.145s] -- Generating done
[4.152s] -- Build files have been written to: /home/ros-vm/github/auton_sys-23/utils/build/rover_utils
[4.297s] [  3%] [34m[1mGenerating C++ code for ROS interfaces[0m
[5.167s] [  3%] Built target rover_utils__cpp
[5.342s] [  6%] [34m[1mGenerating C code for ROS interfaces[0m
[5.983s] [35m[1mScanning dependencies of target rover_utils__rosidl_generator_c[0m
[6.011s] [  9%] [32mBuilding C object CMakeFiles/rover_utils__rosidl_generator_c.dir/rosidl_generator_c/rover_utils/action/detail/minimal_walk__functions.c.o[0m
[6.384s] [ 12%] [32m[1mLinking C shared library librover_utils__rosidl_generator_c.so[0m
[6.611s] [ 12%] Built target rover_utils__rosidl_generator_c
[6.632s] [ 16%] [34m[1mGenerating C++ type support dispatch for ROS interfaces[0m
[6.973s] [35m[1mScanning dependencies of target rover_utils__rosidl_typesupport_cpp[0m
[6.996s] [ 19%] [32mBuilding CXX object CMakeFiles/rover_utils__rosidl_typesupport_cpp.dir/rosidl_typesupport_cpp/rover_utils/action/minimal_walk__type_support.cpp.o[0m
[7.675s] [ 22%] [32m[1mLinking CXX shared library librover_utils__rosidl_typesupport_cpp.so[0m
[7.761s] [ 22%] Built target rover_utils__rosidl_typesupport_cpp
[7.782s] [ 25%] [34m[1mGenerating C++ type support for eProsima Fast-RTPS[0m
[8.296s] [35m[1mScanning dependencies of target rover_utils__rosidl_typesupport_fastrtps_cpp[0m
[8.325s] [ 29%] [32mBuilding CXX object CMakeFiles/rover_utils__rosidl_typesupport_fastrtps_cpp.dir/rosidl_typesupport_fastrtps_cpp/rover_utils/action/detail/dds_fastrtps/minimal_walk__type_support.cpp.o[0m
[9.002s] [ 32%] [32m[1mLinking CXX shared library librover_utils__rosidl_typesupport_fastrtps_cpp.so[0m
[9.164s] [ 32%] Built target rover_utils__rosidl_typesupport_fastrtps_cpp
[9.183s] [ 35%] [34m[1mGenerating C++ introspection for ROS interfaces[0m
[9.490s] [35m[1mScanning dependencies of target rover_utils__rosidl_typesupport_introspection_cpp[0m
[9.516s] [ 38%] [32mBuilding CXX object CMakeFiles/rover_utils__rosidl_typesupport_introspection_cpp.dir/rosidl_typesupport_introspection_cpp/rover_utils/action/detail/minimal_walk__type_support.cpp.o[0m
[9.950s] [ 41%] [32m[1mLinking CXX shared library librover_utils__rosidl_typesupport_introspection_cpp.so[0m
[10.052s] [ 41%] Built target rover_utils__rosidl_typesupport_introspection_cpp
[10.070s] [ 45%] [34m[1mGenerating C type support dispatch for ROS interfaces[0m
[10.333s] [35m[1mScanning dependencies of target rover_utils__rosidl_typesupport_c[0m
[10.361s] [ 48%] [32mBuilding CXX object CMakeFiles/rover_utils__rosidl_typesupport_c.dir/rosidl_typesupport_c/rover_utils/action/minimal_walk__type_support.cpp.o[0m
[10.426s] [ 51%] [32m[1mLinking CXX shared library librover_utils__rosidl_typesupport_c.so[0m
[10.491s] [ 51%] Built target rover_utils__rosidl_typesupport_c
[10.506s] [ 54%] [34m[1mGenerating C introspection for ROS interfaces[0m
[10.836s] [35m[1mScanning dependencies of target rover_utils__rosidl_typesupport_introspection_c[0m
[10.860s] [ 58%] [32mBuilding C object CMakeFiles/rover_utils__rosidl_typesupport_introspection_c.dir/rosidl_typesupport_introspection_c/rover_utils/action/detail/minimal_walk__type_support.c.o[0m
[10.922s] [ 61%] [32m[1mLinking C shared library librover_utils__rosidl_typesupport_introspection_c.so[0m
[10.977s] [ 61%] Built target rover_utils__rosidl_typesupport_introspection_c
[10.995s] [ 64%] [34m[1mGenerating C type support for eProsima Fast-RTPS[0m
[11.345s] [35m[1mScanning dependencies of target rover_utils__rosidl_typesupport_fastrtps_c[0m
[11.371s] [ 67%] [32mBuilding CXX object CMakeFiles/rover_utils__rosidl_typesupport_fastrtps_c.dir/rosidl_typesupport_fastrtps_c/rover_utils/action/detail/minimal_walk__type_support_c.cpp.o[0m
[11.804s] [ 70%] [32m[1mLinking CXX shared library librover_utils__rosidl_typesupport_fastrtps_c.so[0m
[11.944s] [ 70%] Built target rover_utils__rosidl_typesupport_fastrtps_c
[11.980s] [ 70%] Built target rover_utils
[12.010s] [ 74%] [34m[1mGenerating Python code for ROS interfaces[0m
[12.994s] [ 74%] Built target rover_utils__py
[13.014s] [35m[1mScanning dependencies of target rover_utils__python[0m
[13.051s] [ 77%] [32mBuilding C object CMakeFiles/rover_utils__python.dir/rosidl_generator_py/rover_utils/action/_minimal_walk_s.c.o[0m
[13.319s] [ 80%] [32m[1mLinking C shared library rosidl_generator_py/rover_utils/librover_utils__python.so[0m
[13.400s] [ 80%] Built target rover_utils__python
[13.417s] [35m[1mScanning dependencies of target rover_utils__rosidl_typesupport_c__pyext[0m
[13.455s] [ 83%] [32mBuilding C object CMakeFiles/rover_utils__rosidl_typesupport_c__pyext.dir/rosidl_generator_py/rover_utils/_rover_utils_s.ep.rosidl_typesupport_c.c.o[0m
[13.574s] [ 87%] [32m[1mLinking C shared library rosidl_generator_py/rover_utils/rover_utils_s__rosidl_typesupport_c.cpython-38-x86_64-linux-gnu.so[0m
[13.631s] [ 87%] Built target rover_utils__rosidl_typesupport_c__pyext
[13.653s] [35m[1mScanning dependencies of target rover_utils__rosidl_typesupport_fastrtps_c__pyext[0m
[13.690s] [ 90%] [32mBuilding C object CMakeFiles/rover_utils__rosidl_typesupport_fastrtps_c__pyext.dir/rosidl_generator_py/rover_utils/_rover_utils_s.ep.rosidl_typesupport_fastrtps_c.c.o[0m
[13.820s] [ 93%] [32m[1mLinking CXX shared library rosidl_generator_py/rover_utils/rover_utils_s__rosidl_typesupport_fastrtps_c.cpython-38-x86_64-linux-gnu.so[0m
[13.923s] [ 93%] Built target rover_utils__rosidl_typesupport_fastrtps_c__pyext
[13.943s] [35m[1mScanning dependencies of target rover_utils__rosidl_typesupport_introspection_c__pyext[0m
[13.979s] [ 96%] [32mBuilding C object CMakeFiles/rover_utils__rosidl_typesupport_introspection_c__pyext.dir/rosidl_generator_py/rover_utils/_rover_utils_s.ep.rosidl_typesupport_introspection_c.c.o[0m
[14.090s] [100%] [32m[1mLinking C shared library rosidl_generator_py/rover_utils/rover_utils_s__rosidl_typesupport_introspection_c.cpython-38-x86_64-linux-gnu.so[0m
[14.152s] [100%] Built target rover_utils__rosidl_typesupport_introspection_c__pyext
[14.171s] Invoked command in '/home/ros-vm/github/auton_sys-23/utils/build/rover_utils' returned '0': /usr/bin/cmake --build /home/ros-vm/github/auton_sys-23/utils/build/rover_utils -- -j2 -l2
[14.300s] Invoking command in '/home/ros-vm/github/auton_sys-23/utils/build/rover_utils': /usr/bin/cmake --install /home/ros-vm/github/auton_sys-23/utils/build/rover_utils
[14.312s] -- Install configuration: ""
[14.313s] -- Up-to-date: /home/ros-vm/github/auton_sys-23/utils/install/rover_utils/share/ament_index/resource_index/rosidl_interfaces/rover_utils
[14.313s] -- Up-to-date: /home/ros-vm/github/auton_sys-23/utils/install/rover_utils/include/rover_utils
[14.313s] -- Up-to-date: /home/ros-vm/github/auton_sys-23/utils/install/rover_utils/include/rover_utils/action
[14.313s] -- Up-to-date: /home/ros-vm/github/auton_sys-23/utils/install/rover_utils/include/rover_utils/action/detail
[14.313s] -- Installing: /home/ros-vm/github/auton_sys-23/utils/install/rover_utils/include/rover_utils/action/detail/minimal_walk__struct.h
[14.314s] -- Installing: /home/ros-vm/github/auton_sys-23/utils/install/rover_utils/include/rover_utils/action/detail/minimal_walk__functions.c
[14.314s] -- Installing: /home/ros-vm/github/auton_sys-23/utils/install/rover_utils/include/rover_utils/action/detail/minimal_walk__functions.h
[14.315s] -- Installing: /home/ros-vm/github/auton_sys-23/utils/install/rover_utils/include/rover_utils/action/detail/minimal_walk__type_support.h
[14.315s] -- Installing: /home/ros-vm/github/auton_sys-23/utils/install/rover_utils/include/rover_utils/action/minimal_walk.h
[14.316s] -- Up-to-date: /home/ros-vm/github/auton_sys-23/utils/install/rover_utils/include/rover_utils/msg
[14.316s] -- Up-to-date: /home/ros-vm/github/auton_sys-23/utils/install/rover_utils/include/rover_utils/msg/rosidl_generator_c__visibility_control.h
[14.316s] -- Up-to-date: /home/ros-vm/github/auton_sys-23/utils/install/rover_utils/share/rover_utils/environment/library_path.sh
[14.316s] -- Installing: /home/ros-vm/github/auton_sys-23/utils/install/rover_utils/share/rover_utils/environment/library_path.dsv
[14.319s] -- Installing: /home/ros-vm/github/auton_sys-23/utils/install/rover_utils/lib/librover_utils__rosidl_generator_c.so
[14.320s] -- Set runtime path of "/home/ros-vm/github/auton_sys-23/utils/install/rover_utils/lib/librover_utils__rosidl_generator_c.so" to ""
[14.320s] -- Up-to-date: /home/ros-vm/github/auton_sys-23/utils/install/rover_utils/include/rover_utils
[14.321s] -- Up-to-date: /home/ros-vm/github/auton_sys-23/utils/install/rover_utils/include/rover_utils/action
[14.321s] -- Up-to-date: /home/ros-vm/github/auton_sys-23/utils/install/rover_utils/include/rover_utils/action/detail
[14.321s] -- Installing: /home/ros-vm/github/auton_sys-23/utils/install/rover_utils/include/rover_utils/action/detail/minimal_walk__rosidl_typesupport_fastrtps_c.h
[14.321s] -- Up-to-date: /home/ros-vm/github/auton_sys-23/utils/install/rover_utils/include/rover_utils/msg
[14.321s] -- Up-to-date: /home/ros-vm/github/auton_sys-23/utils/install/rover_utils/include/rover_utils/msg/rosidl_typesupport_fastrtps_c__visibility_control.h
[14.325s] -- Installing: /home/ros-vm/github/auton_sys-23/utils/install/rover_utils/lib/librover_utils__rosidl_typesupport_fastrtps_c.so
[14.326s] -- Set runtime path of "/home/ros-vm/github/auton_sys-23/utils/install/rover_utils/lib/librover_utils__rosidl_typesupport_fastrtps_c.so" to ""
[14.326s] -- Up-to-date: /home/ros-vm/github/auton_sys-23/utils/install/rover_utils/include/rover_utils
[14.326s] -- Up-to-date: /home/ros-vm/github/auton_sys-23/utils/install/rover_utils/include/rover_utils/action
[14.326s] -- Up-to-date: /home/ros-vm/github/auton_sys-23/utils/install/rover_utils/include/rover_utils/action/detail
[14.326s] -- Installing: /home/ros-vm/github/auton_sys-23/utils/install/rover_utils/include/rover_utils/action/detail/minimal_walk__rosidl_typesupport_fastrtps_cpp.hpp
[14.327s] -- Up-to-date: /home/ros-vm/github/auton_sys-23/utils/install/rover_utils/include/rover_utils/action/detail/dds_fastrtps
[14.327s] -- Up-to-date: /home/ros-vm/github/auton_sys-23/utils/install/rover_utils/include/rover_utils/msg
[14.327s] -- Up-to-date: /home/ros-vm/github/auton_sys-23/utils/install/rover_utils/include/rover_utils/msg/rosidl_typesupport_fastrtps_cpp__visibility_control.h
[14.329s] -- Installing: /home/ros-vm/github/auton_sys-23/utils/install/rover_utils/lib/librover_utils__rosidl_typesupport_fastrtps_cpp.so
[14.330s] -- Set runtime path of "/home/ros-vm/github/auton_sys-23/utils/install/rover_utils/lib/librover_utils__rosidl_typesupport_fastrtps_cpp.so" to ""
[14.330s] -- Up-to-date: /home/ros-vm/github/auton_sys-23/utils/install/rover_utils/include/rover_utils
[14.330s] -- Up-to-date: /home/ros-vm/github/auton_sys-23/utils/install/rover_utils/include/rover_utils/action
[14.330s] -- Up-to-date: /home/ros-vm/github/auton_sys-23/utils/install/rover_utils/include/rover_utils/action/detail
[14.330s] -- Installing: /home/ros-vm/github/auton_sys-23/utils/install/rover_utils/include/rover_utils/action/detail/minimal_walk__type_support.c
[14.331s] -- Installing: /home/ros-vm/github/auton_sys-23/utils/install/rover_utils/include/rover_utils/action/detail/minimal_walk__rosidl_typesupport_introspection_c.h
[14.331s] -- Up-to-date: /home/ros-vm/github/auton_sys-23/utils/install/rover_utils/include/rover_utils/msg
[14.332s] -- Up-to-date: /home/ros-vm/github/auton_sys-23/utils/install/rover_utils/include/rover_utils/msg/rosidl_typesupport_introspection_c__visibility_control.h
[14.334s] -- Installing: /home/ros-vm/github/auton_sys-23/utils/install/rover_utils/lib/librover_utils__rosidl_typesupport_introspection_c.so
[14.336s] -- Set runtime path of "/home/ros-vm/github/auton_sys-23/utils/install/rover_utils/lib/librover_utils__rosidl_typesupport_introspection_c.so" to ""
[14.336s] -- Installing: /home/ros-vm/github/auton_sys-23/utils/install/rover_utils/lib/librover_utils__rosidl_typesupport_c.so
[14.338s] -- Set runtime path of "/home/ros-vm/github/auton_sys-23/utils/install/rover_utils/lib/librover_utils__rosidl_typesupport_c.so" to ""
[14.338s] -- Up-to-date: /home/ros-vm/github/auton_sys-23/utils/install/rover_utils/include/rover_utils
[14.338s] -- Up-to-date: /home/ros-vm/github/auton_sys-23/utils/install/rover_utils/include/rover_utils/action
[14.338s] -- Installing: /home/ros-vm/github/auton_sys-23/utils/install/rover_utils/include/rover_utils/action/minimal_walk.hpp
[14.339s] -- Up-to-date: /home/ros-vm/github/auton_sys-23/utils/install/rover_utils/include/rover_utils/action/detail
[14.339s] -- Installing: /home/ros-vm/github/auton_sys-23/utils/install/rover_utils/include/rover_utils/action/detail/minimal_walk__struct.hpp
[14.339s] -- Installing: /home/ros-vm/github/auton_sys-23/utils/install/rover_utils/include/rover_utils/action/detail/minimal_walk__builder.hpp
[14.340s] -- Installing: /home/ros-vm/github/auton_sys-23/utils/install/rover_utils/include/rover_utils/action/detail/minimal_walk__traits.hpp
[14.341s] -- Up-to-date: /home/ros-vm/github/auton_sys-23/utils/install/rover_utils/include/rover_utils
[14.341s] -- Up-to-date: /home/ros-vm/github/auton_sys-23/utils/install/rover_utils/include/rover_utils/action
[14.341s] -- Up-to-date: /home/ros-vm/github/auton_sys-23/utils/install/rover_utils/include/rover_utils/action/detail
[14.341s] -- Installing: /home/ros-vm/github/auton_sys-23/utils/install/rover_utils/include/rover_utils/action/detail/minimal_walk__type_support.cpp
[14.370s] -- Installing: /home/ros-vm/github/auton_sys-23/utils/install/rover_utils/include/rover_utils/action/detail/minimal_walk__rosidl_typesupport_introspection_cpp.hpp
[14.373s] -- Installing: /home/ros-vm/github/auton_sys-23/utils/install/rover_utils/lib/librover_utils__rosidl_typesupport_introspection_cpp.so
[14.374s] -- Set runtime path of "/home/ros-vm/github/auton_sys-23/utils/install/rover_utils/lib/librover_utils__rosidl_typesupport_introspection_cpp.so" to ""
[14.374s] -- Installing: /home/ros-vm/github/auton_sys-23/utils/install/rover_utils/lib/librover_utils__rosidl_typesupport_cpp.so
[14.375s] -- Set runtime path of "/home/ros-vm/github/auton_sys-23/utils/install/rover_utils/lib/librover_utils__rosidl_typesupport_cpp.so" to ""
[14.375s] -- Up-to-date: /home/ros-vm/github/auton_sys-23/utils/install/rover_utils/share/rover_utils/environment/pythonpath.sh
[14.375s] -- Installing: /home/ros-vm/github/auton_sys-23/utils/install/rover_utils/share/rover_utils/environment/pythonpath.dsv
[14.375s] -- Installing: /home/ros-vm/github/auton_sys-23/utils/install/rover_utils/lib/python3.8/site-packages/rover_utils/__init__.py
[14.413s] Compiling '/home/ros-vm/github/auton_sys-23/utils/install/rover_utils/lib/python3.8/site-packages/rover_utils/__init__.py'...
[14.417s] -- Up-to-date: /home/ros-vm/github/auton_sys-23/utils/install/rover_utils/lib/python3.8/site-packages/rover_utils/action
[14.417s] -- Installing: /home/ros-vm/github/auton_sys-23/utils/install/rover_utils/lib/python3.8/site-packages/rover_utils/action/_minimal_walk_s.c
[14.417s] -- Installing: /home/ros-vm/github/auton_sys-23/utils/install/rover_utils/lib/python3.8/site-packages/rover_utils/action/_minimal_walk.py
[14.417s] -- Installing: /home/ros-vm/github/auton_sys-23/utils/install/rover_utils/lib/python3.8/site-packages/rover_utils/action/__init__.py
[14.418s] -- Installing: /home/ros-vm/github/auton_sys-23/utils/install/rover_utils/lib/python3.8/site-packages/rover_utils/rover_utils_s__rosidl_typesupport_fastrtps_c.cpython-38-x86_64-linux-gnu.so
[14.419s] -- Set runtime path of "/home/ros-vm/github/auton_sys-23/utils/install/rover_utils/lib/python3.8/site-packages/rover_utils/rover_utils_s__rosidl_typesupport_fastrtps_c.cpython-38-x86_64-linux-gnu.so" to ""
[14.419s] -- Installing: /home/ros-vm/github/auton_sys-23/utils/install/rover_utils/lib/python3.8/site-packages/rover_utils/rover_utils_s__rosidl_typesupport_introspection_c.cpython-38-x86_64-linux-gnu.so
[14.420s] -- Set runtime path of "/home/ros-vm/github/auton_sys-23/utils/install/rover_utils/lib/python3.8/site-packages/rover_utils/rover_utils_s__rosidl_typesupport_introspection_c.cpython-38-x86_64-linux-gnu.so" to ""
[14.420s] -- Installing: /home/ros-vm/github/auton_sys-23/utils/install/rover_utils/lib/python3.8/site-packages/rover_utils/rover_utils_s__rosidl_typesupport_c.cpython-38-x86_64-linux-gnu.so
[14.421s] -- Set runtime path of "/home/ros-vm/github/auton_sys-23/utils/install/rover_utils/lib/python3.8/site-packages/rover_utils/rover_utils_s__rosidl_typesupport_c.cpython-38-x86_64-linux-gnu.so" to ""
[14.422s] -- Installing: /home/ros-vm/github/auton_sys-23/utils/install/rover_utils/lib/librover_utils__python.so
[14.423s] -- Set runtime path of "/home/ros-vm/github/auton_sys-23/utils/install/rover_utils/lib/librover_utils__python.so" to ""
[14.423s] -- Installing: /home/ros-vm/github/auton_sys-23/utils/install/rover_utils/share/rover_utils/action/MinimalWalk.idl
[14.424s] -- Installing: /home/ros-vm/github/auton_sys-23/utils/install/rover_utils/share/rover_utils/action/MinimalWalk.action
[14.424s] -- Up-to-date: /home/ros-vm/github/auton_sys-23/utils/install/rover_utils/share/ament_index/resource_index/package_run_dependencies/rover_utils
[14.425s] -- Installing: /home/ros-vm/github/auton_sys-23/utils/install/rover_utils/share/ament_index/resource_index/parent_prefix_path/rover_utils
[14.425s] -- Up-to-date: /home/ros-vm/github/auton_sys-23/utils/install/rover_utils/share/rover_utils/environment/ament_prefix_path.sh
[14.425s] -- Installing: /home/ros-vm/github/auton_sys-23/utils/install/rover_utils/share/rover_utils/environment/ament_prefix_path.dsv
[14.425s] -- Up-to-date: /home/ros-vm/github/auton_sys-23/utils/install/rover_utils/share/rover_utils/environment/path.sh
[14.426s] -- Installing: /home/ros-vm/github/auton_sys-23/utils/install/rover_utils/share/rover_utils/environment/path.dsv
[14.426s] -- Up-to-date: /home/ros-vm/github/auton_sys-23/utils/install/rover_utils/share/rover_utils/local_setup.bash
[14.426s] -- Up-to-date: /home/ros-vm/github/auton_sys-23/utils/install/rover_utils/share/rover_utils/local_setup.sh
[14.426s] -- Up-to-date: /home/ros-vm/github/auton_sys-23/utils/install/rover_utils/share/rover_utils/local_setup.zsh
[14.426s] -- Installing: /home/ros-vm/github/auton_sys-23/utils/install/rover_utils/share/rover_utils/local_setup.dsv
[14.427s] -- Installing: /home/ros-vm/github/auton_sys-23/utils/install/rover_utils/share/rover_utils/package.dsv
[14.427s] -- Up-to-date: /home/ros-vm/github/auton_sys-23/utils/install/rover_utils/share/ament_index/resource_index/packages/rover_utils
[14.427s] -- Up-to-date: /home/ros-vm/github/auton_sys-23/utils/install/rover_utils/share/rover_utils/cmake/rover_utils__rosidl_generator_cExport.cmake
[14.427s] -- Installing: /home/ros-vm/github/auton_sys-23/utils/install/rover_utils/share/rover_utils/cmake/rover_utils__rosidl_generator_cExport-noconfig.cmake
[14.428s] -- Up-to-date: /home/ros-vm/github/auton_sys-23/utils/install/rover_utils/share/rover_utils/cmake/rover_utils__rosidl_typesupport_introspection_cExport.cmake
[14.428s] -- Installing: /home/ros-vm/github/auton_sys-23/utils/install/rover_utils/share/rover_utils/cmake/rover_utils__rosidl_typesupport_introspection_cExport-noconfig.cmake
[14.428s] -- Up-to-date: /home/ros-vm/github/auton_sys-23/utils/install/rover_utils/share/rover_utils/cmake/rover_utils__rosidl_typesupport_cExport.cmake
[14.428s] -- Installing: /home/ros-vm/github/auton_sys-23/utils/install/rover_utils/share/rover_utils/cmake/rover_utils__rosidl_typesupport_cExport-noconfig.cmake
[14.428s] -- Up-to-date: /home/ros-vm/github/auton_sys-23/utils/install/rover_utils/share/rover_utils/cmake/rover_utils__rosidl_generator_cppExport.cmake
[14.429s] -- Up-to-date: /home/ros-vm/github/auton_sys-23/utils/install/rover_utils/share/rover_utils/cmake/rover_utils__rosidl_typesupport_introspection_cppExport.cmake
[14.429s] -- Installing: /home/ros-vm/github/auton_sys-23/utils/install/rover_utils/share/rover_utils/cmake/rover_utils__rosidl_typesupport_introspection_cppExport-noconfig.cmake
[14.430s] -- Up-to-date: /home/ros-vm/github/auton_sys-23/utils/install/rover_utils/share/rover_utils/cmake/rover_utils__rosidl_typesupport_cppExport.cmake
[14.430s] -- Installing: /home/ros-vm/github/auton_sys-23/utils/install/rover_utils/share/rover_utils/cmake/rover_utils__rosidl_typesupport_cppExport-noconfig.cmake
[14.430s] -- Up-to-date: /home/ros-vm/github/auton_sys-23/utils/install/rover_utils/share/rover_utils/cmake/rosidl_cmake-extras.cmake
[14.430s] -- Up-to-date: /home/ros-vm/github/auton_sys-23/utils/install/rover_utils/share/rover_utils/cmake/ament_cmake_export_dependencies-extras.cmake
[14.430s] -- Up-to-date: /home/ros-vm/github/auton_sys-23/utils/install/rover_utils/share/rover_utils/cmake/ament_cmake_export_libraries-extras.cmake
[14.430s] -- Up-to-date: /home/ros-vm/github/auton_sys-23/utils/install/rover_utils/share/rover_utils/cmake/ament_cmake_export_targets-extras.cmake
[14.430s] -- Up-to-date: /home/ros-vm/github/auton_sys-23/utils/install/rover_utils/share/rover_utils/cmake/ament_cmake_export_include_directories-extras.cmake
[14.431s] -- Up-to-date: /home/ros-vm/github/auton_sys-23/utils/install/rover_utils/share/rover_utils/cmake/rosidl_cmake_export_typesupport_libraries-extras.cmake
[14.431s] -- Up-to-date: /home/ros-vm/github/auton_sys-23/utils/install/rover_utils/share/rover_utils/cmake/rosidl_cmake_export_typesupport_targets-extras.cmake
[14.431s] -- Up-to-date: /home/ros-vm/github/auton_sys-23/utils/install/rover_utils/share/rover_utils/cmake/rover_utilsConfig.cmake
[14.431s] -- Up-to-date: /home/ros-vm/github/auton_sys-23/utils/install/rover_utils/share/rover_utils/cmake/rover_utilsConfig-version.cmake
[14.431s] -- Up-to-date: /home/ros-vm/github/auton_sys-23/utils/install/rover_utils/share/rover_utils/package.xml
[14.433s] Invoked command in '/home/ros-vm/github/auton_sys-23/utils/build/rover_utils' returned '0': /usr/bin/cmake --install /home/ros-vm/github/auton_sys-23/utils/build/rover_utils
