[0.036s] Invoking command in '/home/ros-vm/github/auton_sys-23/utils/build/rover_actions': /usr/bin/cmake /home/ros-vm/github/auton_sys-23/utils/src/rover_actions -DCMAKE_INSTALL_PREFIX=/home/ros-vm/github/auton_sys-23/utils/install/rover_actions
[0.066s] -- Found ament_cmake: 0.9.9 (/home/ros-vm/ros2_foxy/ros2-linux/share/ament_cmake/cmake)
[0.096s] -- Found PythonInterp: /usr/bin/python3 (found suitable version "3.8.10", minimum required is "3") 
[0.096s] -- Using PYTHON_EXECUTABLE: /usr/bin/python3
[0.316s] -- Found ament_lint_auto: 0.9.6 (/home/ros-vm/ros2_foxy/ros2-linux/share/ament_lint_auto/cmake)
[0.389s] -- Found rosidl_default_generators: 1.0.1 (/home/ros-vm/ros2_foxy/ros2-linux/share/rosidl_default_generators/cmake)
[0.391s] -- Using all available rosidl_typesupport_c: rosidl_typesupport_connext_c;rosidl_typesupport_fastrtps_c;rosidl_typesupport_introspection_c
[0.394s] -- Found rosidl_adapter: 1.2.1 (/home/ros-vm/ros2_foxy/ros2-linux/share/rosidl_adapter/cmake)
[0.413s] -- Could not find RTI Connext - skipping rosidl_typesupport_connext_c
[0.439s] -- Could not find RTI Connext - skipping rosidl_typesupport_connext_cpp
[0.580s] -- Using all available rosidl_typesupport_cpp: rosidl_typesupport_connext_cpp;rosidl_typesupport_fastrtps_cpp;rosidl_typesupport_introspection_cpp
[0.639s] -- Found PythonInterp: /usr/bin/python3 (found version "3.8.10") 
[0.843s] CMake Error at /home/ros-vm/ros2_foxy/ros2-linux/share/rosidl_adapter/cmake/rosidl_adapt_interfaces.cmake:60 (message):
[0.844s]   execute_process(/usr/bin/python3 -m rosidl_adapter --package-name
[0.848s]   rover_actions --arguments-file
[0.848s]   /home/ros-vm/github/auton_sys-23/utils/build/rover_actions/rosidl_adapter__arguments__rover_actions.json
[0.848s]   --output-dir
[0.849s]   /home/ros-vm/github/auton_sys-23/utils/build/rover_actions/rosidl_adapter/rover_actions
[0.849s]   --output-file
[0.849s]   /home/ros-vm/github/auton_sys-23/utils/build/rover_actions/rosidl_adapter/rover_actions.idls)
[0.850s]   returned error code 1:
[0.850s] 
[0.850s]   Traceback (most recent call last):
[0.851s] 
[0.851s]     File "/usr/lib/python3.8/runpy.py", line 194, in _run_module_as_main
[0.852s]       return _run_code(code, main_globals, None,
[0.852s]     File "/usr/lib/python3.8/runpy.py", line 87, in _run_code
[0.852s]       exec(code, run_globals)
[0.853s]     File "/home/ros-vm/ros2_foxy/ros2-linux/lib/python3.8/site-packages/rosidl_adapter/__main__.py", line 19, in <module>
[0.853s]       sys.exit(main())
[0.853s]     File "/home/ros-vm/ros2_foxy/ros2-linux/lib/python3.8/site-packages/rosidl_adapter/main.py", line 53, in main
[0.854s]       abs_idl_file = convert_to_idl(
[0.854s]     File "/home/ros-vm/ros2_foxy/ros2-linux/lib/python3.8/site-packages/rosidl_adapter/__init__.py", line 29, in convert_to_idl
[0.854s]       return convert_action_to_idl(
[0.855s]     File "/home/ros-vm/ros2_foxy/ros2-linux/lib/python3.8/site-packages/rosidl_adapter/action/__init__.py", line 28, in convert_action_to_idl
[0.855s]       action = parse_action_string(package_name, input_file.stem, content)
[0.855s]     File "/home/ros-vm/ros2_foxy/ros2-linux/lib/python3.8/site-packages/rosidl_adapter/parser.py", line 892, in parse_action_string
[0.856s]       goal_message = parse_message_string(
[0.856s]     File "/home/ros-vm/ros2_foxy/ros2-linux/lib/python3.8/site-packages/rosidl_adapter/parser.py", line 531, in parse_message_string
[0.856s]       constants.append(Constant(type_string, name, value))
[0.856s]     File "/home/ros-vm/ros2_foxy/ros2-linux/lib/python3.8/site-packages/rosidl_adapter/parser.py", line 315, in __init__
[0.856s]       raise TypeError("the constant type '%s' must be a primitive type" %
[0.857s] 
[0.857s]   TypeError: the constant type 'float16' must be a primitive type
[0.857s] 
[0.858s] Call Stack (most recent call first):
[0.858s]   /home/ros-vm/ros2_foxy/ros2-linux/share/rosidl_cmake/cmake/rosidl_generate_interfaces.cmake:130 (rosidl_adapt_interfaces)
[0.862s]   CMakeLists.txt:37 (rosidl_generate_interfaces)
[0.862s] 
[0.862s] 
[0.863s] -- Configuring incomplete, errors occurred!
[0.863s] See also "/home/ros-vm/github/auton_sys-23/utils/build/rover_actions/CMakeFiles/CMakeOutput.log".
[0.863s] Invoked command in '/home/ros-vm/github/auton_sys-23/utils/build/rover_actions' returned '1': /usr/bin/cmake /home/ros-vm/github/auton_sys-23/utils/src/rover_actions -DCMAKE_INSTALL_PREFIX=/home/ros-vm/github/auton_sys-23/utils/install/rover_actions
