[0.024s] Invoking command in '/home/ros-vm/github/auton_sys-23/utils/build/rover_actions': /usr/bin/cmake /home/ros-vm/github/auton_sys-23/utils/src/rover_actions -DCMAKE_INSTALL_PREFIX=/home/ros-vm/github/auton_sys-23/utils/install/rover_actions
[0.293s] -- The C compiler identification is GNU 9.4.0
[0.523s] -- The CXX compiler identification is GNU 9.4.0
[0.544s] -- Check for working C compiler: /usr/bin/cc
[0.642s] -- Check for working C compiler: /usr/bin/cc -- works
[0.646s] -- Detecting C compiler ABI info
[0.759s] -- Detecting C compiler ABI info - done
[0.780s] -- Detecting C compile features
[0.782s] -- Detecting C compile features - done
[0.789s] -- Check for working CXX compiler: /usr/bin/c++
[0.908s] -- Check for working CXX compiler: /usr/bin/c++ -- works
[0.908s] -- Detecting CXX compiler ABI info
[1.029s] -- Detecting CXX compiler ABI info - done
[1.040s] -- Detecting CXX compile features
[1.041s] -- Detecting CXX compile features - done
[1.051s] -- Found ament_cmake: 0.9.9 (/home/ros-vm/ros2_foxy/ros2-linux/share/ament_cmake/cmake)
[1.088s] -- Found PythonInterp: /usr/bin/python3 (found suitable version "3.8.10", minimum required is "3") 
[1.089s] -- Using PYTHON_EXECUTABLE: /usr/bin/python3
[1.366s] -- Found ament_lint_auto: 0.9.6 (/home/ros-vm/ros2_foxy/ros2-linux/share/ament_lint_auto/cmake)
[1.480s] -- Found rosidl_default_generators: 1.0.1 (/home/ros-vm/ros2_foxy/ros2-linux/share/rosidl_default_generators/cmake)
[1.494s] -- Using all available rosidl_typesupport_c: rosidl_typesupport_connext_c;rosidl_typesupport_fastrtps_c;rosidl_typesupport_introspection_c
[1.516s] -- Found rosidl_adapter: 1.2.1 (/home/ros-vm/ros2_foxy/ros2-linux/share/rosidl_adapter/cmake)
[1.560s] -- Could not find RTI Connext - skipping rosidl_typesupport_connext_c
[1.622s] -- Could not find RTI Connext - skipping rosidl_typesupport_connext_cpp
[1.707s] CMake Error at /usr/share/cmake-3.16/Modules/FindPackageHandleStandardArgs.cmake:146 (message):
[1.707s]   Could NOT find OpenSSL, try to set the path to OpenSSL root folder in the
[1.707s]   system variable OPENSSL_ROOT_DIR (missing: OPENSSL_CRYPTO_LIBRARY
[1.708s]   OPENSSL_INCLUDE_DIR)
[1.708s] Call Stack (most recent call first):
[1.708s]   /usr/share/cmake-3.16/Modules/FindPackageHandleStandardArgs.cmake:393 (_FPHSA_FAILURE_MESSAGE)
[1.708s]   /usr/share/cmake-3.16/Modules/FindOpenSSL.cmake:447 (find_package_handle_standard_args)
[1.708s]   /home/ros-vm/ros2_foxy/ros2-linux/share/fastrtps/cmake/fastrtps-config.cmake:52 (find_package)
[1.709s]   /home/ros-vm/ros2_foxy/ros2-linux/share/rosidl_typesupport_fastrtps_c/cmake/rosidl_typesupport_fastrtps_c-extras.cmake:6 (find_package)
[1.709s]   /home/ros-vm/ros2_foxy/ros2-linux/share/rosidl_typesupport_fastrtps_c/cmake/rosidl_typesupport_fastrtps_cConfig.cmake:41 (include)
[1.709s]   /home/ros-vm/ros2_foxy/ros2-linux/share/rosidl_typesupport_c/cmake/rosidl_typesupport_c-extras.cmake:13 (find_package)
[1.709s]   /home/ros-vm/ros2_foxy/ros2-linux/share/rosidl_typesupport_c/cmake/rosidl_typesupport_cConfig.cmake:41 (include)
[1.710s]   /home/ros-vm/ros2_foxy/ros2-linux/share/rosidl_default_generators/cmake/rosidl_default_generators-extras.cmake:21 (find_package)
[1.710s]   /home/ros-vm/ros2_foxy/ros2-linux/share/rosidl_default_generators/cmake/rosidl_default_generatorsConfig.cmake:41 (include)
[1.710s]   CMakeLists.txt:35 (find_package)
[1.710s] 
[1.710s] 
[1.713s] -- Configuring incomplete, errors occurred!
[1.713s] See also "/home/ros-vm/github/auton_sys-23/utils/build/rover_actions/CMakeFiles/CMakeOutput.log".
[1.760s] Invoked command in '/home/ros-vm/github/auton_sys-23/utils/build/rover_actions' returned '1': /usr/bin/cmake /home/ros-vm/github/auton_sys-23/utils/src/rover_actions -DCMAKE_INSTALL_PREFIX=/home/ros-vm/github/auton_sys-23/utils/install/rover_actions
