[0.144s] DEBUG:colcon:Command line arguments: ['/usr/bin/colcon', 'build']
[0.144s] DEBUG:colcon:Parsed command line arguments: Namespace(allow_overriding=[], ament_cmake_args=None, base_paths=['.'], build_base='build', catkin_cmake_args=None, catkin_skip_building_tests=False, cmake_args=None, cmake_clean_cache=False, cmake_clean_first=False, cmake_force_configure=False, cmake_target=None, cmake_target_skip_unavailable=False, continue_on_error=False, event_handlers=None, executor='parallel', ignore_user_meta=False, install_base='install', log_base=None, log_level=None, main=<bound method BuildVerb.main of <colcon_core.verb.build.BuildVerb object at 0x7f59cae002b0>>, merge_install=False, metas=['./colcon.meta'], packages_above=None, packages_above_and_dependencies=None, packages_above_depth=None, packages_end=None, packages_ignore=None, packages_ignore_regex=None, packages_select=None, packages_select_build_failed=False, packages_select_by_dep=None, packages_select_regex=None, packages_select_test_failures=False, packages_skip=None, packages_skip_build_finished=False, packages_skip_by_dep=None, packages_skip_regex=None, packages_skip_test_passed=False, packages_skip_up_to=None, packages_start=None, packages_up_to=None, packages_up_to_regex=None, parallel_workers=2, paths=None, symlink_install=False, test_result_base=None, verb_extension=<colcon_core.verb.build.BuildVerb object at 0x7f59cae002b0>, verb_name='build', verb_parser=<colcon_defaults.argument_parser.defaults.DefaultArgumentsDecorator object at 0x7f59cae007f0>)
[0.168s] Level 1:colcon.colcon_core.package_discovery:discover_packages(colcon_meta) check parameters
[0.168s] Level 1:colcon.colcon_core.package_discovery:discover_packages(recursive) check parameters
[0.168s] Level 1:colcon.colcon_core.package_discovery:discover_packages(ignore) check parameters
[0.168s] Level 1:colcon.colcon_core.package_discovery:discover_packages(path) check parameters
[0.168s] Level 1:colcon.colcon_core.package_discovery:discover_packages(colcon_meta) discover
[0.169s] Level 1:colcon.colcon_core.package_discovery:discover_packages(recursive) discover
[0.169s] INFO:colcon.colcon_core.package_discovery:Crawling recursively for packages in '/home/ros-vm/github/auton_sys-23/utils'
[0.169s] Level 1:colcon.colcon_core.package_identification:_identify(.) by extensions ['ignore', 'ignore_ament_install']
[0.169s] Level 1:colcon.colcon_core.package_identification:_identify(.) by extension 'ignore'
[0.169s] Level 1:colcon.colcon_core.package_identification:_identify(.) by extension 'ignore_ament_install'
[0.169s] Level 1:colcon.colcon_core.package_identification:_identify(.) by extensions ['colcon_pkg']
[0.169s] Level 1:colcon.colcon_core.package_identification:_identify(.) by extension 'colcon_pkg'
[0.169s] Level 1:colcon.colcon_core.package_identification:_identify(.) by extensions ['colcon_meta']
[0.169s] Level 1:colcon.colcon_core.package_identification:_identify(.) by extension 'colcon_meta'
[0.169s] Level 1:colcon.colcon_core.package_identification:_identify(.) by extensions ['ros']
[0.169s] Level 1:colcon.colcon_core.package_identification:_identify(.) by extension 'ros'
[0.180s] Level 1:colcon.colcon_core.package_identification:_identify(.) by extensions ['cmake', 'python']
[0.180s] Level 1:colcon.colcon_core.package_identification:_identify(.) by extension 'cmake'
[0.180s] Level 1:colcon.colcon_core.package_identification:_identify(.) by extension 'python'
[0.180s] Level 1:colcon.colcon_core.package_identification:_identify(.) by extensions ['python_setup_py']
[0.180s] Level 1:colcon.colcon_core.package_identification:_identify(.) by extension 'python_setup_py'
[0.180s] Level 1:colcon.colcon_core.package_identification:_identify(build) by extensions ['ignore', 'ignore_ament_install']
[0.180s] Level 1:colcon.colcon_core.package_identification:_identify(build) by extension 'ignore'
[0.180s] Level 1:colcon.colcon_core.package_identification:_identify(build) ignored
[0.180s] Level 1:colcon.colcon_core.package_identification:_identify(install) by extensions ['ignore', 'ignore_ament_install']
[0.180s] Level 1:colcon.colcon_core.package_identification:_identify(install) by extension 'ignore'
[0.180s] Level 1:colcon.colcon_core.package_identification:_identify(install) ignored
[0.180s] Level 1:colcon.colcon_core.package_identification:_identify(log) by extensions ['ignore', 'ignore_ament_install']
[0.181s] Level 1:colcon.colcon_core.package_identification:_identify(log) by extension 'ignore'
[0.181s] Level 1:colcon.colcon_core.package_identification:_identify(log) ignored
[0.181s] Level 1:colcon.colcon_core.package_identification:_identify(src) by extensions ['ignore', 'ignore_ament_install']
[0.181s] Level 1:colcon.colcon_core.package_identification:_identify(src) by extension 'ignore'
[0.181s] Level 1:colcon.colcon_core.package_identification:_identify(src) by extension 'ignore_ament_install'
[0.181s] Level 1:colcon.colcon_core.package_identification:_identify(src) by extensions ['colcon_pkg']
[0.181s] Level 1:colcon.colcon_core.package_identification:_identify(src) by extension 'colcon_pkg'
[0.181s] Level 1:colcon.colcon_core.package_identification:_identify(src) by extensions ['colcon_meta']
[0.181s] Level 1:colcon.colcon_core.package_identification:_identify(src) by extension 'colcon_meta'
[0.181s] Level 1:colcon.colcon_core.package_identification:_identify(src) by extensions ['ros']
[0.181s] Level 1:colcon.colcon_core.package_identification:_identify(src) by extension 'ros'
[0.181s] Level 1:colcon.colcon_core.package_identification:_identify(src) by extensions ['cmake', 'python']
[0.181s] Level 1:colcon.colcon_core.package_identification:_identify(src) by extension 'cmake'
[0.181s] Level 1:colcon.colcon_core.package_identification:_identify(src) by extension 'python'
[0.181s] Level 1:colcon.colcon_core.package_identification:_identify(src) by extensions ['python_setup_py']
[0.181s] Level 1:colcon.colcon_core.package_identification:_identify(src) by extension 'python_setup_py'
[0.181s] Level 1:colcon.colcon_core.package_identification:_identify(src/rover_utils) by extensions ['ignore', 'ignore_ament_install']
[0.181s] Level 1:colcon.colcon_core.package_identification:_identify(src/rover_utils) by extension 'ignore'
[0.182s] Level 1:colcon.colcon_core.package_identification:_identify(src/rover_utils) by extension 'ignore_ament_install'
[0.182s] Level 1:colcon.colcon_core.package_identification:_identify(src/rover_utils) by extensions ['colcon_pkg']
[0.182s] Level 1:colcon.colcon_core.package_identification:_identify(src/rover_utils) by extension 'colcon_pkg'
[0.182s] Level 1:colcon.colcon_core.package_identification:_identify(src/rover_utils) by extensions ['colcon_meta']
[0.182s] Level 1:colcon.colcon_core.package_identification:_identify(src/rover_utils) by extension 'colcon_meta'
[0.182s] Level 1:colcon.colcon_core.package_identification:_identify(src/rover_utils) by extensions ['ros']
[0.182s] Level 1:colcon.colcon_core.package_identification:_identify(src/rover_utils) by extension 'ros'
[0.184s] DEBUG:colcon.colcon_core.package_identification:Package 'src/rover_utils' with type 'ros.ament_cmake' and name 'rover_utils'
[0.184s] Level 1:colcon.colcon_core.package_discovery:discover_packages(recursive) using defaults
[0.184s] Level 1:colcon.colcon_core.package_discovery:discover_packages(ignore) discover
[0.184s] Level 1:colcon.colcon_core.package_discovery:discover_packages(ignore) using defaults
[0.184s] Level 1:colcon.colcon_core.package_discovery:discover_packages(path) discover
[0.184s] Level 1:colcon.colcon_core.package_discovery:discover_packages(path) using defaults
[0.213s] Level 1:colcon.colcon_core.package_discovery:discover_packages(prefix_path) check parameters
[0.213s] Level 1:colcon.colcon_core.package_discovery:discover_packages(prefix_path) discover
[0.215s] DEBUG:colcon.colcon_installed_package_information.package_discovery:Found 1 installed packages in /home/ros-vm/github/auton_sys-23/utils/install
[0.221s] DEBUG:colcon.colcon_installed_package_information.package_discovery:Found 311 installed packages in /home/ros-vm/ros2_foxy/ros2-linux
[0.223s] Level 1:colcon.colcon_core.package_discovery:discover_packages(prefix_path) using defaults
[0.249s] Level 5:colcon.colcon_core.verb:set package 'rover_utils' build argument 'cmake_args' from command line to 'None'
[0.249s] Level 5:colcon.colcon_core.verb:set package 'rover_utils' build argument 'cmake_target' from command line to 'None'
[0.249s] Level 5:colcon.colcon_core.verb:set package 'rover_utils' build argument 'cmake_target_skip_unavailable' from command line to 'False'
[0.249s] Level 5:colcon.colcon_core.verb:set package 'rover_utils' build argument 'cmake_clean_cache' from command line to 'False'
[0.249s] Level 5:colcon.colcon_core.verb:set package 'rover_utils' build argument 'cmake_clean_first' from command line to 'False'
[0.249s] Level 5:colcon.colcon_core.verb:set package 'rover_utils' build argument 'cmake_force_configure' from command line to 'False'
[0.249s] Level 5:colcon.colcon_core.verb:set package 'rover_utils' build argument 'ament_cmake_args' from command line to 'None'
[0.250s] Level 5:colcon.colcon_core.verb:set package 'rover_utils' build argument 'catkin_cmake_args' from command line to 'None'
[0.250s] Level 5:colcon.colcon_core.verb:set package 'rover_utils' build argument 'catkin_skip_building_tests' from command line to 'False'
[0.250s] DEBUG:colcon.colcon_core.verb:Building package 'rover_utils' with the following arguments: {'ament_cmake_args': None, 'build_base': '/home/ros-vm/github/auton_sys-23/utils/build/rover_utils', 'catkin_cmake_args': None, 'catkin_skip_building_tests': False, 'cmake_args': None, 'cmake_clean_cache': False, 'cmake_clean_first': False, 'cmake_force_configure': False, 'cmake_target': None, 'cmake_target_skip_unavailable': False, 'install_base': '/home/ros-vm/github/auton_sys-23/utils/install/rover_utils', 'merge_install': False, 'path': '/home/ros-vm/github/auton_sys-23/utils/src/rover_utils', 'symlink_install': False, 'test_result_base': None}
[0.250s] INFO:colcon.colcon_core.executor:Executing jobs using 'parallel' executor
[0.254s] DEBUG:colcon.colcon_parallel_executor.executor.parallel:run_until_complete
[0.255s] INFO:colcon.colcon_ros.task.ament_cmake.build:Building ROS package in '/home/ros-vm/github/auton_sys-23/utils/src/rover_utils' with build type 'ament_cmake'
[0.255s] INFO:colcon.colcon_cmake.task.cmake.build:Building CMake package in '/home/ros-vm/github/auton_sys-23/utils/src/rover_utils'
[0.262s] INFO:colcon.colcon_core.plugin_system:Skipping extension 'colcon_core.shell.bat': Not used on non-Windows systems
[0.263s] INFO:colcon.colcon_core.shell:Skip shell extension 'powershell' for command environment: Not usable outside of PowerShell
[0.263s] DEBUG:colcon.colcon_core.shell:Skip shell extension 'dsv' for command environment
[0.331s] DEBUG:colcon.colcon_core.event_handler.log_command:Invoking command in '/home/ros-vm/github/auton_sys-23/utils/build/rover_utils': /usr/bin/cmake --build /home/ros-vm/github/auton_sys-23/utils/build/rover_utils -- -j2 -l2
[5.869s] DEBUG:colcon.colcon_core.event_handler.log_command:Invoked command in '/home/ros-vm/github/auton_sys-23/utils/build/rover_utils' returned '0': /usr/bin/cmake --build /home/ros-vm/github/auton_sys-23/utils/build/rover_utils -- -j2 -l2
[5.993s] DEBUG:colcon.colcon_core.event_handler.log_command:Invoking command in '/home/ros-vm/github/auton_sys-23/utils/build/rover_utils': /usr/bin/cmake --install /home/ros-vm/github/auton_sys-23/utils/build/rover_utils
[6.059s] Level 1:colcon.colcon_core.environment:create_environment_scripts_only(rover_utils)
[6.062s] DEBUG:colcon.colcon_core.event_handler.log_command:Invoked command in '/home/ros-vm/github/auton_sys-23/utils/build/rover_utils' returned '0': /usr/bin/cmake --install /home/ros-vm/github/auton_sys-23/utils/build/rover_utils
[6.065s] Level 1:colcon.colcon_core.environment:checking '/home/ros-vm/github/auton_sys-23/utils/install/rover_utils' for CMake module files
[6.066s] Level 1:colcon.colcon_core.environment:checking '/home/ros-vm/github/auton_sys-23/utils/install/rover_utils' for CMake config files
[6.067s] Level 1:colcon.colcon_core.shell:create_environment_hook('rover_utils', 'cmake_prefix_path')
[6.069s] INFO:colcon.colcon_core.shell:Creating environment hook '/home/ros-vm/github/auton_sys-23/utils/install/rover_utils/share/rover_utils/hook/cmake_prefix_path.ps1'
[6.070s] INFO:colcon.colcon_core.shell:Creating environment descriptor '/home/ros-vm/github/auton_sys-23/utils/install/rover_utils/share/rover_utils/hook/cmake_prefix_path.dsv'
[6.070s] INFO:colcon.colcon_core.shell:Creating environment hook '/home/ros-vm/github/auton_sys-23/utils/install/rover_utils/share/rover_utils/hook/cmake_prefix_path.sh'
[6.072s] Level 1:colcon.colcon_core.environment:checking '/home/ros-vm/github/auton_sys-23/utils/install/rover_utils/lib'
[6.072s] Level 1:colcon.colcon_core.shell:create_environment_hook('rover_utils', 'ld_library_path_lib')
[6.074s] INFO:colcon.colcon_core.shell:Creating environment hook '/home/ros-vm/github/auton_sys-23/utils/install/rover_utils/share/rover_utils/hook/ld_library_path_lib.ps1'
[6.075s] INFO:colcon.colcon_core.shell:Creating environment descriptor '/home/ros-vm/github/auton_sys-23/utils/install/rover_utils/share/rover_utils/hook/ld_library_path_lib.dsv'
[6.076s] INFO:colcon.colcon_core.shell:Creating environment hook '/home/ros-vm/github/auton_sys-23/utils/install/rover_utils/share/rover_utils/hook/ld_library_path_lib.sh'
[6.077s] Level 1:colcon.colcon_core.environment:checking '/home/ros-vm/github/auton_sys-23/utils/install/rover_utils/bin'
[6.077s] Level 1:colcon.colcon_core.environment:checking '/home/ros-vm/github/auton_sys-23/utils/install/rover_utils/lib/pkgconfig/rover_utils.pc'
[6.078s] Level 1:colcon.colcon_core.environment:checking '/home/ros-vm/github/auton_sys-23/utils/install/rover_utils/lib/python3.8/site-packages'
[6.079s] Level 1:colcon.colcon_core.shell:create_environment_hook('rover_utils', 'pythonpath')
[6.081s] INFO:colcon.colcon_core.shell:Creating environment hook '/home/ros-vm/github/auton_sys-23/utils/install/rover_utils/share/rover_utils/hook/pythonpath.ps1'
[6.082s] INFO:colcon.colcon_core.shell:Creating environment descriptor '/home/ros-vm/github/auton_sys-23/utils/install/rover_utils/share/rover_utils/hook/pythonpath.dsv'
[6.083s] INFO:colcon.colcon_core.shell:Creating environment hook '/home/ros-vm/github/auton_sys-23/utils/install/rover_utils/share/rover_utils/hook/pythonpath.sh'
[6.083s] Level 1:colcon.colcon_core.environment:checking '/home/ros-vm/github/auton_sys-23/utils/install/rover_utils/bin'
[6.085s] INFO:colcon.colcon_core.shell:Creating package script '/home/ros-vm/github/auton_sys-23/utils/install/rover_utils/share/rover_utils/package.ps1'
[6.086s] INFO:colcon.colcon_core.shell:Creating package descriptor '/home/ros-vm/github/auton_sys-23/utils/install/rover_utils/share/rover_utils/package.dsv'
[6.086s] INFO:colcon.colcon_core.shell:Creating package script '/home/ros-vm/github/auton_sys-23/utils/install/rover_utils/share/rover_utils/package.sh'
[6.087s] INFO:colcon.colcon_core.shell:Creating package script '/home/ros-vm/github/auton_sys-23/utils/install/rover_utils/share/rover_utils/package.bash'
[6.088s] INFO:colcon.colcon_core.shell:Creating package script '/home/ros-vm/github/auton_sys-23/utils/install/rover_utils/share/rover_utils/package.zsh'
[6.089s] Level 1:colcon.colcon_core.environment:create_file_with_runtime_dependencies(/home/ros-vm/github/auton_sys-23/utils/install/rover_utils/share/colcon-core/packages/rover_utils)
[6.196s] Level 1:colcon.colcon_core.environment:create_environment_scripts_only(rover_utils)
[6.198s] Level 1:colcon.colcon_core.environment:checking '/home/ros-vm/github/auton_sys-23/utils/install/rover_utils' for CMake module files
[6.198s] Level 1:colcon.colcon_core.environment:checking '/home/ros-vm/github/auton_sys-23/utils/install/rover_utils' for CMake config files
[6.199s] Level 1:colcon.colcon_core.shell:create_environment_hook('rover_utils', 'cmake_prefix_path')
[6.200s] INFO:colcon.colcon_core.shell:Creating environment hook '/home/ros-vm/github/auton_sys-23/utils/install/rover_utils/share/rover_utils/hook/cmake_prefix_path.ps1'
[6.201s] INFO:colcon.colcon_core.shell:Creating environment descriptor '/home/ros-vm/github/auton_sys-23/utils/install/rover_utils/share/rover_utils/hook/cmake_prefix_path.dsv'
[6.201s] INFO:colcon.colcon_core.shell:Creating environment hook '/home/ros-vm/github/auton_sys-23/utils/install/rover_utils/share/rover_utils/hook/cmake_prefix_path.sh'
[6.202s] Level 1:colcon.colcon_core.environment:checking '/home/ros-vm/github/auton_sys-23/utils/install/rover_utils/lib'
[6.202s] Level 1:colcon.colcon_core.shell:create_environment_hook('rover_utils', 'ld_library_path_lib')
[6.203s] INFO:colcon.colcon_core.shell:Creating environment hook '/home/ros-vm/github/auton_sys-23/utils/install/rover_utils/share/rover_utils/hook/ld_library_path_lib.ps1'
[6.203s] INFO:colcon.colcon_core.shell:Creating environment descriptor '/home/ros-vm/github/auton_sys-23/utils/install/rover_utils/share/rover_utils/hook/ld_library_path_lib.dsv'
[6.204s] INFO:colcon.colcon_core.shell:Creating environment hook '/home/ros-vm/github/auton_sys-23/utils/install/rover_utils/share/rover_utils/hook/ld_library_path_lib.sh'
[6.204s] Level 1:colcon.colcon_core.environment:checking '/home/ros-vm/github/auton_sys-23/utils/install/rover_utils/bin'
[6.204s] Level 1:colcon.colcon_core.environment:checking '/home/ros-vm/github/auton_sys-23/utils/install/rover_utils/lib/pkgconfig/rover_utils.pc'
[6.205s] Level 1:colcon.colcon_core.environment:checking '/home/ros-vm/github/auton_sys-23/utils/install/rover_utils/lib/python3.8/site-packages'
[6.205s] Level 1:colcon.colcon_core.shell:create_environment_hook('rover_utils', 'pythonpath')
[6.206s] INFO:colcon.colcon_core.shell:Creating environment hook '/home/ros-vm/github/auton_sys-23/utils/install/rover_utils/share/rover_utils/hook/pythonpath.ps1'
[6.206s] INFO:colcon.colcon_core.shell:Creating environment descriptor '/home/ros-vm/github/auton_sys-23/utils/install/rover_utils/share/rover_utils/hook/pythonpath.dsv'
[6.207s] INFO:colcon.colcon_core.shell:Creating environment hook '/home/ros-vm/github/auton_sys-23/utils/install/rover_utils/share/rover_utils/hook/pythonpath.sh'
[6.207s] Level 1:colcon.colcon_core.environment:checking '/home/ros-vm/github/auton_sys-23/utils/install/rover_utils/bin'
[6.208s] INFO:colcon.colcon_core.shell:Creating package script '/home/ros-vm/github/auton_sys-23/utils/install/rover_utils/share/rover_utils/package.ps1'
[6.209s] INFO:colcon.colcon_core.shell:Creating package descriptor '/home/ros-vm/github/auton_sys-23/utils/install/rover_utils/share/rover_utils/package.dsv'
[6.210s] INFO:colcon.colcon_core.shell:Creating package script '/home/ros-vm/github/auton_sys-23/utils/install/rover_utils/share/rover_utils/package.sh'
[6.211s] INFO:colcon.colcon_core.shell:Creating package script '/home/ros-vm/github/auton_sys-23/utils/install/rover_utils/share/rover_utils/package.bash'
[6.211s] INFO:colcon.colcon_core.shell:Creating package script '/home/ros-vm/github/auton_sys-23/utils/install/rover_utils/share/rover_utils/package.zsh'
[6.212s] Level 1:colcon.colcon_core.environment:create_file_with_runtime_dependencies(/home/ros-vm/github/auton_sys-23/utils/install/rover_utils/share/colcon-core/packages/rover_utils)
[6.214s] DEBUG:colcon.colcon_parallel_executor.executor.parallel:closing loop
[6.214s] DEBUG:colcon.colcon_parallel_executor.executor.parallel:loop closed
[6.215s] DEBUG:colcon.colcon_parallel_executor.executor.parallel:run_until_complete finished with '0'
[6.215s] DEBUG:colcon.colcon_core.event_reactor:joining thread
[6.223s] INFO:colcon.colcon_core.plugin_system:Skipping extension 'colcon_notification.desktop_notification.terminal_notifier': Not used on non-Darwin systems
[6.224s] INFO:colcon.colcon_core.plugin_system:Skipping extension 'colcon_notification.desktop_notification.win32': Not used on non-Windows systems
[6.224s] INFO:colcon.colcon_notification.desktop_notification:Sending desktop notification using 'notify2'
[6.258s] DEBUG:colcon.colcon_core.event_reactor:joined thread
[6.259s] INFO:colcon.colcon_core.shell:Creating prefix script '/home/ros-vm/github/auton_sys-23/utils/install/local_setup.ps1'
[6.261s] INFO:colcon.colcon_core.shell:Creating prefix util module '/home/ros-vm/github/auton_sys-23/utils/install/_local_setup_util_ps1.py'
[6.264s] INFO:colcon.colcon_core.shell:Creating prefix chain script '/home/ros-vm/github/auton_sys-23/utils/install/setup.ps1'
[6.268s] INFO:colcon.colcon_core.shell:Creating prefix script '/home/ros-vm/github/auton_sys-23/utils/install/local_setup.sh'
[6.269s] INFO:colcon.colcon_core.shell:Creating prefix util module '/home/ros-vm/github/auton_sys-23/utils/install/_local_setup_util_sh.py'
[6.270s] INFO:colcon.colcon_core.shell:Creating prefix chain script '/home/ros-vm/github/auton_sys-23/utils/install/setup.sh'
[6.274s] INFO:colcon.colcon_core.shell:Creating prefix script '/home/ros-vm/github/auton_sys-23/utils/install/local_setup.bash'
[6.274s] INFO:colcon.colcon_core.shell:Creating prefix chain script '/home/ros-vm/github/auton_sys-23/utils/install/setup.bash'
[6.276s] INFO:colcon.colcon_core.shell:Creating prefix script '/home/ros-vm/github/auton_sys-23/utils/install/local_setup.zsh'
[6.277s] INFO:colcon.colcon_core.shell:Creating prefix chain script '/home/ros-vm/github/auton_sys-23/utils/install/setup.zsh'
