[0.030s] Invoking command in '/home/ros-vm/github/auton_sys-23/utils/build/rover_utils': /usr/bin/cmake --build /home/ros-vm/github/auton_sys-23/utils/build/rover_utils -- -j2 -l2
[0.069s] -- Found ament_cmake: 0.9.9 (/home/ros-vm/ros2_foxy/ros2-linux/share/ament_cmake/cmake)
[0.093s] -- Found PythonInterp: /usr/bin/python3 (found suitable version "3.8.10", minimum required is "3") 
[0.094s] -- Using PYTHON_EXECUTABLE: /usr/bin/python3
[0.302s] -- Found ament_lint_auto: 0.9.6 (/home/ros-vm/ros2_foxy/ros2-linux/share/ament_lint_auto/cmake)
[0.378s] -- Found rosidl_default_generators: 1.0.1 (/home/ros-vm/ros2_foxy/ros2-linux/share/rosidl_default_generators/cmake)
[0.381s] -- Using all available rosidl_typesupport_c: rosidl_typesupport_connext_c;rosidl_typesupport_fastrtps_c;rosidl_typesupport_introspection_c
[0.385s] -- Found rosidl_adapter: 1.2.1 (/home/ros-vm/ros2_foxy/ros2-linux/share/rosidl_adapter/cmake)
[0.404s] -- Could not find RTI Connext - skipping rosidl_typesupport_connext_c
[0.434s] -- Could not find RTI Connext - skipping rosidl_typesupport_connext_cpp
[0.568s] -- Using all available rosidl_typesupport_cpp: rosidl_typesupport_connext_cpp;rosidl_typesupport_fastrtps_cpp;rosidl_typesupport_introspection_cpp
[0.593s] -- Found geometry_msgs: 2.0.5 (/home/ros-vm/ros2_foxy/ros2-linux/share/geometry_msgs/cmake)
[0.719s] -- Found PythonInterp: /usr/bin/python3 (found version "3.8.10") 
[1.003s] -- Found ament_cmake_ros: 0.9.2 (/home/ros-vm/ros2_foxy/ros2-linux/share/ament_cmake_ros/cmake)
[1.336s] -- Using all available rosidl_typesupport_c: rosidl_typesupport_connext_c;rosidl_typesupport_fastrtps_c;rosidl_typesupport_introspection_c
[1.513s] -- Using all available rosidl_typesupport_cpp: rosidl_typesupport_connext_cpp;rosidl_typesupport_fastrtps_cpp;rosidl_typesupport_introspection_cpp
[1.551s] -- Found PythonInterp: /usr/bin/python3 (found suitable version "3.8.10", minimum required is "3.5") 
[1.551s] -- Found python_cmake_module: 0.8.1 (/home/ros-vm/ros2_foxy/ros2-linux/share/python_cmake_module/cmake)
[1.592s] -- Using PYTHON_EXECUTABLE: /usr/bin/python3
[1.592s] -- Using PYTHON_INCLUDE_DIRS: /usr/include/python3.8
[1.592s] -- Using PYTHON_LIBRARIES: /usr/lib/x86_64-linux-gnu/libpython3.8.so
[1.679s] -- Added test 'copyright' to check source files copyright and LICENSE
[1.682s] -- Added test 'lint_cmake' to check CMake code style
[1.684s] -- Added test 'xmllint' to check XML markup files
[1.691s] -- Configuring done
[1.806s] -- Generating done
[1.817s] -- Build files have been written to: /home/ros-vm/github/auton_sys-23/utils/build/rover_utils
[1.889s] [  2%] [34m[1mGenerating C code for ROS interfaces[0m
[1.913s] [  5%] [34m[1mGenerating C++ code for ROS interfaces[0m
[3.008s] [  5%] Built target rover_utils__cpp
[3.075s] [  7%] [34m[1mGenerating C++ type support dispatch for ROS interfaces[0m
[3.087s] [35m[1mScanning dependencies of target rover_utils__rosidl_generator_c[0m
[3.128s] [ 10%] [32mBuilding C object CMakeFiles/rover_utils__rosidl_generator_c.dir/rosidl_generator_c/rover_utils/action/detail/minimal_walk__functions.c.o[0m
[3.292s] [ 12%] [32mBuilding C object CMakeFiles/rover_utils__rosidl_generator_c.dir/rosidl_generator_c/rover_utils/msg/detail/test_msg__functions.c.o[0m
[3.392s] [ 15%] [32m[1mLinking C shared library librover_utils__rosidl_generator_c.so[0m
[3.537s] [ 15%] Built target rover_utils__rosidl_generator_c
[3.574s] [ 17%] [34m[1mGenerating C++ type support for eProsima Fast-RTPS[0m
[3.794s] [35m[1mScanning dependencies of target rover_utils__rosidl_typesupport_cpp[0m
[3.844s] [ 20%] [32mBuilding CXX object CMakeFiles/rover_utils__rosidl_typesupport_cpp.dir/rosidl_typesupport_cpp/rover_utils/action/minimal_walk__type_support.cpp.o[0m
[4.588s] [35m[1mScanning dependencies of target rover_utils__rosidl_typesupport_fastrtps_cpp[0m
[4.640s] [ 23%] [32mBuilding CXX object CMakeFiles/rover_utils__rosidl_typesupport_cpp.dir/rosidl_typesupport_cpp/rover_utils/msg/test_msg__type_support.cpp.o[0m
[4.655s] [ 25%] [32mBuilding CXX object CMakeFiles/rover_utils__rosidl_typesupport_fastrtps_cpp.dir/rosidl_typesupport_fastrtps_cpp/rover_utils/action/detail/dds_fastrtps/minimal_walk__type_support.cpp.o[0m
[5.121s] [ 28%] [32m[1mLinking CXX shared library librover_utils__rosidl_typesupport_cpp.so[0m
[5.209s] [ 28%] Built target rover_utils__rosidl_typesupport_cpp
[5.228s] [ 30%] [34m[1mGenerating C++ introspection for ROS interfaces[0m
[5.486s] [ 33%] [32mBuilding CXX object CMakeFiles/rover_utils__rosidl_typesupport_fastrtps_cpp.dir/rosidl_typesupport_fastrtps_cpp/rover_utils/msg/detail/dds_fastrtps/test_msg__type_support.cpp.o[0m
[5.637s] [35m[1mScanning dependencies of target rover_utils__rosidl_typesupport_introspection_cpp[0m
[5.663s] [ 35%] [32mBuilding CXX object CMakeFiles/rover_utils__rosidl_typesupport_introspection_cpp.dir/rosidl_typesupport_introspection_cpp/rover_utils/action/detail/minimal_walk__type_support.cpp.o[0m
[6.016s] [ 38%] [32m[1mLinking CXX shared library librover_utils__rosidl_typesupport_fastrtps_cpp.so[0m
[6.087s] [ 41%] [32mBuilding CXX object CMakeFiles/rover_utils__rosidl_typesupport_introspection_cpp.dir/rosidl_typesupport_introspection_cpp/rover_utils/msg/detail/test_msg__type_support.cpp.o[0m
[6.189s] [ 41%] Built target rover_utils__rosidl_typesupport_fastrtps_cpp
[6.211s] [ 43%] [34m[1mGenerating C type support dispatch for ROS interfaces[0m
[6.447s] [ 46%] [32m[1mLinking CXX shared library librover_utils__rosidl_typesupport_introspection_cpp.so[0m
[6.529s] [35m[1mScanning dependencies of target rover_utils__rosidl_typesupport_c[0m
[6.562s] [ 48%] [32mBuilding CXX object CMakeFiles/rover_utils__rosidl_typesupport_c.dir/rosidl_typesupport_c/rover_utils/action/minimal_walk__type_support.cpp.o[0m
[6.566s] [ 48%] Built target rover_utils__rosidl_typesupport_introspection_cpp
[6.600s] [ 51%] [34m[1mGenerating C introspection for ROS interfaces[0m
[6.628s] [ 53%] [32mBuilding CXX object CMakeFiles/rover_utils__rosidl_typesupport_c.dir/rosidl_typesupport_c/rover_utils/msg/test_msg__type_support.cpp.o[0m
[6.674s] [ 56%] [32m[1mLinking CXX shared library librover_utils__rosidl_typesupport_c.so[0m
[6.743s] [ 56%] Built target rover_utils__rosidl_typesupport_c
[6.764s] [ 58%] [34m[1mGenerating C type support for eProsima Fast-RTPS[0m
[7.016s] [35m[1mScanning dependencies of target rover_utils__rosidl_typesupport_introspection_c[0m
[7.050s] [ 61%] [32mBuilding C object CMakeFiles/rover_utils__rosidl_typesupport_introspection_c.dir/rosidl_typesupport_introspection_c/rover_utils/action/detail/minimal_walk__type_support.c.o[0m
[7.113s] [ 64%] [32mBuilding C object CMakeFiles/rover_utils__rosidl_typesupport_introspection_c.dir/rosidl_typesupport_introspection_c/rover_utils/msg/detail/test_msg__type_support.c.o[0m
[7.154s] [ 66%] [32m[1mLinking C shared library librover_utils__rosidl_typesupport_introspection_c.so[0m
[7.250s] [ 66%] Built target rover_utils__rosidl_typesupport_introspection_c
[7.282s] [35m[1mScanning dependencies of target rover_utils__rosidl_typesupport_fastrtps_c[0m
[7.311s] [ 69%] [32mBuilding CXX object CMakeFiles/rover_utils__rosidl_typesupport_fastrtps_c.dir/rosidl_typesupport_fastrtps_c/rover_utils/action/detail/minimal_walk__type_support_c.cpp.o[0m
[7.314s] [ 71%] [32mBuilding CXX object CMakeFiles/rover_utils__rosidl_typesupport_fastrtps_c.dir/rosidl_typesupport_fastrtps_c/rover_utils/msg/detail/test_msg__type_support_c.cpp.o[0m
[7.825s] [ 74%] [32m[1mLinking CXX shared library librover_utils__rosidl_typesupport_fastrtps_c.so[0m
[7.963s] [ 74%] Built target rover_utils__rosidl_typesupport_fastrtps_c
[7.998s] [ 74%] Built target rover_utils
[8.027s] [ 76%] [34m[1mGenerating Python code for ROS interfaces[0m
[9.042s] [ 76%] Built target rover_utils__py
[9.059s] [35m[1mScanning dependencies of target rover_utils__python[0m
[9.090s] [ 79%] [32mBuilding C object CMakeFiles/rover_utils__python.dir/rosidl_generator_py/rover_utils/action/_minimal_walk_s.c.o[0m
[9.098s] [ 82%] [32mBuilding C object CMakeFiles/rover_utils__python.dir/rosidl_generator_py/rover_utils/msg/_test_msg_s.c.o[0m
[9.249s] [ 84%] [32m[1mLinking C shared library rosidl_generator_py/rover_utils/librover_utils__python.so[0m
[9.322s] [ 84%] Built target rover_utils__python
[9.339s] [35m[1mScanning dependencies of target rover_utils__rosidl_typesupport_fastrtps_c__pyext[0m
[9.339s] [35m[1mScanning dependencies of target rover_utils__rosidl_typesupport_c__pyext[0m
[9.367s] [ 87%] [32mBuilding C object CMakeFiles/rover_utils__rosidl_typesupport_fastrtps_c__pyext.dir/rosidl_generator_py/rover_utils/_rover_utils_s.ep.rosidl_typesupport_fastrtps_c.c.o[0m
[9.386s] [ 89%] [32mBuilding C object CMakeFiles/rover_utils__rosidl_typesupport_c__pyext.dir/rosidl_generator_py/rover_utils/_rover_utils_s.ep.rosidl_typesupport_c.c.o[0m
[9.519s] [ 92%] [32m[1mLinking CXX shared library rosidl_generator_py/rover_utils/rover_utils_s__rosidl_typesupport_fastrtps_c.cpython-38-x86_64-linux-gnu.so[0m
[9.534s] [ 94%] [32m[1mLinking C shared library rosidl_generator_py/rover_utils/rover_utils_s__rosidl_typesupport_c.cpython-38-x86_64-linux-gnu.so[0m
[9.612s] [ 94%] Built target rover_utils__rosidl_typesupport_c__pyext
[9.632s] [35m[1mScanning dependencies of target rover_utils__rosidl_typesupport_introspection_c__pyext[0m
[9.640s] [ 94%] Built target rover_utils__rosidl_typesupport_fastrtps_c__pyext
[9.667s] [ 97%] [32mBuilding C object CMakeFiles/rover_utils__rosidl_typesupport_introspection_c__pyext.dir/rosidl_generator_py/rover_utils/_rover_utils_s.ep.rosidl_typesupport_introspection_c.c.o[0m
[9.798s] [100%] [32m[1mLinking C shared library rosidl_generator_py/rover_utils/rover_utils_s__rosidl_typesupport_introspection_c.cpython-38-x86_64-linux-gnu.so[0m
[9.859s] [100%] Built target rover_utils__rosidl_typesupport_introspection_c__pyext
[9.887s] Invoked command in '/home/ros-vm/github/auton_sys-23/utils/build/rover_utils' returned '0': /usr/bin/cmake --build /home/ros-vm/github/auton_sys-23/utils/build/rover_utils -- -j2 -l2
[10.054s] Invoking command in '/home/ros-vm/github/auton_sys-23/utils/build/rover_utils': /usr/bin/cmake --install /home/ros-vm/github/auton_sys-23/utils/build/rover_utils
[10.070s] -- Install configuration: ""
[10.070s] -- Up-to-date: /home/ros-vm/github/auton_sys-23/utils/install/rover_utils/share/ament_index/resource_index/rosidl_interfaces/rover_utils
[10.070s] -- Up-to-date: /home/ros-vm/github/auton_sys-23/utils/install/rover_utils/include/rover_utils
[10.072s] -- Up-to-date: /home/ros-vm/github/auton_sys-23/utils/install/rover_utils/include/rover_utils/action
[10.072s] -- Up-to-date: /home/ros-vm/github/auton_sys-23/utils/install/rover_utils/include/rover_utils/action/detail
[10.073s] -- Installing: /home/ros-vm/github/auton_sys-23/utils/install/rover_utils/include/rover_utils/action/detail/minimal_walk__struct.h
[10.075s] -- Installing: /home/ros-vm/github/auton_sys-23/utils/install/rover_utils/include/rover_utils/action/detail/minimal_walk__functions.c
[10.075s] -- Installing: /home/ros-vm/github/auton_sys-23/utils/install/rover_utils/include/rover_utils/action/detail/minimal_walk__functions.h
[10.077s] -- Installing: /home/ros-vm/github/auton_sys-23/utils/install/rover_utils/include/rover_utils/action/detail/minimal_walk__type_support.h
[10.078s] -- Installing: /home/ros-vm/github/auton_sys-23/utils/install/rover_utils/include/rover_utils/action/minimal_walk.h
[10.078s] -- Up-to-date: /home/ros-vm/github/auton_sys-23/utils/install/rover_utils/include/rover_utils/msg
[10.079s] -- Installing: /home/ros-vm/github/auton_sys-23/utils/install/rover_utils/include/rover_utils/msg/test_msg.h
[10.080s] -- Up-to-date: /home/ros-vm/github/auton_sys-23/utils/install/rover_utils/include/rover_utils/msg/detail
[10.080s] -- Installing: /home/ros-vm/github/auton_sys-23/utils/install/rover_utils/include/rover_utils/msg/detail/test_msg__type_support.h
[10.081s] -- Installing: /home/ros-vm/github/auton_sys-23/utils/install/rover_utils/include/rover_utils/msg/detail/test_msg__struct.h
[10.081s] -- Installing: /home/ros-vm/github/auton_sys-23/utils/install/rover_utils/include/rover_utils/msg/detail/test_msg__functions.h
[10.082s] -- Installing: /home/ros-vm/github/auton_sys-23/utils/install/rover_utils/include/rover_utils/msg/detail/test_msg__functions.c
[10.083s] -- Up-to-date: /home/ros-vm/github/auton_sys-23/utils/install/rover_utils/include/rover_utils/msg/rosidl_generator_c__visibility_control.h
[10.083s] -- Up-to-date: /home/ros-vm/github/auton_sys-23/utils/install/rover_utils/share/rover_utils/environment/library_path.sh
[10.084s] -- Installing: /home/ros-vm/github/auton_sys-23/utils/install/rover_utils/share/rover_utils/environment/library_path.dsv
[10.085s] -- Installing: /home/ros-vm/github/auton_sys-23/utils/install/rover_utils/lib/librover_utils__rosidl_generator_c.so
[10.087s] -- Set runtime path of "/home/ros-vm/github/auton_sys-23/utils/install/rover_utils/lib/librover_utils__rosidl_generator_c.so" to ""
[10.087s] -- Up-to-date: /home/ros-vm/github/auton_sys-23/utils/install/rover_utils/include/rover_utils
[10.088s] -- Up-to-date: /home/ros-vm/github/auton_sys-23/utils/install/rover_utils/include/rover_utils/action
[10.088s] -- Up-to-date: /home/ros-vm/github/auton_sys-23/utils/install/rover_utils/include/rover_utils/action/detail
[10.089s] -- Installing: /home/ros-vm/github/auton_sys-23/utils/install/rover_utils/include/rover_utils/action/detail/minimal_walk__rosidl_typesupport_fastrtps_c.h
[10.090s] -- Up-to-date: /home/ros-vm/github/auton_sys-23/utils/install/rover_utils/include/rover_utils/msg
[10.091s] -- Up-to-date: /home/ros-vm/github/auton_sys-23/utils/install/rover_utils/include/rover_utils/msg/rosidl_typesupport_fastrtps_c__visibility_control.h
[10.091s] -- Up-to-date: /home/ros-vm/github/auton_sys-23/utils/install/rover_utils/include/rover_utils/msg/detail
[10.091s] -- Installing: /home/ros-vm/github/auton_sys-23/utils/install/rover_utils/include/rover_utils/msg/detail/test_msg__rosidl_typesupport_fastrtps_c.h
[10.093s] -- Installing: /home/ros-vm/github/auton_sys-23/utils/install/rover_utils/lib/librover_utils__rosidl_typesupport_fastrtps_c.so
[10.095s] -- Set runtime path of "/home/ros-vm/github/auton_sys-23/utils/install/rover_utils/lib/librover_utils__rosidl_typesupport_fastrtps_c.so" to ""
[10.096s] -- Up-to-date: /home/ros-vm/github/auton_sys-23/utils/install/rover_utils/include/rover_utils
[10.096s] -- Up-to-date: /home/ros-vm/github/auton_sys-23/utils/install/rover_utils/include/rover_utils/action
[10.097s] -- Up-to-date: /home/ros-vm/github/auton_sys-23/utils/install/rover_utils/include/rover_utils/action/detail
[10.097s] -- Installing: /home/ros-vm/github/auton_sys-23/utils/install/rover_utils/include/rover_utils/action/detail/minimal_walk__rosidl_typesupport_fastrtps_cpp.hpp
[10.098s] -- Up-to-date: /home/ros-vm/github/auton_sys-23/utils/install/rover_utils/include/rover_utils/action/detail/dds_fastrtps
[10.099s] -- Up-to-date: /home/ros-vm/github/auton_sys-23/utils/install/rover_utils/include/rover_utils/msg
[10.099s] -- Up-to-date: /home/ros-vm/github/auton_sys-23/utils/install/rover_utils/include/rover_utils/msg/rosidl_typesupport_fastrtps_cpp__visibility_control.h
[10.100s] -- Up-to-date: /home/ros-vm/github/auton_sys-23/utils/install/rover_utils/include/rover_utils/msg/detail
[10.100s] -- Installing: /home/ros-vm/github/auton_sys-23/utils/install/rover_utils/include/rover_utils/msg/detail/test_msg__rosidl_typesupport_fastrtps_cpp.hpp
[10.101s] -- Up-to-date: /home/ros-vm/github/auton_sys-23/utils/install/rover_utils/include/rover_utils/msg/detail/dds_fastrtps
[10.101s] -- Installing: /home/ros-vm/github/auton_sys-23/utils/install/rover_utils/lib/librover_utils__rosidl_typesupport_fastrtps_cpp.so
[10.104s] -- Set runtime path of "/home/ros-vm/github/auton_sys-23/utils/install/rover_utils/lib/librover_utils__rosidl_typesupport_fastrtps_cpp.so" to ""
[10.104s] -- Up-to-date: /home/ros-vm/github/auton_sys-23/utils/install/rover_utils/include/rover_utils
[10.105s] -- Up-to-date: /home/ros-vm/github/auton_sys-23/utils/install/rover_utils/include/rover_utils/action
[10.106s] -- Up-to-date: /home/ros-vm/github/auton_sys-23/utils/install/rover_utils/include/rover_utils/action/detail
[10.107s] -- Installing: /home/ros-vm/github/auton_sys-23/utils/install/rover_utils/include/rover_utils/action/detail/minimal_walk__type_support.c
[10.109s] -- Installing: /home/ros-vm/github/auton_sys-23/utils/install/rover_utils/include/rover_utils/action/detail/minimal_walk__rosidl_typesupport_introspection_c.h
[10.109s] -- Up-to-date: /home/ros-vm/github/auton_sys-23/utils/install/rover_utils/include/rover_utils/msg
[10.110s] -- Up-to-date: /home/ros-vm/github/auton_sys-23/utils/install/rover_utils/include/rover_utils/msg/detail
[10.110s] -- Installing: /home/ros-vm/github/auton_sys-23/utils/install/rover_utils/include/rover_utils/msg/detail/test_msg__rosidl_typesupport_introspection_c.h
[10.111s] -- Installing: /home/ros-vm/github/auton_sys-23/utils/install/rover_utils/include/rover_utils/msg/detail/test_msg__type_support.c
[10.112s] -- Up-to-date: /home/ros-vm/github/auton_sys-23/utils/install/rover_utils/include/rover_utils/msg/rosidl_typesupport_introspection_c__visibility_control.h
[10.113s] -- Installing: /home/ros-vm/github/auton_sys-23/utils/install/rover_utils/lib/librover_utils__rosidl_typesupport_introspection_c.so
[10.114s] -- Set runtime path of "/home/ros-vm/github/auton_sys-23/utils/install/rover_utils/lib/librover_utils__rosidl_typesupport_introspection_c.so" to ""
[10.115s] -- Installing: /home/ros-vm/github/auton_sys-23/utils/install/rover_utils/lib/librover_utils__rosidl_typesupport_c.so
[10.116s] -- Set runtime path of "/home/ros-vm/github/auton_sys-23/utils/install/rover_utils/lib/librover_utils__rosidl_typesupport_c.so" to ""
[10.117s] -- Up-to-date: /home/ros-vm/github/auton_sys-23/utils/install/rover_utils/include/rover_utils
[10.117s] -- Up-to-date: /home/ros-vm/github/auton_sys-23/utils/install/rover_utils/include/rover_utils/action
[10.118s] -- Installing: /home/ros-vm/github/auton_sys-23/utils/install/rover_utils/include/rover_utils/action/minimal_walk.hpp
[10.119s] -- Up-to-date: /home/ros-vm/github/auton_sys-23/utils/install/rover_utils/include/rover_utils/action/detail
[10.119s] -- Installing: /home/ros-vm/github/auton_sys-23/utils/install/rover_utils/include/rover_utils/action/detail/minimal_walk__struct.hpp
[10.120s] -- Installing: /home/ros-vm/github/auton_sys-23/utils/install/rover_utils/include/rover_utils/action/detail/minimal_walk__builder.hpp
[10.121s] -- Installing: /home/ros-vm/github/auton_sys-23/utils/install/rover_utils/include/rover_utils/action/detail/minimal_walk__traits.hpp
[10.122s] -- Up-to-date: /home/ros-vm/github/auton_sys-23/utils/install/rover_utils/include/rover_utils/msg
[10.123s] -- Up-to-date: /home/ros-vm/github/auton_sys-23/utils/install/rover_utils/include/rover_utils/msg/detail
[10.123s] -- Installing: /home/ros-vm/github/auton_sys-23/utils/install/rover_utils/include/rover_utils/msg/detail/test_msg__traits.hpp
[10.124s] -- Installing: /home/ros-vm/github/auton_sys-23/utils/install/rover_utils/include/rover_utils/msg/detail/test_msg__struct.hpp
[10.125s] -- Installing: /home/ros-vm/github/auton_sys-23/utils/install/rover_utils/include/rover_utils/msg/detail/test_msg__builder.hpp
[10.126s] -- Installing: /home/ros-vm/github/auton_sys-23/utils/install/rover_utils/include/rover_utils/msg/test_msg.hpp
[10.127s] -- Up-to-date: /home/ros-vm/github/auton_sys-23/utils/install/rover_utils/include/rover_utils
[10.128s] -- Up-to-date: /home/ros-vm/github/auton_sys-23/utils/install/rover_utils/include/rover_utils/action
[10.128s] -- Up-to-date: /home/ros-vm/github/auton_sys-23/utils/install/rover_utils/include/rover_utils/action/detail
[10.129s] -- Installing: /home/ros-vm/github/auton_sys-23/utils/install/rover_utils/include/rover_utils/action/detail/minimal_walk__type_support.cpp
[10.130s] -- Installing: /home/ros-vm/github/auton_sys-23/utils/install/rover_utils/include/rover_utils/action/detail/minimal_walk__rosidl_typesupport_introspection_cpp.hpp
[10.131s] -- Up-to-date: /home/ros-vm/github/auton_sys-23/utils/install/rover_utils/include/rover_utils/msg
[10.132s] -- Up-to-date: /home/ros-vm/github/auton_sys-23/utils/install/rover_utils/include/rover_utils/msg/detail
[10.132s] -- Installing: /home/ros-vm/github/auton_sys-23/utils/install/rover_utils/include/rover_utils/msg/detail/test_msg__rosidl_typesupport_introspection_cpp.hpp
[10.133s] -- Installing: /home/ros-vm/github/auton_sys-23/utils/install/rover_utils/include/rover_utils/msg/detail/test_msg__type_support.cpp
[10.134s] -- Installing: /home/ros-vm/github/auton_sys-23/utils/install/rover_utils/lib/librover_utils__rosidl_typesupport_introspection_cpp.so
[10.136s] -- Set runtime path of "/home/ros-vm/github/auton_sys-23/utils/install/rover_utils/lib/librover_utils__rosidl_typesupport_introspection_cpp.so" to ""
[10.137s] -- Installing: /home/ros-vm/github/auton_sys-23/utils/install/rover_utils/lib/librover_utils__rosidl_typesupport_cpp.so
[10.138s] -- Set runtime path of "/home/ros-vm/github/auton_sys-23/utils/install/rover_utils/lib/librover_utils__rosidl_typesupport_cpp.so" to ""
[10.139s] -- Up-to-date: /home/ros-vm/github/auton_sys-23/utils/install/rover_utils/share/rover_utils/environment/pythonpath.sh
[10.139s] -- Installing: /home/ros-vm/github/auton_sys-23/utils/install/rover_utils/share/rover_utils/environment/pythonpath.dsv
[10.140s] -- Installing: /home/ros-vm/github/auton_sys-23/utils/install/rover_utils/lib/python3.8/site-packages/rover_utils/__init__.py
[10.181s] Compiling '/home/ros-vm/github/auton_sys-23/utils/install/rover_utils/lib/python3.8/site-packages/rover_utils/__init__.py'...
[10.187s] -- Up-to-date: /home/ros-vm/github/auton_sys-23/utils/install/rover_utils/lib/python3.8/site-packages/rover_utils/action
[10.187s] -- Installing: /home/ros-vm/github/auton_sys-23/utils/install/rover_utils/lib/python3.8/site-packages/rover_utils/action/_minimal_walk_s.c
[10.188s] -- Installing: /home/ros-vm/github/auton_sys-23/utils/install/rover_utils/lib/python3.8/site-packages/rover_utils/action/_minimal_walk.py
[10.190s] -- Installing: /home/ros-vm/github/auton_sys-23/utils/install/rover_utils/lib/python3.8/site-packages/rover_utils/action/__init__.py
[10.191s] -- Up-to-date: /home/ros-vm/github/auton_sys-23/utils/install/rover_utils/lib/python3.8/site-packages/rover_utils/msg
[10.191s] -- Installing: /home/ros-vm/github/auton_sys-23/utils/install/rover_utils/lib/python3.8/site-packages/rover_utils/msg/_test_msg.py
[10.192s] -- Installing: /home/ros-vm/github/auton_sys-23/utils/install/rover_utils/lib/python3.8/site-packages/rover_utils/msg/_test_msg_s.c
[10.193s] -- Installing: /home/ros-vm/github/auton_sys-23/utils/install/rover_utils/lib/python3.8/site-packages/rover_utils/msg/__init__.py
[10.194s] -- Installing: /home/ros-vm/github/auton_sys-23/utils/install/rover_utils/lib/python3.8/site-packages/rover_utils/rover_utils_s__rosidl_typesupport_fastrtps_c.cpython-38-x86_64-linux-gnu.so
[10.196s] -- Set runtime path of "/home/ros-vm/github/auton_sys-23/utils/install/rover_utils/lib/python3.8/site-packages/rover_utils/rover_utils_s__rosidl_typesupport_fastrtps_c.cpython-38-x86_64-linux-gnu.so" to ""
[10.197s] -- Installing: /home/ros-vm/github/auton_sys-23/utils/install/rover_utils/lib/python3.8/site-packages/rover_utils/rover_utils_s__rosidl_typesupport_introspection_c.cpython-38-x86_64-linux-gnu.so
[10.198s] -- Set runtime path of "/home/ros-vm/github/auton_sys-23/utils/install/rover_utils/lib/python3.8/site-packages/rover_utils/rover_utils_s__rosidl_typesupport_introspection_c.cpython-38-x86_64-linux-gnu.so" to ""
[10.199s] -- Installing: /home/ros-vm/github/auton_sys-23/utils/install/rover_utils/lib/python3.8/site-packages/rover_utils/rover_utils_s__rosidl_typesupport_c.cpython-38-x86_64-linux-gnu.so
[10.201s] -- Set runtime path of "/home/ros-vm/github/auton_sys-23/utils/install/rover_utils/lib/python3.8/site-packages/rover_utils/rover_utils_s__rosidl_typesupport_c.cpython-38-x86_64-linux-gnu.so" to ""
[10.202s] -- Installing: /home/ros-vm/github/auton_sys-23/utils/install/rover_utils/lib/librover_utils__python.so
[10.203s] -- Set runtime path of "/home/ros-vm/github/auton_sys-23/utils/install/rover_utils/lib/librover_utils__python.so" to ""
[10.204s] -- Installing: /home/ros-vm/github/auton_sys-23/utils/install/rover_utils/share/rover_utils/action/MinimalWalk.idl
[10.204s] -- Up-to-date: /home/ros-vm/github/auton_sys-23/utils/install/rover_utils/share/rover_utils/msg/TestMsg.idl
[10.205s] -- Installing: /home/ros-vm/github/auton_sys-23/utils/install/rover_utils/share/rover_utils/action/MinimalWalk.action
[10.206s] -- Up-to-date: /home/ros-vm/github/auton_sys-23/utils/install/rover_utils/share/rover_utils/msg/TestMsg.msg
[10.207s] -- Up-to-date: /home/ros-vm/github/auton_sys-23/utils/install/rover_utils/share/ament_index/resource_index/package_run_dependencies/rover_utils
[10.207s] -- Installing: /home/ros-vm/github/auton_sys-23/utils/install/rover_utils/share/ament_index/resource_index/parent_prefix_path/rover_utils
[10.208s] -- Up-to-date: /home/ros-vm/github/auton_sys-23/utils/install/rover_utils/share/rover_utils/environment/ament_prefix_path.sh
[10.208s] -- Installing: /home/ros-vm/github/auton_sys-23/utils/install/rover_utils/share/rover_utils/environment/ament_prefix_path.dsv
[10.209s] -- Up-to-date: /home/ros-vm/github/auton_sys-23/utils/install/rover_utils/share/rover_utils/environment/path.sh
[10.210s] -- Installing: /home/ros-vm/github/auton_sys-23/utils/install/rover_utils/share/rover_utils/environment/path.dsv
[10.211s] -- Up-to-date: /home/ros-vm/github/auton_sys-23/utils/install/rover_utils/share/rover_utils/local_setup.bash
[10.212s] -- Up-to-date: /home/ros-vm/github/auton_sys-23/utils/install/rover_utils/share/rover_utils/local_setup.sh
[10.212s] -- Up-to-date: /home/ros-vm/github/auton_sys-23/utils/install/rover_utils/share/rover_utils/local_setup.zsh
[10.213s] -- Installing: /home/ros-vm/github/auton_sys-23/utils/install/rover_utils/share/rover_utils/local_setup.dsv
[10.214s] -- Installing: /home/ros-vm/github/auton_sys-23/utils/install/rover_utils/share/rover_utils/package.dsv
[10.215s] -- Up-to-date: /home/ros-vm/github/auton_sys-23/utils/install/rover_utils/share/ament_index/resource_index/packages/rover_utils
[10.216s] -- Up-to-date: /home/ros-vm/github/auton_sys-23/utils/install/rover_utils/share/rover_utils/cmake/rover_utils__rosidl_generator_cExport.cmake
[10.217s] -- Installing: /home/ros-vm/github/auton_sys-23/utils/install/rover_utils/share/rover_utils/cmake/rover_utils__rosidl_generator_cExport-noconfig.cmake
[10.218s] -- Up-to-date: /home/ros-vm/github/auton_sys-23/utils/install/rover_utils/share/rover_utils/cmake/rover_utils__rosidl_typesupport_introspection_cExport.cmake
[10.219s] -- Installing: /home/ros-vm/github/auton_sys-23/utils/install/rover_utils/share/rover_utils/cmake/rover_utils__rosidl_typesupport_introspection_cExport-noconfig.cmake
[10.220s] -- Up-to-date: /home/ros-vm/github/auton_sys-23/utils/install/rover_utils/share/rover_utils/cmake/rover_utils__rosidl_typesupport_cExport.cmake
[10.220s] -- Installing: /home/ros-vm/github/auton_sys-23/utils/install/rover_utils/share/rover_utils/cmake/rover_utils__rosidl_typesupport_cExport-noconfig.cmake
[10.221s] -- Up-to-date: /home/ros-vm/github/auton_sys-23/utils/install/rover_utils/share/rover_utils/cmake/rover_utils__rosidl_generator_cppExport.cmake
[10.222s] -- Up-to-date: /home/ros-vm/github/auton_sys-23/utils/install/rover_utils/share/rover_utils/cmake/rover_utils__rosidl_typesupport_introspection_cppExport.cmake
[10.222s] -- Installing: /home/ros-vm/github/auton_sys-23/utils/install/rover_utils/share/rover_utils/cmake/rover_utils__rosidl_typesupport_introspection_cppExport-noconfig.cmake
[10.223s] -- Up-to-date: /home/ros-vm/github/auton_sys-23/utils/install/rover_utils/share/rover_utils/cmake/rover_utils__rosidl_typesupport_cppExport.cmake
[10.224s] -- Installing: /home/ros-vm/github/auton_sys-23/utils/install/rover_utils/share/rover_utils/cmake/rover_utils__rosidl_typesupport_cppExport-noconfig.cmake
[10.224s] -- Up-to-date: /home/ros-vm/github/auton_sys-23/utils/install/rover_utils/share/rover_utils/cmake/rosidl_cmake-extras.cmake
[10.225s] -- Up-to-date: /home/ros-vm/github/auton_sys-23/utils/install/rover_utils/share/rover_utils/cmake/ament_cmake_export_dependencies-extras.cmake
[10.225s] -- Up-to-date: /home/ros-vm/github/auton_sys-23/utils/install/rover_utils/share/rover_utils/cmake/ament_cmake_export_libraries-extras.cmake
[10.226s] -- Up-to-date: /home/ros-vm/github/auton_sys-23/utils/install/rover_utils/share/rover_utils/cmake/ament_cmake_export_targets-extras.cmake
[10.226s] -- Up-to-date: /home/ros-vm/github/auton_sys-23/utils/install/rover_utils/share/rover_utils/cmake/ament_cmake_export_include_directories-extras.cmake
[10.227s] -- Up-to-date: /home/ros-vm/github/auton_sys-23/utils/install/rover_utils/share/rover_utils/cmake/rosidl_cmake_export_typesupport_libraries-extras.cmake
[10.227s] -- Up-to-date: /home/ros-vm/github/auton_sys-23/utils/install/rover_utils/share/rover_utils/cmake/rosidl_cmake_export_typesupport_targets-extras.cmake
[10.227s] -- Up-to-date: /home/ros-vm/github/auton_sys-23/utils/install/rover_utils/share/rover_utils/cmake/rover_utilsConfig.cmake
[10.228s] -- Up-to-date: /home/ros-vm/github/auton_sys-23/utils/install/rover_utils/share/rover_utils/cmake/rover_utilsConfig-version.cmake
[10.228s] -- Up-to-date: /home/ros-vm/github/auton_sys-23/utils/install/rover_utils/share/rover_utils/package.xml
[10.233s] Invoked command in '/home/ros-vm/github/auton_sys-23/utils/build/rover_utils' returned '0': /usr/bin/cmake --install /home/ros-vm/github/auton_sys-23/utils/build/rover_utils
