[0.042s] Invoking command in '/home/ros-vm/github/auton_sys-23/utils/build/rover_actions': /usr/bin/cmake /home/ros-vm/github/auton_sys-23/utils/src/rover_actions -DCMAKE_INSTALL_PREFIX=/home/ros-vm/github/auton_sys-23/utils/install/rover_actions
[0.064s] -- Found ament_cmake: 0.9.9 (/home/ros-vm/ros2_foxy/ros2-linux/share/ament_cmake/cmake)
[0.091s] -- Found PythonInterp: /usr/bin/python3 (found suitable version "3.8.10", minimum required is "3") 
[0.091s] -- Using PYTHON_EXECUTABLE: /usr/bin/python3
[0.335s] -- Found ament_lint_auto: 0.9.6 (/home/ros-vm/ros2_foxy/ros2-linux/share/ament_lint_auto/cmake)
[0.421s] -- Found rosidl_default_generators: 1.0.1 (/home/ros-vm/ros2_foxy/ros2-linux/share/rosidl_default_generators/cmake)
[0.423s] -- Using all available rosidl_typesupport_c: rosidl_typesupport_connext_c;rosidl_typesupport_fastrtps_c;rosidl_typesupport_introspection_c
[0.432s] -- Found rosidl_adapter: 1.2.1 (/home/ros-vm/ros2_foxy/ros2-linux/share/rosidl_adapter/cmake)
[0.463s] -- Could not find RTI Connext - skipping rosidl_typesupport_connext_c
[0.494s] -- Could not find RTI Connext - skipping rosidl_typesupport_connext_cpp
[0.657s] -- Using all available rosidl_typesupport_cpp: rosidl_typesupport_connext_cpp;rosidl_typesupport_fastrtps_cpp;rosidl_typesupport_introspection_cpp
[0.721s] -- Found PythonInterp: /usr/bin/python3 (found version "3.8.10") 
[0.900s] CMake Error at /home/ros-vm/ros2_foxy/ros2-linux/share/rosidl_adapter/cmake/rosidl_adapt_interfaces.cmake:60 (message):
[0.901s]   execute_process(/usr/bin/python3 -m rosidl_adapter --package-name
[0.901s]   rover_actions --arguments-file
[0.901s]   /home/ros-vm/github/auton_sys-23/utils/build/rover_actions/rosidl_adapter__arguments__rover_actions.json
[0.901s]   --output-dir
[0.901s]   /home/ros-vm/github/auton_sys-23/utils/build/rover_actions/rosidl_adapter/rover_actions
[0.901s]   --output-file
[0.901s]   /home/ros-vm/github/auton_sys-23/utils/build/rover_actions/rosidl_adapter/rover_actions.idls)
[0.901s]   returned error code 1:
[0.901s] 
[0.901s]   Error processing 'geometry_msgs/Point32 POSITION' of
[0.901s]   'rover_actions/minimal_walk_Goal': ''POSITION' is an invalid field name.
[0.901s]   It should have the pattern '^(?!.*__)(?!.*_$)[a-z][a-z0-9_]*$''
[0.901s] 
[0.901s]   Traceback (most recent call last):
[0.901s] 
[0.902s]     File "/usr/lib/python3.8/runpy.py", line 194, in _run_module_as_main
[0.902s]       return _run_code(code, main_globals, None,
[0.902s]     File "/usr/lib/python3.8/runpy.py", line 87, in _run_code
[0.902s]       exec(code, run_globals)
[0.902s]     File "/home/ros-vm/ros2_foxy/ros2-linux/lib/python3.8/site-packages/rosidl_adapter/__main__.py", line 19, in <module>
[0.902s]       sys.exit(main())
[0.902s]     File "/home/ros-vm/ros2_foxy/ros2-linux/lib/python3.8/site-packages/rosidl_adapter/main.py", line 53, in main
[0.902s]       abs_idl_file = convert_to_idl(
[0.902s]     File "/home/ros-vm/ros2_foxy/ros2-linux/lib/python3.8/site-packages/rosidl_adapter/__init__.py", line 29, in convert_to_idl
[0.902s]       return convert_action_to_idl(
[0.902s]     File "/home/ros-vm/ros2_foxy/ros2-linux/lib/python3.8/site-packages/rosidl_adapter/action/__init__.py", line 28, in convert_action_to_idl
[0.902s]       action = parse_action_string(package_name, input_file.stem, content)
[0.902s]     File "/home/ros-vm/ros2_foxy/ros2-linux/lib/python3.8/site-packages/rosidl_adapter/parser.py", line 892, in parse_action_string
[0.902s]       goal_message = parse_message_string(
[0.902s]     File "/home/ros-vm/ros2_foxy/ros2-linux/lib/python3.8/site-packages/rosidl_adapter/parser.py", line 515, in parse_message_string
[0.902s]       fields.append(Field(
[0.903s]     File "/home/ros-vm/ros2_foxy/ros2-linux/lib/python3.8/site-packages/rosidl_adapter/parser.py", line 353, in __init__
[0.903s]       raise NameError(
[0.903s] 
[0.903s]   NameError: 'POSITION' is an invalid field name.  It should have the pattern
[0.903s]   '^(?!.*__)(?!.*_$)[a-z][a-z0-9_]*$'
[0.903s] 
[0.903s] Call Stack (most recent call first):
[0.903s]   /home/ros-vm/ros2_foxy/ros2-linux/share/rosidl_cmake/cmake/rosidl_generate_interfaces.cmake:130 (rosidl_adapt_interfaces)
[0.903s]   CMakeLists.txt:37 (rosidl_generate_interfaces)
[0.903s] 
[0.903s] 
[0.903s] -- Configuring incomplete, errors occurred!
[0.903s] See also "/home/ros-vm/github/auton_sys-23/utils/build/rover_actions/CMakeFiles/CMakeOutput.log".
[0.909s] Invoked command in '/home/ros-vm/github/auton_sys-23/utils/build/rover_actions' returned '1': /usr/bin/cmake /home/ros-vm/github/auton_sys-23/utils/src/rover_actions -DCMAKE_INSTALL_PREFIX=/home/ros-vm/github/auton_sys-23/utils/install/rover_actions
