[0.220s] DEBUG:colcon:Command line arguments: ['/usr/bin/colcon', 'build']
[0.221s] DEBUG:colcon:Parsed command line arguments: Namespace(allow_overriding=[], ament_cmake_args=None, base_paths=['.'], build_base='build', catkin_cmake_args=None, catkin_skip_building_tests=False, cmake_args=None, cmake_clean_cache=False, cmake_clean_first=False, cmake_force_configure=False, cmake_target=None, cmake_target_skip_unavailable=False, continue_on_error=False, event_handlers=None, executor='parallel', ignore_user_meta=False, install_base='install', log_base=None, log_level=None, main=<bound method BuildVerb.main of <colcon_core.verb.build.BuildVerb object at 0x7f3db74885b0>>, merge_install=False, metas=['./colcon.meta'], packages_above=None, packages_above_and_dependencies=None, packages_above_depth=None, packages_end=None, packages_ignore=None, packages_ignore_regex=None, packages_select=None, packages_select_build_failed=False, packages_select_by_dep=None, packages_select_regex=None, packages_select_test_failures=False, packages_skip=None, packages_skip_build_finished=False, packages_skip_by_dep=None, packages_skip_regex=None, packages_skip_test_passed=False, packages_skip_up_to=None, packages_start=None, packages_up_to=None, packages_up_to_regex=None, parallel_workers=2, paths=None, symlink_install=False, test_result_base=None, verb_extension=<colcon_core.verb.build.BuildVerb object at 0x7f3db74885b0>, verb_name='build', verb_parser=<colcon_defaults.argument_parser.defaults.DefaultArgumentsDecorator object at 0x7f3db7488af0>)
[0.267s] Level 1:colcon.colcon_core.package_discovery:discover_packages(colcon_meta) check parameters
[0.267s] Level 1:colcon.colcon_core.package_discovery:discover_packages(recursive) check parameters
[0.267s] Level 1:colcon.colcon_core.package_discovery:discover_packages(ignore) check parameters
[0.267s] Level 1:colcon.colcon_core.package_discovery:discover_packages(path) check parameters
[0.267s] Level 1:colcon.colcon_core.package_discovery:discover_packages(colcon_meta) discover
[0.267s] Level 1:colcon.colcon_core.package_discovery:discover_packages(recursive) discover
[0.267s] INFO:colcon.colcon_core.package_discovery:Crawling recursively for packages in '/home/ros-vm/github/auton_sys-23/utils'
[0.267s] Level 1:colcon.colcon_core.package_identification:_identify(.) by extensions ['ignore', 'ignore_ament_install']
[0.267s] Level 1:colcon.colcon_core.package_identification:_identify(.) by extension 'ignore'
[0.267s] Level 1:colcon.colcon_core.package_identification:_identify(.) by extension 'ignore_ament_install'
[0.268s] Level 1:colcon.colcon_core.package_identification:_identify(.) by extensions ['colcon_pkg']
[0.268s] Level 1:colcon.colcon_core.package_identification:_identify(.) by extension 'colcon_pkg'
[0.268s] Level 1:colcon.colcon_core.package_identification:_identify(.) by extensions ['colcon_meta']
[0.268s] Level 1:colcon.colcon_core.package_identification:_identify(.) by extension 'colcon_meta'
[0.268s] Level 1:colcon.colcon_core.package_identification:_identify(.) by extensions ['ros']
[0.268s] Level 1:colcon.colcon_core.package_identification:_identify(.) by extension 'ros'
[0.283s] Level 1:colcon.colcon_core.package_identification:_identify(.) by extensions ['cmake', 'python']
[0.283s] Level 1:colcon.colcon_core.package_identification:_identify(.) by extension 'cmake'
[0.283s] Level 1:colcon.colcon_core.package_identification:_identify(.) by extension 'python'
[0.283s] Level 1:colcon.colcon_core.package_identification:_identify(.) by extensions ['python_setup_py']
[0.283s] Level 1:colcon.colcon_core.package_identification:_identify(.) by extension 'python_setup_py'
[0.283s] Level 1:colcon.colcon_core.package_identification:_identify(build) by extensions ['ignore', 'ignore_ament_install']
[0.283s] Level 1:colcon.colcon_core.package_identification:_identify(build) by extension 'ignore'
[0.283s] Level 1:colcon.colcon_core.package_identification:_identify(build) ignored
[0.283s] Level 1:colcon.colcon_core.package_identification:_identify(install) by extensions ['ignore', 'ignore_ament_install']
[0.283s] Level 1:colcon.colcon_core.package_identification:_identify(install) by extension 'ignore'
[0.284s] Level 1:colcon.colcon_core.package_identification:_identify(install) ignored
[0.284s] Level 1:colcon.colcon_core.package_identification:_identify(log) by extensions ['ignore', 'ignore_ament_install']
[0.284s] Level 1:colcon.colcon_core.package_identification:_identify(log) by extension 'ignore'
[0.284s] Level 1:colcon.colcon_core.package_identification:_identify(log) ignored
[0.284s] Level 1:colcon.colcon_core.package_identification:_identify(src) by extensions ['ignore', 'ignore_ament_install']
[0.284s] Level 1:colcon.colcon_core.package_identification:_identify(src) by extension 'ignore'
[0.284s] Level 1:colcon.colcon_core.package_identification:_identify(src) by extension 'ignore_ament_install'
[0.284s] Level 1:colcon.colcon_core.package_identification:_identify(src) by extensions ['colcon_pkg']
[0.284s] Level 1:colcon.colcon_core.package_identification:_identify(src) by extension 'colcon_pkg'
[0.284s] Level 1:colcon.colcon_core.package_identification:_identify(src) by extensions ['colcon_meta']
[0.285s] Level 1:colcon.colcon_core.package_identification:_identify(src) by extension 'colcon_meta'
[0.285s] Level 1:colcon.colcon_core.package_identification:_identify(src) by extensions ['ros']
[0.285s] Level 1:colcon.colcon_core.package_identification:_identify(src) by extension 'ros'
[0.285s] Level 1:colcon.colcon_core.package_identification:_identify(src) by extensions ['cmake', 'python']
[0.285s] Level 1:colcon.colcon_core.package_identification:_identify(src) by extension 'cmake'
[0.285s] Level 1:colcon.colcon_core.package_identification:_identify(src) by extension 'python'
[0.285s] Level 1:colcon.colcon_core.package_identification:_identify(src) by extensions ['python_setup_py']
[0.285s] Level 1:colcon.colcon_core.package_identification:_identify(src) by extension 'python_setup_py'
[0.285s] Level 1:colcon.colcon_core.package_identification:_identify(src/rover_utils) by extensions ['ignore', 'ignore_ament_install']
[0.285s] Level 1:colcon.colcon_core.package_identification:_identify(src/rover_utils) by extension 'ignore'
[0.285s] Level 1:colcon.colcon_core.package_identification:_identify(src/rover_utils) by extension 'ignore_ament_install'
[0.285s] Level 1:colcon.colcon_core.package_identification:_identify(src/rover_utils) by extensions ['colcon_pkg']
[0.286s] Level 1:colcon.colcon_core.package_identification:_identify(src/rover_utils) by extension 'colcon_pkg'
[0.286s] Level 1:colcon.colcon_core.package_identification:_identify(src/rover_utils) by extensions ['colcon_meta']
[0.286s] Level 1:colcon.colcon_core.package_identification:_identify(src/rover_utils) by extension 'colcon_meta'
[0.286s] Level 1:colcon.colcon_core.package_identification:_identify(src/rover_utils) by extensions ['ros']
[0.286s] Level 1:colcon.colcon_core.package_identification:_identify(src/rover_utils) by extension 'ros'
[0.290s] DEBUG:colcon.colcon_core.package_identification:Package 'src/rover_utils' with type 'ros.ament_cmake' and name 'rover_utils'
[0.290s] Level 1:colcon.colcon_core.package_discovery:discover_packages(recursive) using defaults
[0.290s] Level 1:colcon.colcon_core.package_discovery:discover_packages(ignore) discover
[0.290s] Level 1:colcon.colcon_core.package_discovery:discover_packages(ignore) using defaults
[0.290s] Level 1:colcon.colcon_core.package_discovery:discover_packages(path) discover
[0.290s] Level 1:colcon.colcon_core.package_discovery:discover_packages(path) using defaults
[0.327s] Level 1:colcon.colcon_core.package_discovery:discover_packages(prefix_path) check parameters
[0.327s] Level 1:colcon.colcon_core.package_discovery:discover_packages(prefix_path) discover
[0.346s] DEBUG:colcon.colcon_installed_package_information.package_discovery:Found 311 installed packages in /home/ros-vm/ros2_foxy/ros2-linux
[0.349s] Level 1:colcon.colcon_core.package_discovery:discover_packages(prefix_path) using defaults
[0.460s] Level 5:colcon.colcon_core.verb:set package 'rover_utils' build argument 'cmake_args' from command line to 'None'
[0.460s] Level 5:colcon.colcon_core.verb:set package 'rover_utils' build argument 'cmake_target' from command line to 'None'
[0.460s] Level 5:colcon.colcon_core.verb:set package 'rover_utils' build argument 'cmake_target_skip_unavailable' from command line to 'False'
[0.460s] Level 5:colcon.colcon_core.verb:set package 'rover_utils' build argument 'cmake_clean_cache' from command line to 'False'
[0.460s] Level 5:colcon.colcon_core.verb:set package 'rover_utils' build argument 'cmake_clean_first' from command line to 'False'
[0.460s] Level 5:colcon.colcon_core.verb:set package 'rover_utils' build argument 'cmake_force_configure' from command line to 'False'
[0.460s] Level 5:colcon.colcon_core.verb:set package 'rover_utils' build argument 'ament_cmake_args' from command line to 'None'
[0.460s] Level 5:colcon.colcon_core.verb:set package 'rover_utils' build argument 'catkin_cmake_args' from command line to 'None'
[0.460s] Level 5:colcon.colcon_core.verb:set package 'rover_utils' build argument 'catkin_skip_building_tests' from command line to 'False'
[0.460s] DEBUG:colcon.colcon_core.verb:Building package 'rover_utils' with the following arguments: {'ament_cmake_args': None, 'build_base': '/home/ros-vm/github/auton_sys-23/utils/build/rover_utils', 'catkin_cmake_args': None, 'catkin_skip_building_tests': False, 'cmake_args': None, 'cmake_clean_cache': False, 'cmake_clean_first': False, 'cmake_force_configure': False, 'cmake_target': None, 'cmake_target_skip_unavailable': False, 'install_base': '/home/ros-vm/github/auton_sys-23/utils/install/rover_utils', 'merge_install': False, 'path': '/home/ros-vm/github/auton_sys-23/utils/src/rover_utils', 'symlink_install': False, 'test_result_base': None}
[0.461s] INFO:colcon.colcon_core.executor:Executing jobs using 'parallel' executor
[0.465s] DEBUG:colcon.colcon_parallel_executor.executor.parallel:run_until_complete
[0.465s] INFO:colcon.colcon_ros.task.ament_cmake.build:Building ROS package in '/home/ros-vm/github/auton_sys-23/utils/src/rover_utils' with build type 'ament_cmake'
[0.465s] INFO:colcon.colcon_cmake.task.cmake.build:Building CMake package in '/home/ros-vm/github/auton_sys-23/utils/src/rover_utils'
[0.479s] INFO:colcon.colcon_core.plugin_system:Skipping extension 'colcon_core.shell.bat': Not used on non-Windows systems
[0.479s] INFO:colcon.colcon_core.shell:Skip shell extension 'powershell' for command environment: Not usable outside of PowerShell
[0.479s] DEBUG:colcon.colcon_core.shell:Skip shell extension 'dsv' for command environment
[0.503s] DEBUG:colcon.colcon_core.event_handler.log_command:Invoking command in '/home/ros-vm/github/auton_sys-23/utils/build/rover_utils': /usr/bin/cmake --build /home/ros-vm/github/auton_sys-23/utils/build/rover_utils -- -j2 -l2
[11.347s] DEBUG:colcon.colcon_core.event_handler.log_command:Invoked command in '/home/ros-vm/github/auton_sys-23/utils/build/rover_utils' returned '0': /usr/bin/cmake --build /home/ros-vm/github/auton_sys-23/utils/build/rover_utils -- -j2 -l2
[11.509s] DEBUG:colcon.colcon_core.event_handler.log_command:Invoking command in '/home/ros-vm/github/auton_sys-23/utils/build/rover_utils': /usr/bin/cmake --install /home/ros-vm/github/auton_sys-23/utils/build/rover_utils
[11.604s] Level 1:colcon.colcon_core.environment:create_environment_scripts_only(rover_utils)
[11.619s] DEBUG:colcon.colcon_core.event_handler.log_command:Invoked command in '/home/ros-vm/github/auton_sys-23/utils/build/rover_utils' returned '0': /usr/bin/cmake --install /home/ros-vm/github/auton_sys-23/utils/build/rover_utils
[11.620s] Level 1:colcon.colcon_core.environment:checking '/home/ros-vm/github/auton_sys-23/utils/install/rover_utils' for CMake module files
[11.621s] Level 1:colcon.colcon_core.environment:checking '/home/ros-vm/github/auton_sys-23/utils/install/rover_utils' for CMake config files
[11.621s] Level 1:colcon.colcon_core.shell:create_environment_hook('rover_utils', 'cmake_prefix_path')
[11.622s] INFO:colcon.colcon_core.shell:Creating environment hook '/home/ros-vm/github/auton_sys-23/utils/install/rover_utils/share/rover_utils/hook/cmake_prefix_path.ps1'
[11.623s] INFO:colcon.colcon_core.shell:Creating environment descriptor '/home/ros-vm/github/auton_sys-23/utils/install/rover_utils/share/rover_utils/hook/cmake_prefix_path.dsv'
[11.624s] INFO:colcon.colcon_core.shell:Creating environment hook '/home/ros-vm/github/auton_sys-23/utils/install/rover_utils/share/rover_utils/hook/cmake_prefix_path.sh'
[11.627s] Level 1:colcon.colcon_core.environment:checking '/home/ros-vm/github/auton_sys-23/utils/install/rover_utils/lib'
[11.627s] Level 1:colcon.colcon_core.shell:create_environment_hook('rover_utils', 'ld_library_path_lib')
[11.628s] INFO:colcon.colcon_core.shell:Creating environment hook '/home/ros-vm/github/auton_sys-23/utils/install/rover_utils/share/rover_utils/hook/ld_library_path_lib.ps1'
[11.629s] INFO:colcon.colcon_core.shell:Creating environment descriptor '/home/ros-vm/github/auton_sys-23/utils/install/rover_utils/share/rover_utils/hook/ld_library_path_lib.dsv'
[11.630s] INFO:colcon.colcon_core.shell:Creating environment hook '/home/ros-vm/github/auton_sys-23/utils/install/rover_utils/share/rover_utils/hook/ld_library_path_lib.sh'
[11.631s] Level 1:colcon.colcon_core.environment:checking '/home/ros-vm/github/auton_sys-23/utils/install/rover_utils/bin'
[11.631s] Level 1:colcon.colcon_core.environment:checking '/home/ros-vm/github/auton_sys-23/utils/install/rover_utils/lib/pkgconfig/rover_utils.pc'
[11.632s] Level 1:colcon.colcon_core.environment:checking '/home/ros-vm/github/auton_sys-23/utils/install/rover_utils/lib/python3.8/site-packages'
[11.633s] Level 1:colcon.colcon_core.shell:create_environment_hook('rover_utils', 'pythonpath')
[11.636s] INFO:colcon.colcon_core.shell:Creating environment hook '/home/ros-vm/github/auton_sys-23/utils/install/rover_utils/share/rover_utils/hook/pythonpath.ps1'
[11.639s] INFO:colcon.colcon_core.shell:Creating environment descriptor '/home/ros-vm/github/auton_sys-23/utils/install/rover_utils/share/rover_utils/hook/pythonpath.dsv'
[11.640s] INFO:colcon.colcon_core.shell:Creating environment hook '/home/ros-vm/github/auton_sys-23/utils/install/rover_utils/share/rover_utils/hook/pythonpath.sh'
[11.641s] Level 1:colcon.colcon_core.environment:checking '/home/ros-vm/github/auton_sys-23/utils/install/rover_utils/bin'
[11.643s] INFO:colcon.colcon_core.shell:Creating package script '/home/ros-vm/github/auton_sys-23/utils/install/rover_utils/share/rover_utils/package.ps1'
[11.644s] INFO:colcon.colcon_core.shell:Creating package descriptor '/home/ros-vm/github/auton_sys-23/utils/install/rover_utils/share/rover_utils/package.dsv'
[11.645s] INFO:colcon.colcon_core.shell:Creating package script '/home/ros-vm/github/auton_sys-23/utils/install/rover_utils/share/rover_utils/package.sh'
[11.646s] INFO:colcon.colcon_core.shell:Creating package script '/home/ros-vm/github/auton_sys-23/utils/install/rover_utils/share/rover_utils/package.bash'
[11.647s] INFO:colcon.colcon_core.shell:Creating package script '/home/ros-vm/github/auton_sys-23/utils/install/rover_utils/share/rover_utils/package.zsh'
[11.648s] Level 1:colcon.colcon_core.environment:create_file_with_runtime_dependencies(/home/ros-vm/github/auton_sys-23/utils/install/rover_utils/share/colcon-core/packages/rover_utils)
[11.791s] Level 1:colcon.colcon_core.environment:create_environment_scripts_only(rover_utils)
[11.793s] Level 1:colcon.colcon_core.environment:checking '/home/ros-vm/github/auton_sys-23/utils/install/rover_utils' for CMake module files
[11.793s] Level 1:colcon.colcon_core.environment:checking '/home/ros-vm/github/auton_sys-23/utils/install/rover_utils' for CMake config files
[11.794s] Level 1:colcon.colcon_core.shell:create_environment_hook('rover_utils', 'cmake_prefix_path')
[11.795s] INFO:colcon.colcon_core.shell:Creating environment hook '/home/ros-vm/github/auton_sys-23/utils/install/rover_utils/share/rover_utils/hook/cmake_prefix_path.ps1'
[11.796s] INFO:colcon.colcon_core.shell:Creating environment descriptor '/home/ros-vm/github/auton_sys-23/utils/install/rover_utils/share/rover_utils/hook/cmake_prefix_path.dsv'
[11.796s] INFO:colcon.colcon_core.shell:Creating environment hook '/home/ros-vm/github/auton_sys-23/utils/install/rover_utils/share/rover_utils/hook/cmake_prefix_path.sh'
[11.797s] Level 1:colcon.colcon_core.environment:checking '/home/ros-vm/github/auton_sys-23/utils/install/rover_utils/lib'
[11.797s] Level 1:colcon.colcon_core.shell:create_environment_hook('rover_utils', 'ld_library_path_lib')
[11.798s] INFO:colcon.colcon_core.shell:Creating environment hook '/home/ros-vm/github/auton_sys-23/utils/install/rover_utils/share/rover_utils/hook/ld_library_path_lib.ps1'
[11.799s] INFO:colcon.colcon_core.shell:Creating environment descriptor '/home/ros-vm/github/auton_sys-23/utils/install/rover_utils/share/rover_utils/hook/ld_library_path_lib.dsv'
[11.799s] INFO:colcon.colcon_core.shell:Creating environment hook '/home/ros-vm/github/auton_sys-23/utils/install/rover_utils/share/rover_utils/hook/ld_library_path_lib.sh'
[11.800s] Level 1:colcon.colcon_core.environment:checking '/home/ros-vm/github/auton_sys-23/utils/install/rover_utils/bin'
[11.800s] Level 1:colcon.colcon_core.environment:checking '/home/ros-vm/github/auton_sys-23/utils/install/rover_utils/lib/pkgconfig/rover_utils.pc'
[11.800s] Level 1:colcon.colcon_core.environment:checking '/home/ros-vm/github/auton_sys-23/utils/install/rover_utils/lib/python3.8/site-packages'
[11.801s] Level 1:colcon.colcon_core.shell:create_environment_hook('rover_utils', 'pythonpath')
[11.802s] INFO:colcon.colcon_core.shell:Creating environment hook '/home/ros-vm/github/auton_sys-23/utils/install/rover_utils/share/rover_utils/hook/pythonpath.ps1'
[11.802s] INFO:colcon.colcon_core.shell:Creating environment descriptor '/home/ros-vm/github/auton_sys-23/utils/install/rover_utils/share/rover_utils/hook/pythonpath.dsv'
[11.803s] INFO:colcon.colcon_core.shell:Creating environment hook '/home/ros-vm/github/auton_sys-23/utils/install/rover_utils/share/rover_utils/hook/pythonpath.sh'
[11.804s] Level 1:colcon.colcon_core.environment:checking '/home/ros-vm/github/auton_sys-23/utils/install/rover_utils/bin'
[11.805s] INFO:colcon.colcon_core.shell:Creating package script '/home/ros-vm/github/auton_sys-23/utils/install/rover_utils/share/rover_utils/package.ps1'
[11.806s] INFO:colcon.colcon_core.shell:Creating package descriptor '/home/ros-vm/github/auton_sys-23/utils/install/rover_utils/share/rover_utils/package.dsv'
[11.807s] INFO:colcon.colcon_core.shell:Creating package script '/home/ros-vm/github/auton_sys-23/utils/install/rover_utils/share/rover_utils/package.sh'
[11.807s] INFO:colcon.colcon_core.shell:Creating package script '/home/ros-vm/github/auton_sys-23/utils/install/rover_utils/share/rover_utils/package.bash'
[11.808s] INFO:colcon.colcon_core.shell:Creating package script '/home/ros-vm/github/auton_sys-23/utils/install/rover_utils/share/rover_utils/package.zsh'
[11.808s] Level 1:colcon.colcon_core.environment:create_file_with_runtime_dependencies(/home/ros-vm/github/auton_sys-23/utils/install/rover_utils/share/colcon-core/packages/rover_utils)
[11.811s] DEBUG:colcon.colcon_parallel_executor.executor.parallel:closing loop
[11.811s] DEBUG:colcon.colcon_parallel_executor.executor.parallel:loop closed
[11.811s] DEBUG:colcon.colcon_parallel_executor.executor.parallel:run_until_complete finished with '0'
[11.811s] DEBUG:colcon.colcon_core.event_reactor:joining thread
[11.825s] INFO:colcon.colcon_core.plugin_system:Skipping extension 'colcon_notification.desktop_notification.terminal_notifier': Not used on non-Darwin systems
[11.825s] INFO:colcon.colcon_core.plugin_system:Skipping extension 'colcon_notification.desktop_notification.win32': Not used on non-Windows systems
[11.825s] INFO:colcon.colcon_notification.desktop_notification:Sending desktop notification using 'notify2'
[11.855s] DEBUG:colcon.colcon_core.event_reactor:joined thread
[11.858s] INFO:colcon.colcon_core.shell:Creating prefix script '/home/ros-vm/github/auton_sys-23/utils/install/local_setup.ps1'
[11.860s] INFO:colcon.colcon_core.shell:Creating prefix util module '/home/ros-vm/github/auton_sys-23/utils/install/_local_setup_util_ps1.py'
[11.864s] INFO:colcon.colcon_core.shell:Creating prefix chain script '/home/ros-vm/github/auton_sys-23/utils/install/setup.ps1'
[11.866s] INFO:colcon.colcon_core.shell:Creating prefix script '/home/ros-vm/github/auton_sys-23/utils/install/local_setup.sh'
[11.867s] INFO:colcon.colcon_core.shell:Creating prefix util module '/home/ros-vm/github/auton_sys-23/utils/install/_local_setup_util_sh.py'
[11.868s] INFO:colcon.colcon_core.shell:Creating prefix chain script '/home/ros-vm/github/auton_sys-23/utils/install/setup.sh'
[11.872s] INFO:colcon.colcon_core.shell:Creating prefix script '/home/ros-vm/github/auton_sys-23/utils/install/local_setup.bash'
[11.874s] INFO:colcon.colcon_core.shell:Creating prefix chain script '/home/ros-vm/github/auton_sys-23/utils/install/setup.bash'
[11.877s] INFO:colcon.colcon_core.shell:Creating prefix script '/home/ros-vm/github/auton_sys-23/utils/install/local_setup.zsh'
[11.879s] INFO:colcon.colcon_core.shell:Creating prefix chain script '/home/ros-vm/github/auton_sys-23/utils/install/setup.zsh'
