[0.035s] Invoking command in '/home/ros-vm/github/auton_sys-23/utils/build/rover_utils': /usr/bin/cmake --build /home/ros-vm/github/auton_sys-23/utils/build/rover_utils -- -j2 -l2
[0.074s] -- Found ament_cmake: 0.9.9 (/home/ros-vm/ros2_foxy/ros2-linux/share/ament_cmake/cmake)
[0.099s] -- Found PythonInterp: /usr/bin/python3 (found suitable version "3.8.10", minimum required is "3") 
[0.100s] -- Using PYTHON_EXECUTABLE: /usr/bin/python3
[0.297s] -- Found ament_lint_auto: 0.9.6 (/home/ros-vm/ros2_foxy/ros2-linux/share/ament_lint_auto/cmake)
[0.369s] -- Found rosidl_default_generators: 1.0.1 (/home/ros-vm/ros2_foxy/ros2-linux/share/rosidl_default_generators/cmake)
[0.372s] -- Using all available rosidl_typesupport_c: rosidl_typesupport_connext_c;rosidl_typesupport_fastrtps_c;rosidl_typesupport_introspection_c
[0.377s] -- Found rosidl_adapter: 1.2.1 (/home/ros-vm/ros2_foxy/ros2-linux/share/rosidl_adapter/cmake)
[0.394s] -- Could not find RTI Connext - skipping rosidl_typesupport_connext_c
[0.424s] -- Could not find RTI Connext - skipping rosidl_typesupport_connext_cpp
[0.550s] -- Using all available rosidl_typesupport_cpp: rosidl_typesupport_connext_cpp;rosidl_typesupport_fastrtps_cpp;rosidl_typesupport_introspection_cpp
[0.598s] -- Found PythonInterp: /usr/bin/python3 (found version "3.8.10") 
[0.742s] -- Found ament_cmake_ros: 0.9.2 (/home/ros-vm/ros2_foxy/ros2-linux/share/ament_cmake_ros/cmake)
[0.867s] -- Using all available rosidl_typesupport_c: rosidl_typesupport_connext_c;rosidl_typesupport_fastrtps_c;rosidl_typesupport_introspection_c
[0.893s] -- Using all available rosidl_typesupport_cpp: rosidl_typesupport_connext_cpp;rosidl_typesupport_fastrtps_cpp;rosidl_typesupport_introspection_cpp
[0.931s] -- Found PythonInterp: /usr/bin/python3 (found suitable version "3.8.10", minimum required is "3.5") 
[0.932s] -- Found python_cmake_module: 0.8.1 (/home/ros-vm/ros2_foxy/ros2-linux/share/python_cmake_module/cmake)
[0.963s] -- Using PYTHON_EXECUTABLE: /usr/bin/python3
[0.963s] -- Using PYTHON_INCLUDE_DIRS: /usr/include/python3.8
[0.964s] -- Using PYTHON_LIBRARIES: /usr/lib/x86_64-linux-gnu/libpython3.8.so
[0.992s] -- Added test 'copyright' to check source files copyright and LICENSE
[0.994s] -- Added test 'lint_cmake' to check CMake code style
[0.996s] -- Added test 'xmllint' to check XML markup files
[1.002s] -- Configuring done
[1.072s] -- Generating done
[1.077s] -- Build files have been written to: /home/ros-vm/github/auton_sys-23/utils/build/rover_utils
[1.114s] [  3%] [34m[1mGenerating C code for ROS interfaces[0m
[1.127s] [  6%] [34m[1mGenerating C++ code for ROS interfaces[0m
[1.546s] [  6%] Built target rover_utils__cpp
[1.550s] [35m[1mScanning dependencies of target rover_utils__rosidl_generator_c[0m
[1.563s] [  9%] [34m[1mGenerating C++ type support dispatch for ROS interfaces[0m
[1.574s] [ 12%] [32mBuilding C object CMakeFiles/rover_utils__rosidl_generator_c.dir/rosidl_generator_c/rover_utils/action/detail/minimal_walk__functions.c.o[0m
[1.672s] [ 16%] [32m[1mLinking C shared library librover_utils__rosidl_generator_c.so[0m
[1.731s] [ 16%] Built target rover_utils__rosidl_generator_c
[1.747s] [ 19%] [34m[1mGenerating C++ type support for eProsima Fast-RTPS[0m
[1.849s] [35m[1mScanning dependencies of target rover_utils__rosidl_typesupport_cpp[0m
[1.869s] [ 22%] [32mBuilding CXX object CMakeFiles/rover_utils__rosidl_typesupport_cpp.dir/rosidl_typesupport_cpp/rover_utils/action/minimal_walk__type_support.cpp.o[0m
[2.157s] [35m[1mScanning dependencies of target rover_utils__rosidl_typesupport_fastrtps_cpp[0m
[2.182s] [ 25%] [32mBuilding CXX object CMakeFiles/rover_utils__rosidl_typesupport_fastrtps_cpp.dir/rosidl_typesupport_fastrtps_cpp/rover_utils/action/detail/dds_fastrtps/minimal_walk__type_support.cpp.o[0m
[2.261s] [ 29%] [32m[1mLinking CXX shared library librover_utils__rosidl_typesupport_cpp.so[0m
[2.326s] [ 29%] Built target rover_utils__rosidl_typesupport_cpp
[2.343s] [ 32%] [34m[1mGenerating C++ introspection for ROS interfaces[0m
[2.676s] [35m[1mScanning dependencies of target rover_utils__rosidl_typesupport_introspection_cpp[0m
[2.695s] [ 35%] [32mBuilding CXX object CMakeFiles/rover_utils__rosidl_typesupport_introspection_cpp.dir/rosidl_typesupport_introspection_cpp/rover_utils/action/detail/minimal_walk__type_support.cpp.o[0m
[2.775s] [ 38%] [32m[1mLinking CXX shared library librover_utils__rosidl_typesupport_fastrtps_cpp.so[0m
[2.914s] [ 38%] Built target rover_utils__rosidl_typesupport_fastrtps_cpp
[2.935s] [ 41%] [34m[1mGenerating C type support dispatch for ROS interfaces[0m
[3.111s] [ 45%] [32m[1mLinking CXX shared library librover_utils__rosidl_typesupport_introspection_cpp.so[0m
[3.210s] [35m[1mScanning dependencies of target rover_utils__rosidl_typesupport_c[0m
[3.225s] [ 45%] Built target rover_utils__rosidl_typesupport_introspection_cpp
[3.235s] [ 48%] [32mBuilding CXX object CMakeFiles/rover_utils__rosidl_typesupport_c.dir/rosidl_typesupport_c/rover_utils/action/minimal_walk__type_support.cpp.o[0m
[3.243s] [ 51%] [34m[1mGenerating C introspection for ROS interfaces[0m
[3.295s] [ 54%] [32m[1mLinking CXX shared library librover_utils__rosidl_typesupport_c.so[0m
[3.355s] [ 54%] Built target rover_utils__rosidl_typesupport_c
[3.373s] [ 58%] [34m[1mGenerating C type support for eProsima Fast-RTPS[0m
[3.603s] [35m[1mScanning dependencies of target rover_utils__rosidl_typesupport_introspection_c[0m
[3.626s] [ 61%] [32mBuilding C object CMakeFiles/rover_utils__rosidl_typesupport_introspection_c.dir/rosidl_typesupport_introspection_c/rover_utils/action/detail/minimal_walk__type_support.c.o[0m
[3.683s] [ 64%] [32m[1mLinking C shared library librover_utils__rosidl_typesupport_introspection_c.so[0m
[3.736s] [ 64%] Built target rover_utils__rosidl_typesupport_introspection_c
[3.779s] [35m[1mScanning dependencies of target rover_utils__rosidl_typesupport_fastrtps_c[0m
[3.802s] [ 67%] [32mBuilding CXX object CMakeFiles/rover_utils__rosidl_typesupport_fastrtps_c.dir/rosidl_typesupport_fastrtps_c/rover_utils/action/detail/minimal_walk__type_support_c.cpp.o[0m
[4.233s] [ 70%] [32m[1mLinking CXX shared library librover_utils__rosidl_typesupport_fastrtps_c.so[0m
[4.353s] [ 70%] Built target rover_utils__rosidl_typesupport_fastrtps_c
[4.381s] [ 70%] Built target rover_utils
[4.412s] [ 74%] [34m[1mGenerating Python code for ROS interfaces[0m
[5.271s] [ 74%] Built target rover_utils__py
[5.286s] [35m[1mScanning dependencies of target rover_utils__python[0m
[5.308s] [ 77%] [32mBuilding C object CMakeFiles/rover_utils__python.dir/rosidl_generator_py/rover_utils/action/_minimal_walk_s.c.o[0m
[5.459s] [ 80%] [32m[1mLinking C shared library rosidl_generator_py/rover_utils/librover_utils__python.so[0m
[5.519s] [ 80%] Built target rover_utils__python
[5.538s] [35m[1mScanning dependencies of target rover_utils__rosidl_typesupport_c__pyext[0m
[5.539s] [35m[1mScanning dependencies of target rover_utils__rosidl_typesupport_fastrtps_c__pyext[0m
[5.563s] [ 83%] [32mBuilding C object CMakeFiles/rover_utils__rosidl_typesupport_c__pyext.dir/rosidl_generator_py/rover_utils/_rover_utils_s.ep.rosidl_typesupport_c.c.o[0m
[5.566s] [ 87%] [32mBuilding C object CMakeFiles/rover_utils__rosidl_typesupport_fastrtps_c__pyext.dir/rosidl_generator_py/rover_utils/_rover_utils_s.ep.rosidl_typesupport_fastrtps_c.c.o[0m
[5.685s] [ 90%] [32m[1mLinking C shared library rosidl_generator_py/rover_utils/rover_utils_s__rosidl_typesupport_c.cpython-38-x86_64-linux-gnu.so[0m
[5.689s] [ 93%] [32m[1mLinking CXX shared library rosidl_generator_py/rover_utils/rover_utils_s__rosidl_typesupport_fastrtps_c.cpython-38-x86_64-linux-gnu.so[0m
[5.750s] [ 93%] Built target rover_utils__rosidl_typesupport_c__pyext
[5.767s] [35m[1mScanning dependencies of target rover_utils__rosidl_typesupport_introspection_c__pyext[0m
[5.789s] [ 93%] Built target rover_utils__rosidl_typesupport_fastrtps_c__pyext
[5.789s] [ 96%] [32mBuilding C object CMakeFiles/rover_utils__rosidl_typesupport_introspection_c__pyext.dir/rosidl_generator_py/rover_utils/_rover_utils_s.ep.rosidl_typesupport_introspection_c.c.o[0m
[5.912s] [100%] [32m[1mLinking C shared library rosidl_generator_py/rover_utils/rover_utils_s__rosidl_typesupport_introspection_c.cpython-38-x86_64-linux-gnu.so[0m
[5.974s] [100%] Built target rover_utils__rosidl_typesupport_introspection_c__pyext
[5.991s] Invoked command in '/home/ros-vm/github/auton_sys-23/utils/build/rover_utils' returned '0': /usr/bin/cmake --build /home/ros-vm/github/auton_sys-23/utils/build/rover_utils -- -j2 -l2
[6.129s] Invoking command in '/home/ros-vm/github/auton_sys-23/utils/build/rover_utils': /usr/bin/cmake --install /home/ros-vm/github/auton_sys-23/utils/build/rover_utils
[6.141s] -- Install configuration: ""
[6.141s] -- Up-to-date: /home/ros-vm/github/auton_sys-23/utils/install/rover_utils/share/ament_index/resource_index/rosidl_interfaces/rover_utils
[6.142s] -- Up-to-date: /home/ros-vm/github/auton_sys-23/utils/install/rover_utils/include/rover_utils
[6.142s] -- Up-to-date: /home/ros-vm/github/auton_sys-23/utils/install/rover_utils/include/rover_utils/action
[6.142s] -- Up-to-date: /home/ros-vm/github/auton_sys-23/utils/install/rover_utils/include/rover_utils/action/detail
[6.142s] -- Installing: /home/ros-vm/github/auton_sys-23/utils/install/rover_utils/include/rover_utils/action/detail/minimal_walk__struct.h
[6.142s] -- Installing: /home/ros-vm/github/auton_sys-23/utils/install/rover_utils/include/rover_utils/action/detail/minimal_walk__functions.c
[6.142s] -- Installing: /home/ros-vm/github/auton_sys-23/utils/install/rover_utils/include/rover_utils/action/detail/minimal_walk__functions.h
[6.143s] -- Installing: /home/ros-vm/github/auton_sys-23/utils/install/rover_utils/include/rover_utils/action/detail/minimal_walk__type_support.h
[6.143s] -- Installing: /home/ros-vm/github/auton_sys-23/utils/install/rover_utils/include/rover_utils/action/minimal_walk.h
[6.143s] -- Up-to-date: /home/ros-vm/github/auton_sys-23/utils/install/rover_utils/include/rover_utils/msg
[6.143s] -- Up-to-date: /home/ros-vm/github/auton_sys-23/utils/install/rover_utils/include/rover_utils/msg/rosidl_generator_c__visibility_control.h
[6.144s] -- Up-to-date: /home/ros-vm/github/auton_sys-23/utils/install/rover_utils/share/rover_utils/environment/library_path.sh
[6.144s] -- Installing: /home/ros-vm/github/auton_sys-23/utils/install/rover_utils/share/rover_utils/environment/library_path.dsv
[6.145s] -- Installing: /home/ros-vm/github/auton_sys-23/utils/install/rover_utils/lib/librover_utils__rosidl_generator_c.so
[6.146s] -- Set runtime path of "/home/ros-vm/github/auton_sys-23/utils/install/rover_utils/lib/librover_utils__rosidl_generator_c.so" to ""
[6.146s] -- Up-to-date: /home/ros-vm/github/auton_sys-23/utils/install/rover_utils/include/rover_utils
[6.147s] -- Up-to-date: /home/ros-vm/github/auton_sys-23/utils/install/rover_utils/include/rover_utils/action
[6.147s] -- Up-to-date: /home/ros-vm/github/auton_sys-23/utils/install/rover_utils/include/rover_utils/action/detail
[6.147s] -- Installing: /home/ros-vm/github/auton_sys-23/utils/install/rover_utils/include/rover_utils/action/detail/minimal_walk__rosidl_typesupport_fastrtps_c.h
[6.147s] -- Up-to-date: /home/ros-vm/github/auton_sys-23/utils/install/rover_utils/include/rover_utils/msg
[6.147s] -- Up-to-date: /home/ros-vm/github/auton_sys-23/utils/install/rover_utils/include/rover_utils/msg/rosidl_typesupport_fastrtps_c__visibility_control.h
[6.147s] -- Installing: /home/ros-vm/github/auton_sys-23/utils/install/rover_utils/lib/librover_utils__rosidl_typesupport_fastrtps_c.so
[6.148s] -- Set runtime path of "/home/ros-vm/github/auton_sys-23/utils/install/rover_utils/lib/librover_utils__rosidl_typesupport_fastrtps_c.so" to ""
[6.148s] -- Up-to-date: /home/ros-vm/github/auton_sys-23/utils/install/rover_utils/include/rover_utils
[6.148s] -- Up-to-date: /home/ros-vm/github/auton_sys-23/utils/install/rover_utils/include/rover_utils/action
[6.148s] -- Up-to-date: /home/ros-vm/github/auton_sys-23/utils/install/rover_utils/include/rover_utils/action/detail
[6.149s] -- Installing: /home/ros-vm/github/auton_sys-23/utils/install/rover_utils/include/rover_utils/action/detail/minimal_walk__rosidl_typesupport_fastrtps_cpp.hpp
[6.149s] -- Up-to-date: /home/ros-vm/github/auton_sys-23/utils/install/rover_utils/include/rover_utils/action/detail/dds_fastrtps
[6.149s] -- Up-to-date: /home/ros-vm/github/auton_sys-23/utils/install/rover_utils/include/rover_utils/msg
[6.149s] -- Up-to-date: /home/ros-vm/github/auton_sys-23/utils/install/rover_utils/include/rover_utils/msg/rosidl_typesupport_fastrtps_cpp__visibility_control.h
[6.149s] -- Installing: /home/ros-vm/github/auton_sys-23/utils/install/rover_utils/lib/librover_utils__rosidl_typesupport_fastrtps_cpp.so
[6.150s] -- Set runtime path of "/home/ros-vm/github/auton_sys-23/utils/install/rover_utils/lib/librover_utils__rosidl_typesupport_fastrtps_cpp.so" to ""
[6.150s] -- Up-to-date: /home/ros-vm/github/auton_sys-23/utils/install/rover_utils/include/rover_utils
[6.150s] -- Up-to-date: /home/ros-vm/github/auton_sys-23/utils/install/rover_utils/include/rover_utils/action
[6.150s] -- Up-to-date: /home/ros-vm/github/auton_sys-23/utils/install/rover_utils/include/rover_utils/action/detail
[6.150s] -- Installing: /home/ros-vm/github/auton_sys-23/utils/install/rover_utils/include/rover_utils/action/detail/minimal_walk__type_support.c
[6.151s] -- Installing: /home/ros-vm/github/auton_sys-23/utils/install/rover_utils/include/rover_utils/action/detail/minimal_walk__rosidl_typesupport_introspection_c.h
[6.151s] -- Up-to-date: /home/ros-vm/github/auton_sys-23/utils/install/rover_utils/include/rover_utils/msg
[6.151s] -- Up-to-date: /home/ros-vm/github/auton_sys-23/utils/install/rover_utils/include/rover_utils/msg/rosidl_typesupport_introspection_c__visibility_control.h
[6.151s] -- Installing: /home/ros-vm/github/auton_sys-23/utils/install/rover_utils/lib/librover_utils__rosidl_typesupport_introspection_c.so
[6.152s] -- Set runtime path of "/home/ros-vm/github/auton_sys-23/utils/install/rover_utils/lib/librover_utils__rosidl_typesupport_introspection_c.so" to ""
[6.152s] -- Installing: /home/ros-vm/github/auton_sys-23/utils/install/rover_utils/lib/librover_utils__rosidl_typesupport_c.so
[6.153s] -- Set runtime path of "/home/ros-vm/github/auton_sys-23/utils/install/rover_utils/lib/librover_utils__rosidl_typesupport_c.so" to ""
[6.153s] -- Up-to-date: /home/ros-vm/github/auton_sys-23/utils/install/rover_utils/include/rover_utils
[6.153s] -- Up-to-date: /home/ros-vm/github/auton_sys-23/utils/install/rover_utils/include/rover_utils/action
[6.153s] -- Installing: /home/ros-vm/github/auton_sys-23/utils/install/rover_utils/include/rover_utils/action/minimal_walk.hpp
[6.154s] -- Up-to-date: /home/ros-vm/github/auton_sys-23/utils/install/rover_utils/include/rover_utils/action/detail
[6.154s] -- Installing: /home/ros-vm/github/auton_sys-23/utils/install/rover_utils/include/rover_utils/action/detail/minimal_walk__struct.hpp
[6.154s] -- Installing: /home/ros-vm/github/auton_sys-23/utils/install/rover_utils/include/rover_utils/action/detail/minimal_walk__builder.hpp
[6.154s] -- Installing: /home/ros-vm/github/auton_sys-23/utils/install/rover_utils/include/rover_utils/action/detail/minimal_walk__traits.hpp
[6.155s] -- Up-to-date: /home/ros-vm/github/auton_sys-23/utils/install/rover_utils/include/rover_utils
[6.155s] -- Up-to-date: /home/ros-vm/github/auton_sys-23/utils/install/rover_utils/include/rover_utils/action
[6.155s] -- Up-to-date: /home/ros-vm/github/auton_sys-23/utils/install/rover_utils/include/rover_utils/action/detail
[6.155s] -- Installing: /home/ros-vm/github/auton_sys-23/utils/install/rover_utils/include/rover_utils/action/detail/minimal_walk__type_support.cpp
[6.155s] -- Installing: /home/ros-vm/github/auton_sys-23/utils/install/rover_utils/include/rover_utils/action/detail/minimal_walk__rosidl_typesupport_introspection_cpp.hpp
[6.156s] -- Installing: /home/ros-vm/github/auton_sys-23/utils/install/rover_utils/lib/librover_utils__rosidl_typesupport_introspection_cpp.so
[6.156s] -- Set runtime path of "/home/ros-vm/github/auton_sys-23/utils/install/rover_utils/lib/librover_utils__rosidl_typesupport_introspection_cpp.so" to ""
[6.157s] -- Installing: /home/ros-vm/github/auton_sys-23/utils/install/rover_utils/lib/librover_utils__rosidl_typesupport_cpp.so
[6.157s] -- Set runtime path of "/home/ros-vm/github/auton_sys-23/utils/install/rover_utils/lib/librover_utils__rosidl_typesupport_cpp.so" to ""
[6.157s] -- Up-to-date: /home/ros-vm/github/auton_sys-23/utils/install/rover_utils/share/rover_utils/environment/pythonpath.sh
[6.157s] -- Installing: /home/ros-vm/github/auton_sys-23/utils/install/rover_utils/share/rover_utils/environment/pythonpath.dsv
[6.158s] -- Installing: /home/ros-vm/github/auton_sys-23/utils/install/rover_utils/lib/python3.8/site-packages/rover_utils/__init__.py
[6.192s] Compiling '/home/ros-vm/github/auton_sys-23/utils/install/rover_utils/lib/python3.8/site-packages/rover_utils/__init__.py'...
[6.196s] -- Up-to-date: /home/ros-vm/github/auton_sys-23/utils/install/rover_utils/lib/python3.8/site-packages/rover_utils/action
[6.197s] -- Installing: /home/ros-vm/github/auton_sys-23/utils/install/rover_utils/lib/python3.8/site-packages/rover_utils/action/_minimal_walk_s.c
[6.197s] -- Installing: /home/ros-vm/github/auton_sys-23/utils/install/rover_utils/lib/python3.8/site-packages/rover_utils/action/_minimal_walk.py
[6.197s] -- Installing: /home/ros-vm/github/auton_sys-23/utils/install/rover_utils/lib/python3.8/site-packages/rover_utils/action/__init__.py
[6.198s] -- Installing: /home/ros-vm/github/auton_sys-23/utils/install/rover_utils/lib/python3.8/site-packages/rover_utils/rover_utils_s__rosidl_typesupport_fastrtps_c.cpython-38-x86_64-linux-gnu.so
[6.198s] -- Set runtime path of "/home/ros-vm/github/auton_sys-23/utils/install/rover_utils/lib/python3.8/site-packages/rover_utils/rover_utils_s__rosidl_typesupport_fastrtps_c.cpython-38-x86_64-linux-gnu.so" to ""
[6.199s] -- Installing: /home/ros-vm/github/auton_sys-23/utils/install/rover_utils/lib/python3.8/site-packages/rover_utils/rover_utils_s__rosidl_typesupport_introspection_c.cpython-38-x86_64-linux-gnu.so
[6.199s] -- Set runtime path of "/home/ros-vm/github/auton_sys-23/utils/install/rover_utils/lib/python3.8/site-packages/rover_utils/rover_utils_s__rosidl_typesupport_introspection_c.cpython-38-x86_64-linux-gnu.so" to ""
[6.200s] -- Installing: /home/ros-vm/github/auton_sys-23/utils/install/rover_utils/lib/python3.8/site-packages/rover_utils/rover_utils_s__rosidl_typesupport_c.cpython-38-x86_64-linux-gnu.so
[6.200s] -- Set runtime path of "/home/ros-vm/github/auton_sys-23/utils/install/rover_utils/lib/python3.8/site-packages/rover_utils/rover_utils_s__rosidl_typesupport_c.cpython-38-x86_64-linux-gnu.so" to ""
[6.201s] -- Installing: /home/ros-vm/github/auton_sys-23/utils/install/rover_utils/lib/librover_utils__python.so
[6.201s] -- Set runtime path of "/home/ros-vm/github/auton_sys-23/utils/install/rover_utils/lib/librover_utils__python.so" to ""
[6.201s] -- Installing: /home/ros-vm/github/auton_sys-23/utils/install/rover_utils/share/rover_utils/action/MinimalWalk.idl
[6.202s] -- Installing: /home/ros-vm/github/auton_sys-23/utils/install/rover_utils/share/rover_utils/action/MinimalWalk.action
[6.202s] -- Installing: /home/ros-vm/github/auton_sys-23/utils/install/rover_utils/share/ament_index/resource_index/package_run_dependencies/rover_utils
[6.202s] -- Installing: /home/ros-vm/github/auton_sys-23/utils/install/rover_utils/share/ament_index/resource_index/parent_prefix_path/rover_utils
[6.202s] -- Up-to-date: /home/ros-vm/github/auton_sys-23/utils/install/rover_utils/share/rover_utils/environment/ament_prefix_path.sh
[6.203s] -- Installing: /home/ros-vm/github/auton_sys-23/utils/install/rover_utils/share/rover_utils/environment/ament_prefix_path.dsv
[6.203s] -- Up-to-date: /home/ros-vm/github/auton_sys-23/utils/install/rover_utils/share/rover_utils/environment/path.sh
[6.203s] -- Installing: /home/ros-vm/github/auton_sys-23/utils/install/rover_utils/share/rover_utils/environment/path.dsv
[6.203s] -- Up-to-date: /home/ros-vm/github/auton_sys-23/utils/install/rover_utils/share/rover_utils/local_setup.bash
[6.203s] -- Up-to-date: /home/ros-vm/github/auton_sys-23/utils/install/rover_utils/share/rover_utils/local_setup.sh
[6.204s] -- Up-to-date: /home/ros-vm/github/auton_sys-23/utils/install/rover_utils/share/rover_utils/local_setup.zsh
[6.204s] -- Installing: /home/ros-vm/github/auton_sys-23/utils/install/rover_utils/share/rover_utils/local_setup.dsv
[6.204s] -- Installing: /home/ros-vm/github/auton_sys-23/utils/install/rover_utils/share/rover_utils/package.dsv
[6.204s] -- Up-to-date: /home/ros-vm/github/auton_sys-23/utils/install/rover_utils/share/ament_index/resource_index/packages/rover_utils
[6.204s] -- Up-to-date: /home/ros-vm/github/auton_sys-23/utils/install/rover_utils/share/rover_utils/cmake/rover_utils__rosidl_generator_cExport.cmake
[6.204s] -- Installing: /home/ros-vm/github/auton_sys-23/utils/install/rover_utils/share/rover_utils/cmake/rover_utils__rosidl_generator_cExport-noconfig.cmake
[6.205s] -- Up-to-date: /home/ros-vm/github/auton_sys-23/utils/install/rover_utils/share/rover_utils/cmake/rover_utils__rosidl_typesupport_introspection_cExport.cmake
[6.205s] -- Installing: /home/ros-vm/github/auton_sys-23/utils/install/rover_utils/share/rover_utils/cmake/rover_utils__rosidl_typesupport_introspection_cExport-noconfig.cmake
[6.205s] -- Up-to-date: /home/ros-vm/github/auton_sys-23/utils/install/rover_utils/share/rover_utils/cmake/rover_utils__rosidl_typesupport_cExport.cmake
[6.205s] -- Installing: /home/ros-vm/github/auton_sys-23/utils/install/rover_utils/share/rover_utils/cmake/rover_utils__rosidl_typesupport_cExport-noconfig.cmake
[6.206s] -- Up-to-date: /home/ros-vm/github/auton_sys-23/utils/install/rover_utils/share/rover_utils/cmake/rover_utils__rosidl_generator_cppExport.cmake
[6.206s] -- Up-to-date: /home/ros-vm/github/auton_sys-23/utils/install/rover_utils/share/rover_utils/cmake/rover_utils__rosidl_typesupport_introspection_cppExport.cmake
[6.206s] -- Installing: /home/ros-vm/github/auton_sys-23/utils/install/rover_utils/share/rover_utils/cmake/rover_utils__rosidl_typesupport_introspection_cppExport-noconfig.cmake
[6.206s] -- Up-to-date: /home/ros-vm/github/auton_sys-23/utils/install/rover_utils/share/rover_utils/cmake/rover_utils__rosidl_typesupport_cppExport.cmake
[6.207s] -- Installing: /home/ros-vm/github/auton_sys-23/utils/install/rover_utils/share/rover_utils/cmake/rover_utils__rosidl_typesupport_cppExport-noconfig.cmake
[6.207s] -- Up-to-date: /home/ros-vm/github/auton_sys-23/utils/install/rover_utils/share/rover_utils/cmake/rosidl_cmake-extras.cmake
[6.207s] -- Up-to-date: /home/ros-vm/github/auton_sys-23/utils/install/rover_utils/share/rover_utils/cmake/ament_cmake_export_dependencies-extras.cmake
[6.207s] -- Up-to-date: /home/ros-vm/github/auton_sys-23/utils/install/rover_utils/share/rover_utils/cmake/ament_cmake_export_libraries-extras.cmake
[6.207s] -- Up-to-date: /home/ros-vm/github/auton_sys-23/utils/install/rover_utils/share/rover_utils/cmake/ament_cmake_export_targets-extras.cmake
[6.208s] -- Up-to-date: /home/ros-vm/github/auton_sys-23/utils/install/rover_utils/share/rover_utils/cmake/ament_cmake_export_include_directories-extras.cmake
[6.208s] -- Up-to-date: /home/ros-vm/github/auton_sys-23/utils/install/rover_utils/share/rover_utils/cmake/rosidl_cmake_export_typesupport_libraries-extras.cmake
[6.208s] -- Up-to-date: /home/ros-vm/github/auton_sys-23/utils/install/rover_utils/share/rover_utils/cmake/rosidl_cmake_export_typesupport_targets-extras.cmake
[6.208s] -- Up-to-date: /home/ros-vm/github/auton_sys-23/utils/install/rover_utils/share/rover_utils/cmake/rover_utilsConfig.cmake
[6.208s] -- Up-to-date: /home/ros-vm/github/auton_sys-23/utils/install/rover_utils/share/rover_utils/cmake/rover_utilsConfig-version.cmake
[6.208s] -- Installing: /home/ros-vm/github/auton_sys-23/utils/install/rover_utils/share/rover_utils/package.xml
[6.212s] Invoked command in '/home/ros-vm/github/auton_sys-23/utils/build/rover_utils' returned '0': /usr/bin/cmake --install /home/ros-vm/github/auton_sys-23/utils/build/rover_utils
